2025-08-09 20:07:29,069 | INFO | [LOGGING] Output is being saved to: logs/tts_generation_20250809_200729.log
2025-08-09 20:07:29,141 | INFO | Generating pause/0 (en-US-AvaMultilingualNeural) to pause_0_en-US-AvaMultilingualNeural.wav
2025-08-09 20:07:29,538 | INFO | Generating pause/0 (en-US-AndrewMultilingualNeural) to pause_0_en-US-AndrewMultilingualNeural.wav
2025-08-09 20:07:29,624 | INFO | Generating pause/0 (en-US-EmmaMultilingualNeural) to pause_0_en-US-EmmaMultilingualNeural.wav
2025-08-09 20:07:29,701 | INFO | Generating pause/0 (en-US-AlloyTurboMultilingualNeural) to pause_0_en-US-AlloyTurboMultilingualNeural.wav
2025-08-09 20:07:29,779 | INFO | Generating pause/0 (en-US-EchoTurboMultilingualNeural) to pause_0_en-US-EchoTurboMultilingualNeural.wav
2025-08-09 20:07:29,848 | INFO | Generating pause/0 (en-US-FableTurboMultilingualNeural) to pause_0_en-US-FableTurboMultilingualNeural.wav
2025-08-09 20:07:30,652 | INFO | Generating pause/0 (en-US-OnyxTurboMultilingualNeural) to pause_0_en-US-OnyxTurboMultilingualNeural.wav
2025-08-09 20:07:31,412 | INFO | Generating pause/0 (en-US-NovaTurboMultilingualNeural) to pause_0_en-US-NovaTurboMultilingualNeural.wav
2025-08-09 20:07:32,218 | INFO | Generating pause/0 (en-US-ShimmerTurboMultilingualNeural) to pause_0_en-US-ShimmerTurboMultilingualNeural.wav
2025-08-09 20:07:33,106 | INFO | Generating pause/0 (en-US-BrianMultilingualNeural) to pause_0_en-US-BrianMultilingualNeural.wav
2025-08-09 20:07:33,603 | INFO | Generating pause/0 (en-US-AvaNeural) to pause_0_en-US-AvaNeural.wav
2025-08-09 20:07:33,956 | INFO | Generating pause/0 (en-US-AndrewNeural) to pause_0_en-US-AndrewNeural.wav
2025-08-09 20:07:34,719 | INFO | Generating pause/0 (en-US-EmmaNeural) to pause_0_en-US-EmmaNeural.wav
2025-08-09 20:07:35,582 | INFO | Generating pause/0 (en-US-BrianNeural) to pause_0_en-US-BrianNeural.wav
2025-08-09 20:07:36,050 | INFO | Generating pause/0 (en-US-JennyNeural) to pause_0_en-US-JennyNeural.wav
2025-08-09 20:07:36,228 | INFO | Generating pause/0 (en-US-GuyNeural) to pause_0_en-US-GuyNeural.wav
2025-08-09 20:07:36,379 | INFO | Generating pause/0 (en-US-AriaNeural) to pause_0_en-US-AriaNeural.wav
2025-08-09 20:07:36,558 | INFO | Generating pause/0 (en-US-DavisNeural) to pause_0_en-US-DavisNeural.wav
2025-08-09 20:07:36,801 | INFO | Generating pause/0 (en-US-JaneNeural) to pause_0_en-US-JaneNeural.wav
2025-08-09 20:07:37,063 | INFO | Generating pause/0 (en-US-JasonNeural) to pause_0_en-US-JasonNeural.wav
2025-08-09 20:07:37,352 | INFO | Generating pause/0 (en-US-KaiNeural) to pause_0_en-US-KaiNeural.wav
2025-08-09 20:07:37,824 | INFO | Generating pause/0 (en-US-LunaNeural) to pause_0_en-US-LunaNeural.wav
2025-08-09 20:07:38,315 | INFO | Generating pause/0 (en-US-SaraNeural) to pause_0_en-US-SaraNeural.wav
2025-08-09 20:07:38,567 | INFO | Generating pause/0 (en-US-TonyNeural) to pause_0_en-US-TonyNeural.wav
2025-08-09 20:07:38,811 | INFO | Generating pause/0 (en-US-NancyNeural) to pause_0_en-US-NancyNeural.wav
2025-08-09 20:07:39,047 | INFO | Generating pause/0 (en-US-CoraMultilingualNeural) to pause_0_en-US-CoraMultilingualNeural.wav
2025-08-09 20:07:40,121 | INFO | Generating pause/0 (en-US-ChristopherMultilingualNeural) to pause_0_en-US-ChristopherMultilingualNeural.wav
2025-08-09 20:07:41,114 | INFO | Generating pause/0 (en-US-BrandonMultilingualNeural) to pause_0_en-US-BrandonMultilingualNeural.wav
2025-08-09 20:07:42,129 | INFO | Generating pause/0 (en-US-AmberNeural) to pause_0_en-US-AmberNeural.wav
2025-08-09 20:07:42,289 | INFO | Generating pause/0 (en-US-AnaNeural) to pause_0_en-US-AnaNeural.wav
2025-08-09 20:07:42,421 | INFO | Generating pause/0 (en-US-AshleyNeural) to pause_0_en-US-AshleyNeural.wav
2025-08-09 20:07:42,572 | INFO | Generating pause/0 (en-US-BrandonNeural) to pause_0_en-US-BrandonNeural.wav
2025-08-09 20:07:42,687 | INFO | Generating pause/0 (en-US-ChristopherNeural) to pause_0_en-US-ChristopherNeural.wav
2025-08-09 20:07:42,820 | INFO | Generating pause/0 (en-US-CoraNeural) to pause_0_en-US-CoraNeural.wav
2025-08-09 20:07:42,952 | INFO | Generating pause/0 (en-US-ElizabethNeural) to pause_0_en-US-ElizabethNeural.wav
2025-08-09 20:07:43,076 | INFO | Generating pause/0 (en-US-EricNeural) to pause_0_en-US-EricNeural.wav
2025-08-09 20:07:43,199 | INFO | Generating pause/0 (en-US-JacobNeural) to pause_0_en-US-JacobNeural.wav
2025-08-09 20:07:43,341 | INFO | Generating pause/0 (en-US-JennyMultilingualNeural) to pause_0_en-US-JennyMultilingualNeural.wav
2025-08-09 20:07:43,805 | INFO | Generating pause/0 (en-US-MichelleNeural) to pause_0_en-US-MichelleNeural.wav
2025-08-09 20:07:43,929 | INFO | Generating pause/0 (en-US-MonicaNeural) to pause_0_en-US-MonicaNeural.wav
2025-08-09 20:07:44,060 | INFO | Generating pause/0 (en-US-RogerNeural) to pause_0_en-US-RogerNeural.wav
2025-08-09 20:07:44,414 | INFO | Generating pause/0 (en-US-RyanMultilingualNeural) to pause_0_en-US-RyanMultilingualNeural.wav
2025-08-09 20:07:44,750 | INFO | Generating pause/0 (en-US-SteffanMultilingualNeural) to pause_0_en-US-SteffanMultilingualNeural.wav
2025-08-09 20:07:45,756 | INFO | Generating pause/0 (en-US-SteffanNeural) to pause_0_en-US-SteffanNeural.wav
2025-08-09 20:07:46,121 | INFO | Generating pause/0 (en-US-AdamMultilingualNeural) to pause_0_en-US-AdamMultilingualNeural.wav
2025-08-09 20:07:47,091 | INFO | Generating pause/0 (en-US-AIGenerate1Neural) to pause_0_en-US-AIGenerate1Neural.wav
2025-08-09 20:07:47,481 | INFO | Generating pause/0 (en-US-AIGenerate2Neural) to pause_0_en-US-AIGenerate2Neural.wav
2025-08-09 20:07:49,839 | INFO | Generating pause/0 (en-US-AmandaMultilingualNeural) to pause_0_en-US-AmandaMultilingualNeural.wav
2025-08-09 20:07:50,743 | INFO | Generating pause/0 (en-US-AshTurboMultilingualNeural) to pause_0_en-US-AshTurboMultilingualNeural.wav
2025-08-09 20:07:51,739 | INFO | Generating pause/0 (en-US-BlueNeural) to pause_0_en-US-BlueNeural.wav
2025-08-09 20:07:51,992 | INFO | Generating pause/1 (en-US-AvaMultilingualNeural) to pause_1_en-US-AvaMultilingualNeural.wav
2025-08-09 20:07:52,492 | INFO | Generating pause/1 (en-US-AndrewMultilingualNeural) to pause_1_en-US-AndrewMultilingualNeural.wav
2025-08-09 20:07:53,542 | INFO | Generating pause/1 (en-US-EmmaMultilingualNeural) to pause_1_en-US-EmmaMultilingualNeural.wav
2025-08-09 20:07:54,962 | INFO | Generating pause/1 (en-US-AlloyTurboMultilingualNeural) to pause_1_en-US-AlloyTurboMultilingualNeural.wav
2025-08-09 20:07:56,059 | INFO | Generating pause/1 (en-US-EchoTurboMultilingualNeural) to pause_1_en-US-EchoTurboMultilingualNeural.wav
2025-08-09 20:07:57,058 | INFO | Generating pause/1 (en-US-FableTurboMultilingualNeural) to pause_1_en-US-FableTurboMultilingualNeural.wav
2025-08-09 20:07:58,030 | INFO | Generating pause/1 (en-US-OnyxTurboMultilingualNeural) to pause_1_en-US-OnyxTurboMultilingualNeural.wav
2025-08-09 20:07:58,986 | INFO | Generating pause/1 (en-US-NovaTurboMultilingualNeural) to pause_1_en-US-NovaTurboMultilingualNeural.wav
2025-08-09 20:08:00,053 | INFO | Generating pause/1 (en-US-ShimmerTurboMultilingualNeural) to pause_1_en-US-ShimmerTurboMultilingualNeural.wav
2025-08-09 20:08:00,991 | INFO | Generating pause/1 (en-US-BrianMultilingualNeural) to pause_1_en-US-BrianMultilingualNeural.wav
2025-08-09 20:08:01,442 | INFO | Generating pause/1 (en-US-AvaNeural) to pause_1_en-US-AvaNeural.wav
2025-08-09 20:08:01,850 | INFO | Generating pause/1 (en-US-AndrewNeural) to pause_1_en-US-AndrewNeural.wav
2025-08-09 20:08:02,807 | INFO | Generating pause/1 (en-US-EmmaNeural) to pause_1_en-US-EmmaNeural.wav
2025-08-09 20:08:03,892 | INFO | Generating pause/1 (en-US-BrianNeural) to pause_1_en-US-BrianNeural.wav
2025-08-09 20:08:04,346 | INFO | Generating pause/1 (en-US-JennyNeural) to pause_1_en-US-JennyNeural.wav
2025-08-09 20:08:04,469 | INFO | Generating pause/1 (en-US-GuyNeural) to pause_1_en-US-GuyNeural.wav
2025-08-09 20:08:04,602 | INFO | Generating pause/1 (en-US-AriaNeural) to pause_1_en-US-AriaNeural.wav
2025-08-09 20:08:04,743 | INFO | Generating pause/1 (en-US-DavisNeural) to pause_1_en-US-DavisNeural.wav
2025-08-09 20:08:04,977 | INFO | Generating pause/1 (en-US-JaneNeural) to pause_1_en-US-JaneNeural.wav
2025-08-09 20:08:05,204 | INFO | Generating pause/1 (en-US-JasonNeural) to pause_1_en-US-JasonNeural.wav
2025-08-09 20:08:05,447 | INFO | Generating pause/1 (en-US-KaiNeural) to pause_1_en-US-KaiNeural.wav
2025-08-09 20:08:06,075 | INFO | Generating pause/1 (en-US-LunaNeural) to pause_1_en-US-LunaNeural.wav
2025-08-09 20:08:06,518 | INFO | Generating pause/1 (en-US-SaraNeural) to pause_1_en-US-SaraNeural.wav
2025-08-09 20:08:06,817 | INFO | Generating pause/1 (en-US-TonyNeural) to pause_1_en-US-TonyNeural.wav
2025-08-09 20:08:07,034 | INFO | Generating pause/1 (en-US-NancyNeural) to pause_1_en-US-NancyNeural.wav
2025-08-09 20:08:07,278 | INFO | Generating pause/1 (en-US-CoraMultilingualNeural) to pause_1_en-US-CoraMultilingualNeural.wav
2025-08-09 20:08:08,353 | INFO | Generating pause/1 (en-US-ChristopherMultilingualNeural) to pause_1_en-US-ChristopherMultilingualNeural.wav
2025-08-09 20:08:09,476 | INFO | Generating pause/1 (en-US-BrandonMultilingualNeural) to pause_1_en-US-BrandonMultilingualNeural.wav
2025-08-09 20:08:10,912 | INFO | Generating pause/1 (en-US-AmberNeural) to pause_1_en-US-AmberNeural.wav
2025-08-09 20:08:11,035 | INFO | Generating pause/1 (en-US-AnaNeural) to pause_1_en-US-AnaNeural.wav
2025-08-09 20:08:11,197 | INFO | Generating pause/1 (en-US-AshleyNeural) to pause_1_en-US-AshleyNeural.wav
2025-08-09 20:08:11,321 | INFO | Generating pause/1 (en-US-BrandonNeural) to pause_1_en-US-BrandonNeural.wav
2025-08-09 20:08:11,472 | INFO | Generating pause/1 (en-US-ChristopherNeural) to pause_1_en-US-ChristopherNeural.wav
2025-08-09 20:08:11,599 | INFO | Generating pause/1 (en-US-CoraNeural) to pause_1_en-US-CoraNeural.wav
2025-08-09 20:08:11,741 | INFO | Generating pause/1 (en-US-ElizabethNeural) to pause_1_en-US-ElizabethNeural.wav
2025-08-09 20:08:11,874 | INFO | Generating pause/1 (en-US-EricNeural) to pause_1_en-US-EricNeural.wav
2025-08-09 20:08:12,117 | INFO | Generating pause/1 (en-US-JacobNeural) to pause_1_en-US-JacobNeural.wav
2025-08-09 20:08:12,250 | INFO | Generating pause/1 (en-US-JennyMultilingualNeural) to pause_1_en-US-JennyMultilingualNeural.wav
2025-08-09 20:08:12,734 | INFO | Generating pause/1 (en-US-MichelleNeural) to pause_1_en-US-MichelleNeural.wav
2025-08-09 20:08:12,859 | INFO | Generating pause/1 (en-US-MonicaNeural) to pause_1_en-US-MonicaNeural.wav
2025-08-09 20:08:13,009 | INFO | Generating pause/1 (en-US-RogerNeural) to pause_1_en-US-RogerNeural.wav
2025-08-09 20:08:13,409 | INFO | Generating pause/1 (en-US-RyanMultilingualNeural) to pause_1_en-US-RyanMultilingualNeural.wav
2025-08-09 20:08:13,809 | INFO | Generating pause/1 (en-US-SteffanMultilingualNeural) to pause_1_en-US-SteffanMultilingualNeural.wav
2025-08-09 20:08:15,017 | INFO | Generating pause/1 (en-US-SteffanNeural) to pause_1_en-US-SteffanNeural.wav
2025-08-09 20:08:15,389 | INFO | Generating pause/1 (en-US-AdamMultilingualNeural) to pause_1_en-US-AdamMultilingualNeural.wav
2025-08-09 20:08:16,432 | INFO | Generating pause/1 (en-US-AIGenerate1Neural) to pause_1_en-US-AIGenerate1Neural.wav
2025-08-09 20:08:16,868 | INFO | Generating pause/1 (en-US-AIGenerate2Neural) to pause_1_en-US-AIGenerate2Neural.wav
2025-08-09 20:08:18,485 | INFO | Generating pause/1 (en-US-AmandaMultilingualNeural) to pause_1_en-US-AmandaMultilingualNeural.wav
2025-08-09 20:08:19,397 | INFO | Generating pause/1 (en-US-AshTurboMultilingualNeural) to pause_1_en-US-AshTurboMultilingualNeural.wav
2025-08-09 20:08:20,384 | INFO | Generating pause/1 (en-US-BlueNeural) to pause_1_en-US-BlueNeural.wav
2025-08-09 20:08:20,658 | INFO | Generating pause/2 (en-US-AvaMultilingualNeural) to pause_2_en-US-AvaMultilingualNeural.wav
2025-08-09 20:08:21,149 | INFO | Generating pause/2 (en-US-AndrewMultilingualNeural) to pause_2_en-US-AndrewMultilingualNeural.wav
2025-08-09 20:08:22,145 | INFO | Generating pause/2 (en-US-EmmaMultilingualNeural) to pause_2_en-US-EmmaMultilingualNeural.wav
2025-08-09 20:08:23,619 | INFO | Generating pause/2 (en-US-AlloyTurboMultilingualNeural) to pause_2_en-US-AlloyTurboMultilingualNeural.wav
2025-08-09 20:08:24,622 | INFO | Generating pause/2 (en-US-EchoTurboMultilingualNeural) to pause_2_en-US-EchoTurboMultilingualNeural.wav
2025-08-09 20:08:25,631 | INFO | Generating pause/2 (en-US-FableTurboMultilingualNeural) to pause_2_en-US-FableTurboMultilingualNeural.wav
2025-08-09 20:08:26,641 | INFO | Generating pause/2 (en-US-OnyxTurboMultilingualNeural) to pause_2_en-US-OnyxTurboMultilingualNeural.wav
2025-08-09 20:08:27,725 | INFO | Generating pause/2 (en-US-NovaTurboMultilingualNeural) to pause_2_en-US-NovaTurboMultilingualNeural.wav
2025-08-09 20:08:28,735 | INFO | Generating pause/2 (en-US-ShimmerTurboMultilingualNeural) to pause_2_en-US-ShimmerTurboMultilingualNeural.wav
2025-08-09 20:08:29,778 | INFO | Generating pause/2 (en-US-BrianMultilingualNeural) to pause_2_en-US-BrianMultilingualNeural.wav
2025-08-09 20:08:30,244 | INFO | Generating pause/2 (en-US-AvaNeural) to pause_2_en-US-AvaNeural.wav
2025-08-09 20:08:30,619 | INFO | Generating pause/2 (en-US-AndrewNeural) to pause_2_en-US-AndrewNeural.wav
2025-08-09 20:08:31,687 | INFO | Generating pause/2 (en-US-EmmaNeural) to pause_2_en-US-EmmaNeural.wav
2025-08-09 20:08:32,712 | INFO | Generating pause/2 (en-US-BrianNeural) to pause_2_en-US-BrianNeural.wav
2025-08-09 20:08:33,115 | INFO | Generating pause/2 (en-US-JennyNeural) to pause_2_en-US-JennyNeural.wav
2025-08-09 20:08:33,251 | INFO | Generating pause/2 (en-US-GuyNeural) to pause_2_en-US-GuyNeural.wav
2025-08-09 20:08:33,382 | INFO | Generating pause/2 (en-US-AriaNeural) to pause_2_en-US-AriaNeural.wav
2025-08-09 20:08:33,536 | INFO | Generating pause/2 (en-US-DavisNeural) to pause_2_en-US-DavisNeural.wav
2025-08-09 20:08:33,791 | INFO | Generating pause/2 (en-US-JaneNeural) to pause_2_en-US-JaneNeural.wav
2025-08-09 20:08:34,045 | INFO | Generating pause/2 (en-US-JasonNeural) to pause_2_en-US-JasonNeural.wav
2025-08-09 20:08:34,309 | INFO | Generating pause/2 (en-US-KaiNeural) to pause_2_en-US-KaiNeural.wav
2025-08-09 20:08:34,817 | INFO | Generating pause/2 (en-US-LunaNeural) to pause_2_en-US-LunaNeural.wav
2025-08-09 20:08:35,372 | INFO | Generating pause/2 (en-US-SaraNeural) to pause_2_en-US-SaraNeural.wav
2025-08-09 20:08:35,652 | INFO | Generating pause/2 (en-US-TonyNeural) to pause_2_en-US-TonyNeural.wav
2025-08-09 20:08:35,878 | INFO | Generating pause/2 (en-US-NancyNeural) to pause_2_en-US-NancyNeural.wav
2025-08-09 20:08:36,141 | INFO | Generating pause/2 (en-US-CoraMultilingualNeural) to pause_2_en-US-CoraMultilingualNeural.wav
2025-08-09 20:08:37,382 | INFO | Generating pause/2 (en-US-ChristopherMultilingualNeural) to pause_2_en-US-ChristopherMultilingualNeural.wav
2025-08-09 20:08:38,414 | INFO | Generating pause/2 (en-US-BrandonMultilingualNeural) to pause_2_en-US-BrandonMultilingualNeural.wav
2025-08-09 20:08:39,485 | INFO | Generating pause/2 (en-US-AmberNeural) to pause_2_en-US-AmberNeural.wav
2025-08-09 20:08:39,618 | INFO | Generating pause/2 (en-US-AnaNeural) to pause_2_en-US-AnaNeural.wav
2025-08-09 20:08:39,816 | INFO | Generating pause/2 (en-US-AshleyNeural) to pause_2_en-US-AshleyNeural.wav
2025-08-09 20:08:39,982 | INFO | Generating pause/2 (en-US-BrandonNeural) to pause_2_en-US-BrandonNeural.wav
2025-08-09 20:08:40,111 | INFO | Generating pause/2 (en-US-ChristopherNeural) to pause_2_en-US-ChristopherNeural.wav
2025-08-09 20:08:40,273 | INFO | Generating pause/2 (en-US-CoraNeural) to pause_2_en-US-CoraNeural.wav
2025-08-09 20:08:40,416 | INFO | Generating pause/2 (en-US-ElizabethNeural) to pause_2_en-US-ElizabethNeural.wav
2025-08-09 20:08:40,569 | INFO | Generating pause/2 (en-US-EricNeural) to pause_2_en-US-EricNeural.wav
2025-08-09 20:08:40,703 | INFO | Generating pause/2 (en-US-JacobNeural) to pause_2_en-US-JacobNeural.wav
2025-08-09 20:08:40,854 | INFO | Generating pause/2 (en-US-JennyMultilingualNeural) to pause_2_en-US-JennyMultilingualNeural.wav
2025-08-09 20:08:41,261 | INFO | Generating pause/2 (en-US-MichelleNeural) to pause_2_en-US-MichelleNeural.wav
2025-08-09 20:08:41,424 | INFO | Generating pause/2 (en-US-MonicaNeural) to pause_2_en-US-MonicaNeural.wav
2025-08-09 20:08:41,584 | INFO | Generating pause/2 (en-US-RogerNeural) to pause_2_en-US-RogerNeural.wav
2025-08-09 20:08:42,039 | INFO | Generating pause/2 (en-US-RyanMultilingualNeural) to pause_2_en-US-RyanMultilingualNeural.wav
2025-08-09 20:08:42,456 | INFO | Generating pause/2 (en-US-SteffanMultilingualNeural) to pause_2_en-US-SteffanMultilingualNeural.wav
2025-08-09 20:08:43,466 | INFO | Generating pause/2 (en-US-SteffanNeural) to pause_2_en-US-SteffanNeural.wav
2025-08-09 20:08:43,830 | INFO | Generating pause/2 (en-US-AdamMultilingualNeural) to pause_2_en-US-AdamMultilingualNeural.wav
2025-08-09 20:08:44,871 | INFO | Generating pause/2 (en-US-AIGenerate1Neural) to pause_2_en-US-AIGenerate1Neural.wav
2025-08-09 20:08:45,291 | INFO | Generating pause/2 (en-US-AIGenerate2Neural) to pause_2_en-US-AIGenerate2Neural.wav
2025-08-09 20:08:46,082 | INFO | Generating pause/2 (en-US-AmandaMultilingualNeural) to pause_2_en-US-AmandaMultilingualNeural.wav
2025-08-09 20:08:47,084 | INFO | Generating pause/2 (en-US-AshTurboMultilingualNeural) to pause_2_en-US-AshTurboMultilingualNeural.wav
2025-08-09 20:08:48,261 | INFO | Generating pause/2 (en-US-BlueNeural) to pause_2_en-US-BlueNeural.wav
2025-08-09 20:08:48,505 | INFO | Generating pause/3 (en-US-AvaMultilingualNeural) to pause_3_en-US-AvaMultilingualNeural.wav
2025-08-09 20:08:48,986 | INFO | Generating pause/3 (en-US-AndrewMultilingualNeural) to pause_3_en-US-AndrewMultilingualNeural.wav
2025-08-09 20:08:49,938 | INFO | Generating pause/3 (en-US-EmmaMultilingualNeural) to pause_3_en-US-EmmaMultilingualNeural.wav
2025-08-09 20:08:51,043 | INFO | Generating pause/3 (en-US-AlloyTurboMultilingualNeural) to pause_3_en-US-AlloyTurboMultilingualNeural.wav
2025-08-09 20:08:52,084 | INFO | Generating pause/3 (en-US-EchoTurboMultilingualNeural) to pause_3_en-US-EchoTurboMultilingualNeural.wav
2025-08-09 20:08:53,054 | INFO | Generating pause/3 (en-US-FableTurboMultilingualNeural) to pause_3_en-US-FableTurboMultilingualNeural.wav
2025-08-09 20:08:53,967 | INFO | Generating pause/3 (en-US-OnyxTurboMultilingualNeural) to pause_3_en-US-OnyxTurboMultilingualNeural.wav
2025-08-09 20:08:54,927 | INFO | Traceback (most recent call last):
  File "/wekafs/ict/pangj/data/speech_tts/hallucinated_sample_generation/generation/tts_generation.py", line 687, in <module>
    last_minute_requests, start_minute = generate_samples_ssml(t, args.output, completed, last_minute_requests, start_minute, args.n)
  File "/wekafs/ict/pangj/data/speech_tts/hallucinated_sample_generation/generation/tts_generation.py", line 462, in generate_samples_ssml
    success = query_azure(ssml=ssml, output_path=output_path)
  File "/wekafs/ict/pangj/data/speech_tts/hallucinated_sample_generation/generation/tts_generation.py", line 141, in query_azure
    result = azure_synthesizer.speak_ssml_async(ssml).get()
  File "/wekafs/ict/pangj/miniconda3/envs/slm/lib/python3.10/site-packages/azure/cognitiveservices/speech/speech.py", line 612, in get
    result_handle = self.__get_function(self._handle)
  File "/wekafs/ict/pangj/miniconda3/envs/slm/lib/python3.10/site-packages/azure/cognitiveservices/speech/speech.py", line 2533, in resolve_future
    _call_hr_fn(fn=_sdk_lib.synthesizer_speak_async_wait_for, *[handle, max_uint32, ctypes.byref(result_handle)])
  File "/wekafs/ict/pangj/miniconda3/envs/slm/lib/python3.10/site-packages/azure/cognitiveservices/speech/interop.py", line 61, in _call_hr_fn
    hr = fn(*args) if len(args) > 0 else fn()
KeyboardInterrupt
