2025-08-09 17:47:38,062 | INFO | [LOGGING] Output is being saved to: logs/tts_generation_20250809_174738.log
2025-08-09 17:47:38,136 | INFO | Generating pause/0 (en-AU-NatashaNeural) to pause_0_en-AU-NatashaNeural.wav
2025-08-09 17:47:38,459 | INFO | Err: ResultReason.Canceled
2025-08-09 17:47:38,459 | INFO | Details:
2025-08-09 17:47:38,459 | INFO | <azure.cognitiveservices.speech.SpeechSynthesisCancellationDetails object at 0x15554fd7afb0>
2025-08-09 17:47:38,459 | INFO | Error details:
2025-08-09 17:47:38,459 | INFO | Connection was closed by the remote host. Error code: 1007. Error details: Data at the root level is invalid. Line 1, position 1. USP state: TurnStarted. Received audio size: 0 bytes.
2025-08-09 17:47:38,459 | INFO | Retry in 1.6s...
2025-08-09 17:47:40,283 | INFO | Err: ResultReason.Canceled
2025-08-09 17:47:40,283 | INFO | Details:
2025-08-09 17:47:40,283 | INFO | <azure.cognitiveservices.speech.SpeechSynthesisCancellationDetails object at 0x15554fd7b0a0>
2025-08-09 17:47:40,284 | INFO | Error details:
2025-08-09 17:47:40,284 | INFO | Connection was closed by the remote host. Error code: 1007. Error details: Data at the root level is invalid. Line 1, position 1. USP state: TurnStarted. Received audio size: 0 bytes.
2025-08-09 17:47:40,284 | INFO | Retry in 2.0s...
2025-08-09 17:47:42,486 | INFO | Err: ResultReason.Canceled
2025-08-09 17:47:42,486 | INFO | Details:
2025-08-09 17:47:42,486 | INFO | <azure.cognitiveservices.speech.SpeechSynthesisCancellationDetails object at 0x15554fd7ad40>
2025-08-09 17:47:42,486 | INFO | Error details:
2025-08-09 17:47:42,486 | INFO | Connection was closed by the remote host. Error code: 1007. Error details: Data at the root level is invalid. Line 1, position 1. USP state: TurnStarted. Received audio size: 0 bytes.
2025-08-09 17:47:42,486 | INFO | Retry in 4.3s...
2025-08-09 17:47:46,914 | INFO | Err: ResultReason.Canceled
2025-08-09 17:47:46,914 | INFO | Details:
2025-08-09 17:47:46,914 | INFO | <azure.cognitiveservices.speech.SpeechSynthesisCancellationDetails object at 0x15554fd7ac50>
2025-08-09 17:47:46,914 | INFO | Error details:
2025-08-09 17:47:46,914 | INFO | Connection was closed by the remote host. Error code: 1007. Error details: Data at the root level is invalid. Line 1, position 1. USP state: TurnStarted. Received audio size: 0 bytes.
2025-08-09 17:47:46,914 | INFO | Retry in 8.2s...
2025-08-09 17:47:49,897 | INFO | Traceback (most recent call last):
  File "/wekafs/ict/pangj/data/speech_tts/hallucinated_sample_generation/generation/tts_generation.py", line 672, in <module>
    last_minute_requests, start_minute = generate_samples_ssml(t, args.output, completed, last_minute_requests, start_minute, args.n, repeat_n=1)
  File "/wekafs/ict/pangj/data/speech_tts/hallucinated_sample_generation/generation/tts_generation.py", line 447, in generate_samples_ssml
    success = query_azure(ssml=style, output_path=output_path)
  File "/wekafs/ict/pangj/data/speech_tts/hallucinated_sample_generation/generation/tts_generation.py", line 159, in query_azure
    time.sleep(wait)
KeyboardInterrupt
