2025-08-11 14:17:55,381 | INFO | [LOGGING] Output is being saved to: logs/tts_generation_20250811_141755.log
2025-08-11 14:17:55,477 | INFO | Processing default task intonation subtask rising
2025-08-11 14:17:55,477 | INFO | Generating intonation/rising (en-US-AvaMultilingualNeural) to intonation_rising_0_en-US-AvaMultilingualNeural.wav
2025-08-11 14:17:55,780 | INFO | Err: ResultReason.Canceled
2025-08-11 14:17:55,780 | INFO | Details:
2025-08-11 14:17:55,780 | INFO | <azure.cognitiveservices.speech.SpeechSynthesisCancellationDetails object at 0x15554fd8fc40>
2025-08-11 14:17:55,780 | INFO | Error details:
2025-08-11 14:17:55,780 | INFO | Connection was closed by the remote host. Error code: 1007. Error details: The 'prosody' start tag on line 3 position 10 does not match the end tag of 'prospdy'. Line 3, posit USP state: TurnStarted. Received audio size: 0 bytes.
2025-08-11 14:17:55,780 | INFO | Retry in 1.6s...
2025-08-11 14:17:57,534 | INFO | Err: ResultReason.Canceled
2025-08-11 14:17:57,534 | INFO | Details:
2025-08-11 14:17:57,534 | INFO | <azure.cognitiveservices.speech.SpeechSynthesisCancellationDetails object at 0x15554fd8ff70>
2025-08-11 14:17:57,534 | INFO | Error details:
2025-08-11 14:17:57,534 | INFO | Connection was closed by the remote host. Error code: 1007. Error details: The 'prosody' start tag on line 3 position 10 does not match the end tag of 'prospdy'. Line 3, posit USP state: TurnStarted. Received audio size: 0 bytes.
2025-08-11 14:17:57,534 | INFO | Retry in 2.0s...
2025-08-11 14:17:59,457 | INFO | Traceback (most recent call last):
  File "/wekafs/ict/pangj/data/speech_tts/hallucinated_sample_generation/generation/tts_generation.py", line 601, in <module>
    last_minute_requests, start_minute = generate_samples_default(t, args.output, completed, last_minute_requests, start_minute, args.n)
  File "/wekafs/ict/pangj/data/speech_tts/hallucinated_sample_generation/generation/tts_generation.py", line 361, in generate_samples_default
    success = query_azure(to_ssml(voice, style), output_path)
  File "/wekafs/ict/pangj/data/speech_tts/hallucinated_sample_generation/generation/tts_generation.py", line 159, in query_azure
    time.sleep(wait)
KeyboardInterrupt
