2025-08-11 13:25:43,674 | INFO | [LOGGING] Output is being saved to: logs/tts_generation_20250811_132543.log
2025-08-11 13:25:43,757 | INFO | Generating stress/0 (en-US-AvaMultilingualNeural) to stress_0_en-US-AvaMultilingualNeural.wav
2025-08-11 13:25:43,942 | INFO | Err: ResultReason.Canceled
2025-08-11 13:25:43,942 | INFO | Details:
2025-08-11 13:25:43,942 | INFO | <azure.cognitiveservices.speech.SpeechSynthesisCancellationDetails object at 0x15554fd87520>
2025-08-11 13:25:43,942 | INFO | Error details:
2025-08-11 13:25:43,942 | INFO | Connection was closed by the remote host. Error code: 1007. Error details: 'r' is an unexpected token. Expecting whitespace. Line 3, position 217. USP state: TurnStarted. Received audio size: 0 bytes.
2025-08-11 13:25:43,942 | INFO | Retry in 1.6s...
2025-08-11 13:25:45,731 | INFO | Err: ResultReason.Canceled
2025-08-11 13:25:45,731 | INFO | Details:
2025-08-11 13:25:45,731 | INFO | <azure.cognitiveservices.speech.SpeechSynthesisCancellationDetails object at 0x15554fd87a00>
2025-08-11 13:25:45,731 | INFO | Error details:
2025-08-11 13:25:45,731 | INFO | Connection was closed by the remote host. Error code: 1007. Error details: 'r' is an unexpected token. Expecting whitespace. Line 3, position 217. USP state: TurnStarted. Received audio size: 0 bytes.
2025-08-11 13:25:45,731 | INFO | Retry in 2.0s...
2025-08-11 13:25:47,892 | INFO | Err: ResultReason.Canceled
2025-08-11 13:25:47,892 | INFO | Details:
2025-08-11 13:25:47,892 | INFO | <azure.cognitiveservices.speech.SpeechSynthesisCancellationDetails object at 0x15554fd87610>
2025-08-11 13:25:47,892 | INFO | Error details:
2025-08-11 13:25:47,892 | INFO | Connection was closed by the remote host. Error code: 1007. Error details: 'r' is an unexpected token. Expecting whitespace. Line 3, position 217. USP state: TurnStarted. Received audio size: 0 bytes.
2025-08-11 13:25:47,892 | INFO | Retry in 4.3s...
2025-08-11 13:25:48,595 | INFO | Traceback (most recent call last):
  File "/wekafs/ict/pangj/data/speech_tts/hallucinated_sample_generation/generation/tts_generation.py", line 594, in <module>
    last_minute_requests, start_minute = generate_samples_ssml(t, args.output, completed, last_minute_requests, start_minute, args.n)
  File "/wekafs/ict/pangj/data/speech_tts/hallucinated_sample_generation/generation/tts_generation.py", line 462, in generate_samples_ssml
    success = query_azure(ssml=ssml, output_path=output_path)
  File "/wekafs/ict/pangj/data/speech_tts/hallucinated_sample_generation/generation/tts_generation.py", line 159, in query_azure
    time.sleep(wait)
KeyboardInterrupt
