2025-08-09 23:29:46,629 | INFO | [LOGGING] Output is being saved to: logs/tts_generation_20250809_232946.log
2025-08-09 23:29:46,700 | INFO | Generating prolong/0 (en-US-AvaMultilingualNeural) to prolong_0_en-US-AvaMultilingualNeural.wav
2025-08-09 23:29:47,030 | INFO | Generating prolong/0 (en-US-AndrewMultilingualNeural) to prolong_0_en-US-AndrewMultilingualNeural.wav
2025-08-09 23:29:47,114 | INFO | Generating prolong/0 (en-US-EmmaMultilingualNeural) to prolong_0_en-US-EmmaMultilingualNeural.wav
2025-08-09 23:29:48,049 | INFO | Generating prolong/0 (en-US-AlloyTurboMultilingualNeural) to prolong_0_en-US-AlloyTurboMultilingualNeural.wav
2025-08-09 23:29:49,055 | INFO | Generating prolong/0 (en-US-EchoTurboMultilingualNeural) to prolong_0_en-US-EchoTurboMultilingualNeural.wav
2025-08-09 23:29:50,061 | INFO | Generating prolong/0 (en-US-FableTurboMultilingualNeural) to prolong_0_en-US-FableTurboMultilingualNeural.wav
2025-08-09 23:29:51,001 | INFO | Generating prolong/0 (en-US-OnyxTurboMultilingualNeural) to prolong_0_en-US-OnyxTurboMultilingualNeural.wav
2025-08-09 23:29:51,745 | INFO | Generating prolong/0 (en-US-NovaTurboMultilingualNeural) to prolong_0_en-US-NovaTurboMultilingualNeural.wav
2025-08-09 23:29:52,715 | INFO | Generating prolong/0 (en-US-ShimmerTurboMultilingualNeural) to prolong_0_en-US-ShimmerTurboMultilingualNeural.wav
2025-08-09 23:29:53,522 | INFO | Generating prolong/0 (en-US-BrianMultilingualNeural) to prolong_0_en-US-BrianMultilingualNeural.wav
2025-08-09 23:29:54,012 | INFO | Generating prolong/0 (en-US-AvaNeural) to prolong_0_en-US-AvaNeural.wav
2025-08-09 23:29:54,528 | INFO | Generating prolong/0 (en-US-AndrewNeural) to prolong_0_en-US-AndrewNeural.wav
2025-08-09 23:29:55,464 | INFO | Generating prolong/0 (en-US-EmmaNeural) to prolong_0_en-US-EmmaNeural.wav
2025-08-09 23:29:56,329 | INFO | Generating prolong/0 (en-US-BrianNeural) to prolong_0_en-US-BrianNeural.wav
2025-08-09 23:29:56,736 | INFO | Generating prolong/0 (en-US-JennyNeural) to prolong_0_en-US-JennyNeural.wav
2025-08-09 23:29:56,977 | INFO | Generating prolong/0 (en-US-GuyNeural) to prolong_0_en-US-GuyNeural.wav
2025-08-09 23:29:57,112 | INFO | Generating prolong/0 (en-US-AriaNeural) to prolong_0_en-US-AriaNeural.wav
2025-08-09 23:29:57,260 | INFO | Generating prolong/0 (en-US-DavisNeural) to prolong_0_en-US-DavisNeural.wav
2025-08-09 23:29:57,587 | INFO | Generating prolong/0 (en-US-JaneNeural) to prolong_0_en-US-JaneNeural.wav
2025-08-09 23:29:57,831 | INFO | Generating prolong/0 (en-US-JasonNeural) to prolong_0_en-US-JasonNeural.wav
2025-08-09 23:29:58,020 | INFO | Generating prolong/0 (en-US-KaiNeural) to prolong_0_en-US-KaiNeural.wav
2025-08-09 23:29:58,436 | INFO | Generating prolong/0 (en-US-LunaNeural) to prolong_0_en-US-LunaNeural.wav
2025-08-09 23:29:58,743 | INFO | Generating prolong/0 (en-US-SaraNeural) to prolong_0_en-US-SaraNeural.wav
2025-08-09 23:29:58,986 | INFO | Generating prolong/0 (en-US-TonyNeural) to prolong_0_en-US-TonyNeural.wav
2025-08-09 23:29:59,248 | INFO | Generating prolong/0 (en-US-NancyNeural) to prolong_0_en-US-NancyNeural.wav
2025-08-09 23:29:59,465 | INFO | Generating prolong/0 (en-US-CoraMultilingualNeural) to prolong_0_en-US-CoraMultilingualNeural.wav
2025-08-09 23:30:00,479 | INFO | Generating prolong/0 (en-US-ChristopherMultilingualNeural) to prolong_0_en-US-ChristopherMultilingualNeural.wav
2025-08-09 23:30:01,533 | INFO | Generating prolong/0 (en-US-BrandonMultilingualNeural) to prolong_0_en-US-BrandonMultilingualNeural.wav
2025-08-09 23:30:02,900 | INFO | Generating prolong/0 (en-US-AmberNeural) to prolong_0_en-US-AmberNeural.wav
2025-08-09 23:30:03,117 | INFO | Generating prolong/0 (en-US-AnaNeural) to prolong_0_en-US-AnaNeural.wav
2025-08-09 23:30:03,307 | INFO | Generating prolong/0 (en-US-AshleyNeural) to prolong_0_en-US-AshleyNeural.wav
2025-08-09 23:30:03,469 | INFO | Generating prolong/0 (en-US-BrandonNeural) to prolong_0_en-US-BrandonNeural.wav
2025-08-09 23:30:03,613 | INFO | Generating prolong/0 (en-US-ChristopherNeural) to prolong_0_en-US-ChristopherNeural.wav
2025-08-09 23:30:03,757 | INFO | Generating prolong/0 (en-US-CoraNeural) to prolong_0_en-US-CoraNeural.wav
2025-08-09 23:30:03,936 | INFO | Generating prolong/0 (en-US-ElizabethNeural) to prolong_0_en-US-ElizabethNeural.wav
2025-08-09 23:30:04,108 | INFO | Generating prolong/0 (en-US-EricNeural) to prolong_0_en-US-EricNeural.wav
2025-08-09 23:30:04,258 | INFO | Generating prolong/0 (en-US-JacobNeural) to prolong_0_en-US-JacobNeural.wav
2025-08-09 23:30:04,429 | INFO | Generating prolong/0 (en-US-JennyMultilingualNeural) to prolong_0_en-US-JennyMultilingualNeural.wav
2025-08-09 23:30:04,775 | INFO | Generating prolong/0 (en-US-MichelleNeural) to prolong_0_en-US-MichelleNeural.wav
2025-08-09 23:30:04,933 | INFO | Generating prolong/0 (en-US-MonicaNeural) to prolong_0_en-US-MonicaNeural.wav
2025-08-09 23:30:05,120 | INFO | Generating prolong/0 (en-US-RogerNeural) to prolong_0_en-US-RogerNeural.wav
2025-08-09 23:30:05,524 | INFO | Generating prolong/0 (en-US-RyanMultilingualNeural) to prolong_0_en-US-RyanMultilingualNeural.wav
2025-08-09 23:30:05,837 | INFO | Generating prolong/0 (en-US-SteffanMultilingualNeural) to prolong_0_en-US-SteffanMultilingualNeural.wav
2025-08-09 23:30:06,817 | INFO | Generating prolong/0 (en-US-SteffanNeural) to prolong_0_en-US-SteffanNeural.wav
2025-08-09 23:30:07,120 | INFO | Generating prolong/0 (en-US-AdamMultilingualNeural) to prolong_0_en-US-AdamMultilingualNeural.wav
2025-08-09 23:30:08,122 | INFO | Generating prolong/0 (en-US-AIGenerate1Neural) to prolong_0_en-US-AIGenerate1Neural.wav
2025-08-09 23:30:08,797 | INFO | Generating prolong/0 (en-US-AIGenerate2Neural) to prolong_0_en-US-AIGenerate2Neural.wav
2025-08-09 23:30:09,510 | INFO | Generating prolong/0 (en-US-AmandaMultilingualNeural) to prolong_0_en-US-AmandaMultilingualNeural.wav
2025-08-09 23:30:10,416 | INFO | Traceback (most recent call last):
  File "/wekafs/ict/pangj/data/speech_tts/hallucinated_sample_generation/generation/tts_generation.py", line 687, in <module>
    last_minute_requests, start_minute = generate_samples_ssml(t, args.output, completed, last_minute_requests, start_minute, args.n)
  File "/wekafs/ict/pangj/data/speech_tts/hallucinated_sample_generation/generation/tts_generation.py", line 462, in generate_samples_ssml
    success = query_azure(ssml=ssml, output_path=output_path)
  File "/wekafs/ict/pangj/data/speech_tts/hallucinated_sample_generation/generation/tts_generation.py", line 141, in query_azure
    result = azure_synthesizer.speak_ssml_async(ssml).get()
  File "/wekafs/ict/pangj/miniconda3/envs/slm/lib/python3.10/site-packages/azure/cognitiveservices/speech/speech.py", line 612, in get
    result_handle = self.__get_function(self._handle)
  File "/wekafs/ict/pangj/miniconda3/envs/slm/lib/python3.10/site-packages/azure/cognitiveservices/speech/speech.py", line 2533, in resolve_future
    _call_hr_fn(fn=_sdk_lib.synthesizer_speak_async_wait_for, *[handle, max_uint32, ctypes.byref(result_handle)])
  File "/wekafs/ict/pangj/miniconda3/envs/slm/lib/python3.10/site-packages/azure/cognitiveservices/speech/interop.py", line 61, in _call_hr_fn
    hr = fn(*args) if len(args) > 0 else fn()
KeyboardInterrupt
