2025-08-06 18:51:34,830 | INFO | [LOGGING] Output is being saved to: logs/tts_generation_20250806_185134.log
2025-08-06 18:51:34,899 | INFO | Processing 11labs task age subtask young
2025-08-06 18:51:34,981 | INFO | Skipping. Already completed: age_young_0_21m00Tcm4TlvDq8ikWAM.wav
2025-08-06 18:51:34,981 | INFO | Skipping. Already completed: age_young_0_AZnzlk1XvdvUeBnXmlld.wav
2025-08-06 18:51:34,982 | INFO | Skipping. Already completed: age_young_0_CYw3kZ02Hs0563khs1Fj.wav
2025-08-06 18:51:34,982 | INFO | Skipping. Already completed: age_young_0_EXAVITQu4vr4xnSDxMaL.wav
2025-08-06 18:51:34,982 | INFO | Skipping. Already completed: age_young_0_ErXwobaYiN019PkySvjV.wav
2025-08-06 18:51:34,982 | INFO | Skipping. Already completed: age_young_0_FGY2WhTYpPnrIDTdsKH5.wav
2025-08-06 18:51:34,982 | INFO | Skipping. Already completed: age_young_0_GBv7mTt0atIp3Br8iCZE.wav
2025-08-06 18:51:34,982 | INFO | Skipping. Already completed: age_young_0_IKne3meq5aSn9XLyUdCD.wav
2025-08-06 18:51:34,982 | INFO | Skipping. Already completed: age_young_0_LcfcDJNUP1GQjkzn1xUU.wav
2025-08-06 18:51:34,982 | INFO | Skipping. Already completed: age_young_0_MF3mGyEYCl7XYWbV9V6O.wav
2025-08-06 18:51:34,982 | INFO | Skipping. Already completed: age_young_1_21m00Tcm4TlvDq8ikWAM.wav
2025-08-06 18:51:34,983 | INFO | Skipping. Already completed: age_young_1_AZnzlk1XvdvUeBnXmlld.wav
2025-08-06 18:51:34,983 | INFO | Skipping. Already completed: age_young_1_CYw3kZ02Hs0563khs1Fj.wav
2025-08-06 18:51:34,983 | INFO | Skipping. Already completed: age_young_1_EXAVITQu4vr4xnSDxMaL.wav
2025-08-06 18:51:34,983 | INFO | Skipping. Already completed: age_young_1_ErXwobaYiN019PkySvjV.wav
2025-08-06 18:51:34,983 | INFO | Skipping. Already completed: age_young_1_FGY2WhTYpPnrIDTdsKH5.wav
2025-08-06 18:51:34,983 | INFO | Skipping. Already completed: age_young_1_GBv7mTt0atIp3Br8iCZE.wav
2025-08-06 18:51:34,983 | INFO | Skipping. Already completed: age_young_1_IKne3meq5aSn9XLyUdCD.wav
2025-08-06 18:51:34,983 | INFO | Skipping. Already completed: age_young_1_LcfcDJNUP1GQjkzn1xUU.wav
2025-08-06 18:51:34,983 | INFO | Skipping. Already completed: age_young_1_MF3mGyEYCl7XYWbV9V6O.wav
2025-08-06 18:51:34,984 | INFO | Skipping. Already completed: age_young_2_21m00Tcm4TlvDq8ikWAM.wav
2025-08-06 18:51:34,984 | INFO | Skipping. Already completed: age_young_2_AZnzlk1XvdvUeBnXmlld.wav
2025-08-06 18:51:34,984 | INFO | Skipping. Already completed: age_young_2_CYw3kZ02Hs0563khs1Fj.wav
2025-08-06 18:51:34,984 | INFO | Skipping. Already completed: age_young_2_EXAVITQu4vr4xnSDxMaL.wav
2025-08-06 18:51:34,984 | INFO | Skipping. Already completed: age_young_2_ErXwobaYiN019PkySvjV.wav
2025-08-06 18:51:34,984 | INFO | Skipping. Already completed: age_young_2_FGY2WhTYpPnrIDTdsKH5.wav
2025-08-06 18:51:34,984 | INFO | Skipping. Already completed: age_young_2_GBv7mTt0atIp3Br8iCZE.wav
2025-08-06 18:51:34,984 | INFO | Skipping. Already completed: age_young_2_IKne3meq5aSn9XLyUdCD.wav
2025-08-06 18:51:34,984 | INFO | Skipping. Already completed: age_young_2_LcfcDJNUP1GQjkzn1xUU.wav
2025-08-06 18:51:34,984 | INFO | Skipping. Already completed: age_young_2_MF3mGyEYCl7XYWbV9V6O.wav
2025-08-06 18:51:34,985 | INFO | Skipping. Already completed: age_young_3_21m00Tcm4TlvDq8ikWAM.wav
2025-08-06 18:51:34,985 | INFO | Skipping. Already completed: age_young_3_AZnzlk1XvdvUeBnXmlld.wav
2025-08-06 18:51:34,985 | INFO | Skipping. Already completed: age_young_3_CYw3kZ02Hs0563khs1Fj.wav
2025-08-06 18:51:34,985 | INFO | Skipping. Already completed: age_young_3_EXAVITQu4vr4xnSDxMaL.wav
2025-08-06 18:51:34,985 | INFO | Skipping. Already completed: age_young_3_ErXwobaYiN019PkySvjV.wav
2025-08-06 18:51:34,985 | INFO | Skipping. Already completed: age_young_3_FGY2WhTYpPnrIDTdsKH5.wav
2025-08-06 18:51:34,985 | INFO | Skipping. Already completed: age_young_3_GBv7mTt0atIp3Br8iCZE.wav
2025-08-06 18:51:34,985 | INFO | Skipping. Already completed: age_young_3_IKne3meq5aSn9XLyUdCD.wav
2025-08-06 18:51:34,985 | INFO | Skipping. Already completed: age_young_3_LcfcDJNUP1GQjkzn1xUU.wav
2025-08-06 18:51:34,986 | INFO | Skipping. Already completed: age_young_3_MF3mGyEYCl7XYWbV9V6O.wav
2025-08-06 18:51:34,986 | INFO | Skipping. Already completed: age_young_4_21m00Tcm4TlvDq8ikWAM.wav
2025-08-06 18:51:34,986 | INFO | Skipping. Already completed: age_young_4_AZnzlk1XvdvUeBnXmlld.wav
2025-08-06 18:51:34,986 | INFO | Skipping. Already completed: age_young_4_CYw3kZ02Hs0563khs1Fj.wav
2025-08-06 18:51:34,986 | INFO | Skipping. Already completed: age_young_4_EXAVITQu4vr4xnSDxMaL.wav
2025-08-06 18:51:34,986 | INFO | Skipping. Already completed: age_young_4_ErXwobaYiN019PkySvjV.wav
2025-08-06 18:51:34,986 | INFO | Skipping. Already completed: age_young_4_FGY2WhTYpPnrIDTdsKH5.wav
2025-08-06 18:51:34,986 | INFO | Skipping. Already completed: age_young_4_GBv7mTt0atIp3Br8iCZE.wav
2025-08-06 18:51:34,986 | INFO | Skipping. Already completed: age_young_4_IKne3meq5aSn9XLyUdCD.wav
2025-08-06 18:51:34,987 | INFO | Skipping. Already completed: age_young_4_LcfcDJNUP1GQjkzn1xUU.wav
2025-08-06 18:51:34,987 | INFO | Skipping. Already completed: age_young_4_MF3mGyEYCl7XYWbV9V6O.wav
2025-08-06 18:51:34,987 | INFO | Skipping. Already completed: age_young_5_21m00Tcm4TlvDq8ikWAM.wav
2025-08-06 18:51:34,987 | INFO | Skipping. Already completed: age_young_5_AZnzlk1XvdvUeBnXmlld.wav
2025-08-06 18:51:34,987 | INFO | Skipping. Already completed: age_young_5_CYw3kZ02Hs0563khs1Fj.wav
2025-08-06 18:51:34,987 | INFO | Skipping. Already completed: age_young_5_EXAVITQu4vr4xnSDxMaL.wav
2025-08-06 18:51:34,987 | INFO | Skipping. Already completed: age_young_5_ErXwobaYiN019PkySvjV.wav
2025-08-06 18:51:34,987 | INFO | Skipping. Already completed: age_young_5_FGY2WhTYpPnrIDTdsKH5.wav
2025-08-06 18:51:34,987 | INFO | Skipping. Already completed: age_young_5_GBv7mTt0atIp3Br8iCZE.wav
2025-08-06 18:51:34,987 | INFO | Skipping. Already completed: age_young_5_IKne3meq5aSn9XLyUdCD.wav
2025-08-06 18:51:34,988 | INFO | Skipping. Already completed: age_young_5_LcfcDJNUP1GQjkzn1xUU.wav
2025-08-06 18:51:34,988 | INFO | Skipping. Already completed: age_young_5_MF3mGyEYCl7XYWbV9V6O.wav
2025-08-06 18:51:34,988 | INFO | Skipping. Already completed: age_young_6_21m00Tcm4TlvDq8ikWAM.wav
2025-08-06 18:51:34,988 | INFO | Skipping. Already completed: age_young_6_AZnzlk1XvdvUeBnXmlld.wav
2025-08-06 18:51:34,988 | INFO | Skipping. Already completed: age_young_6_CYw3kZ02Hs0563khs1Fj.wav
2025-08-06 18:51:34,988 | INFO | Skipping. Already completed: age_young_6_EXAVITQu4vr4xnSDxMaL.wav
2025-08-06 18:51:34,988 | INFO | Skipping. Already completed: age_young_6_ErXwobaYiN019PkySvjV.wav
2025-08-06 18:51:34,988 | INFO | Skipping. Already completed: age_young_6_FGY2WhTYpPnrIDTdsKH5.wav
2025-08-06 18:51:34,988 | INFO | Skipping. Already completed: age_young_6_GBv7mTt0atIp3Br8iCZE.wav
2025-08-06 18:51:34,988 | INFO | Skipping. Already completed: age_young_6_IKne3meq5aSn9XLyUdCD.wav
2025-08-06 18:51:34,988 | INFO | Skipping. Already completed: age_young_6_LcfcDJNUP1GQjkzn1xUU.wav
2025-08-06 18:51:34,988 | INFO | Skipping. Already completed: age_young_6_MF3mGyEYCl7XYWbV9V6O.wav
2025-08-06 18:51:34,988 | INFO | Skipping. Already completed: age_young_7_21m00Tcm4TlvDq8ikWAM.wav
2025-08-06 18:51:34,989 | INFO | Skipping. Already completed: age_young_7_AZnzlk1XvdvUeBnXmlld.wav
2025-08-06 18:51:34,989 | INFO | Skipping. Already completed: age_young_7_CYw3kZ02Hs0563khs1Fj.wav
2025-08-06 18:51:34,989 | INFO | Skipping. Already completed: age_young_7_EXAVITQu4vr4xnSDxMaL.wav
2025-08-06 18:51:34,989 | INFO | Skipping. Already completed: age_young_7_ErXwobaYiN019PkySvjV.wav
2025-08-06 18:51:34,989 | INFO | Skipping. Already completed: age_young_7_FGY2WhTYpPnrIDTdsKH5.wav
2025-08-06 18:51:34,989 | INFO | Skipping. Already completed: age_young_7_GBv7mTt0atIp3Br8iCZE.wav
2025-08-06 18:51:34,989 | INFO | Skipping. Already completed: age_young_7_IKne3meq5aSn9XLyUdCD.wav
2025-08-06 18:51:34,989 | INFO | Skipping. Already completed: age_young_7_LcfcDJNUP1GQjkzn1xUU.wav
2025-08-06 18:51:34,989 | INFO | Skipping. Already completed: age_young_7_MF3mGyEYCl7XYWbV9V6O.wav
2025-08-06 18:51:34,989 | INFO | Skipping. Already completed: age_young_8_21m00Tcm4TlvDq8ikWAM.wav
2025-08-06 18:51:34,989 | INFO | Skipping. Already completed: age_young_8_AZnzlk1XvdvUeBnXmlld.wav
2025-08-06 18:51:34,989 | INFO | Skipping. Already completed: age_young_8_CYw3kZ02Hs0563khs1Fj.wav
2025-08-06 18:51:34,989 | INFO | Skipping. Already completed: age_young_8_EXAVITQu4vr4xnSDxMaL.wav
2025-08-06 18:51:34,990 | INFO | Skipping. Already completed: age_young_8_ErXwobaYiN019PkySvjV.wav
2025-08-06 18:51:34,990 | INFO | Skipping. Already completed: age_young_8_FGY2WhTYpPnrIDTdsKH5.wav
2025-08-06 18:51:34,990 | INFO | Skipping. Already completed: age_young_8_GBv7mTt0atIp3Br8iCZE.wav
2025-08-06 18:51:34,990 | INFO | Skipping. Already completed: age_young_8_IKne3meq5aSn9XLyUdCD.wav
2025-08-06 18:51:34,990 | INFO | Skipping. Already completed: age_young_8_LcfcDJNUP1GQjkzn1xUU.wav
2025-08-06 18:51:34,990 | INFO | Skipping. Already completed: age_young_8_MF3mGyEYCl7XYWbV9V6O.wav
2025-08-06 18:51:34,990 | INFO | Skipping. Already completed: age_young_9_21m00Tcm4TlvDq8ikWAM.wav
2025-08-06 18:51:34,990 | INFO | Skipping. Already completed: age_young_9_AZnzlk1XvdvUeBnXmlld.wav
2025-08-06 18:51:34,990 | INFO | Skipping. Already completed: age_young_9_CYw3kZ02Hs0563khs1Fj.wav
2025-08-06 18:51:34,990 | INFO | Skipping. Already completed: age_young_9_EXAVITQu4vr4xnSDxMaL.wav
2025-08-06 18:51:34,990 | INFO | Skipping. Already completed: age_young_9_ErXwobaYiN019PkySvjV.wav
2025-08-06 18:51:34,990 | INFO | Skipping. Already completed: age_young_9_FGY2WhTYpPnrIDTdsKH5.wav
2025-08-06 18:51:34,990 | INFO | Skipping. Already completed: age_young_9_GBv7mTt0atIp3Br8iCZE.wav
2025-08-06 18:51:34,990 | INFO | Skipping. Already completed: age_young_9_IKne3meq5aSn9XLyUdCD.wav
2025-08-06 18:51:34,991 | INFO | Skipping. Already completed: age_young_9_LcfcDJNUP1GQjkzn1xUU.wav
2025-08-06 18:51:34,991 | INFO | Skipping. Already completed: age_young_9_MF3mGyEYCl7XYWbV9V6O.wav
2025-08-06 18:51:34,991 | INFO | Skipping. Already completed: age_young_10_21m00Tcm4TlvDq8ikWAM.wav
2025-08-06 18:51:34,991 | INFO | Skipping. Already completed: age_young_10_AZnzlk1XvdvUeBnXmlld.wav
2025-08-06 18:51:34,991 | INFO | Skipping. Already completed: age_young_10_CYw3kZ02Hs0563khs1Fj.wav
2025-08-06 18:51:34,991 | INFO | Skipping. Already completed: age_young_10_EXAVITQu4vr4xnSDxMaL.wav
2025-08-06 18:51:34,991 | INFO | Skipping. Already completed: age_young_10_ErXwobaYiN019PkySvjV.wav
2025-08-06 18:51:34,991 | INFO | Skipping. Already completed: age_young_10_FGY2WhTYpPnrIDTdsKH5.wav
2025-08-06 18:51:34,991 | INFO | Skipping. Already completed: age_young_10_GBv7mTt0atIp3Br8iCZE.wav
2025-08-06 18:51:34,991 | INFO | Skipping. Already completed: age_young_10_IKne3meq5aSn9XLyUdCD.wav
2025-08-06 18:51:34,991 | INFO | Skipping. Already completed: age_young_10_LcfcDJNUP1GQjkzn1xUU.wav
2025-08-06 18:51:34,991 | INFO | Skipping. Already completed: age_young_10_MF3mGyEYCl7XYWbV9V6O.wav
2025-08-06 18:51:34,991 | INFO | Skipping. Already completed: age_young_11_21m00Tcm4TlvDq8ikWAM.wav
2025-08-06 18:51:34,992 | INFO | Skipping. Already completed: age_young_11_AZnzlk1XvdvUeBnXmlld.wav
2025-08-06 18:51:34,992 | INFO | Skipping. Already completed: age_young_11_CYw3kZ02Hs0563khs1Fj.wav
2025-08-06 18:51:34,992 | INFO | Skipping. Already completed: age_young_11_EXAVITQu4vr4xnSDxMaL.wav
2025-08-06 18:51:34,992 | INFO | Skipping. Already completed: age_young_11_ErXwobaYiN019PkySvjV.wav
2025-08-06 18:51:34,992 | INFO | Skipping. Already completed: age_young_11_FGY2WhTYpPnrIDTdsKH5.wav
2025-08-06 18:51:34,992 | INFO | Skipping. Already completed: age_young_11_GBv7mTt0atIp3Br8iCZE.wav
2025-08-06 18:51:34,992 | INFO | Skipping. Already completed: age_young_11_IKne3meq5aSn9XLyUdCD.wav
2025-08-06 18:51:34,992 | INFO | Skipping. Already completed: age_young_11_LcfcDJNUP1GQjkzn1xUU.wav
2025-08-06 18:51:34,992 | INFO | Skipping. Already completed: age_young_11_MF3mGyEYCl7XYWbV9V6O.wav
2025-08-06 18:51:34,992 | INFO | Skipping. Already completed: age_young_12_21m00Tcm4TlvDq8ikWAM.wav
2025-08-06 18:51:34,992 | INFO | Skipping. Already completed: age_young_12_AZnzlk1XvdvUeBnXmlld.wav
2025-08-06 18:51:34,992 | INFO | Skipping. Already completed: age_young_12_CYw3kZ02Hs0563khs1Fj.wav
2025-08-06 18:51:34,992 | INFO | Skipping. Already completed: age_young_12_EXAVITQu4vr4xnSDxMaL.wav
2025-08-06 18:51:34,993 | INFO | Skipping. Already completed: age_young_12_ErXwobaYiN019PkySvjV.wav
2025-08-06 18:51:34,993 | INFO | Skipping. Already completed: age_young_12_FGY2WhTYpPnrIDTdsKH5.wav
2025-08-06 18:51:34,993 | INFO | Skipping. Already completed: age_young_12_GBv7mTt0atIp3Br8iCZE.wav
2025-08-06 18:51:34,993 | INFO | Skipping. Already completed: age_young_12_IKne3meq5aSn9XLyUdCD.wav
2025-08-06 18:51:34,993 | INFO | Skipping. Already completed: age_young_12_LcfcDJNUP1GQjkzn1xUU.wav
2025-08-06 18:51:34,993 | INFO | Skipping. Already completed: age_young_12_MF3mGyEYCl7XYWbV9V6O.wav
2025-08-06 18:51:34,993 | INFO | Skipping. Already completed: age_young_13_21m00Tcm4TlvDq8ikWAM.wav
2025-08-06 18:51:34,993 | INFO | Skipping. Already completed: age_young_13_AZnzlk1XvdvUeBnXmlld.wav
2025-08-06 18:51:34,993 | INFO | Skipping. Already completed: age_young_13_CYw3kZ02Hs0563khs1Fj.wav
2025-08-06 18:51:34,993 | INFO | Skipping. Already completed: age_young_13_EXAVITQu4vr4xnSDxMaL.wav
2025-08-06 18:51:34,993 | INFO | Skipping. Already completed: age_young_13_ErXwobaYiN019PkySvjV.wav
2025-08-06 18:51:34,993 | INFO | Skipping. Already completed: age_young_13_FGY2WhTYpPnrIDTdsKH5.wav
2025-08-06 18:51:34,993 | INFO | Skipping. Already completed: age_young_13_GBv7mTt0atIp3Br8iCZE.wav
2025-08-06 18:51:34,994 | INFO | Skipping. Already completed: age_young_13_IKne3meq5aSn9XLyUdCD.wav
2025-08-06 18:51:34,994 | INFO | Skipping. Already completed: age_young_13_LcfcDJNUP1GQjkzn1xUU.wav
2025-08-06 18:51:34,994 | INFO | Skipping. Already completed: age_young_13_MF3mGyEYCl7XYWbV9V6O.wav
2025-08-06 18:51:34,994 | INFO | Skipping. Already completed: age_young_14_21m00Tcm4TlvDq8ikWAM.wav
2025-08-06 18:51:34,994 | INFO | Skipping. Already completed: age_young_14_AZnzlk1XvdvUeBnXmlld.wav
2025-08-06 18:51:34,994 | INFO | Skipping. Already completed: age_young_14_CYw3kZ02Hs0563khs1Fj.wav
2025-08-06 18:51:34,994 | INFO | Skipping. Already completed: age_young_14_EXAVITQu4vr4xnSDxMaL.wav
2025-08-06 18:51:34,994 | INFO | Skipping. Already completed: age_young_14_ErXwobaYiN019PkySvjV.wav
2025-08-06 18:51:34,994 | INFO | Skipping. Already completed: age_young_14_FGY2WhTYpPnrIDTdsKH5.wav
2025-08-06 18:51:34,994 | INFO | Skipping. Already completed: age_young_14_GBv7mTt0atIp3Br8iCZE.wav
2025-08-06 18:51:34,994 | INFO | Skipping. Already completed: age_young_14_IKne3meq5aSn9XLyUdCD.wav
2025-08-06 18:51:34,994 | INFO | Skipping. Already completed: age_young_14_LcfcDJNUP1GQjkzn1xUU.wav
2025-08-06 18:51:34,994 | INFO | Skipping. Already completed: age_young_14_MF3mGyEYCl7XYWbV9V6O.wav
2025-08-06 18:51:34,995 | INFO | Skipping. Already completed: age_young_15_21m00Tcm4TlvDq8ikWAM.wav
2025-08-06 18:51:34,995 | INFO | Skipping. Already completed: age_young_15_AZnzlk1XvdvUeBnXmlld.wav
2025-08-06 18:51:34,995 | INFO | Skipping. Already completed: age_young_15_CYw3kZ02Hs0563khs1Fj.wav
2025-08-06 18:51:34,995 | INFO | Skipping. Already completed: age_young_15_EXAVITQu4vr4xnSDxMaL.wav
2025-08-06 18:51:34,995 | INFO | Skipping. Already completed: age_young_15_ErXwobaYiN019PkySvjV.wav
2025-08-06 18:51:34,995 | INFO | Skipping. Already completed: age_young_15_FGY2WhTYpPnrIDTdsKH5.wav
2025-08-06 18:51:34,995 | INFO | Skipping. Already completed: age_young_15_GBv7mTt0atIp3Br8iCZE.wav
2025-08-06 18:51:34,995 | INFO | Skipping. Already completed: age_young_15_IKne3meq5aSn9XLyUdCD.wav
2025-08-06 18:51:34,995 | INFO | Skipping. Already completed: age_young_15_LcfcDJNUP1GQjkzn1xUU.wav
2025-08-06 18:51:34,995 | INFO | Skipping. Already completed: age_young_15_MF3mGyEYCl7XYWbV9V6O.wav
2025-08-06 18:51:34,995 | INFO | Skipping. Already completed: age_young_16_21m00Tcm4TlvDq8ikWAM.wav
2025-08-06 18:51:34,995 | INFO | Skipping. Already completed: age_young_16_AZnzlk1XvdvUeBnXmlld.wav
2025-08-06 18:51:34,995 | INFO | Skipping. Already completed: age_young_16_CYw3kZ02Hs0563khs1Fj.wav
2025-08-06 18:51:34,995 | INFO | Skipping. Already completed: age_young_16_EXAVITQu4vr4xnSDxMaL.wav
2025-08-06 18:51:34,996 | INFO | Skipping. Already completed: age_young_16_ErXwobaYiN019PkySvjV.wav
2025-08-06 18:51:34,996 | INFO | Skipping. Already completed: age_young_16_FGY2WhTYpPnrIDTdsKH5.wav
2025-08-06 18:51:34,996 | INFO | Skipping. Already completed: age_young_16_GBv7mTt0atIp3Br8iCZE.wav
2025-08-06 18:51:34,996 | INFO | Skipping. Already completed: age_young_16_IKne3meq5aSn9XLyUdCD.wav
2025-08-06 18:51:34,996 | INFO | Skipping. Already completed: age_young_16_LcfcDJNUP1GQjkzn1xUU.wav
2025-08-06 18:51:34,996 | INFO | Skipping. Already completed: age_young_16_MF3mGyEYCl7XYWbV9V6O.wav
2025-08-06 18:51:34,996 | INFO | Skipping. Already completed: age_young_17_21m00Tcm4TlvDq8ikWAM.wav
2025-08-06 18:51:34,996 | INFO | Skipping. Already completed: age_young_17_AZnzlk1XvdvUeBnXmlld.wav
2025-08-06 18:51:34,996 | INFO | Skipping. Already completed: age_young_17_CYw3kZ02Hs0563khs1Fj.wav
2025-08-06 18:51:34,996 | INFO | Skipping. Already completed: age_young_17_EXAVITQu4vr4xnSDxMaL.wav
2025-08-06 18:51:34,996 | INFO | Skipping. Already completed: age_young_17_ErXwobaYiN019PkySvjV.wav
2025-08-06 18:51:34,996 | INFO | Skipping. Already completed: age_young_17_FGY2WhTYpPnrIDTdsKH5.wav
2025-08-06 18:51:34,996 | INFO | Skipping. Already completed: age_young_17_GBv7mTt0atIp3Br8iCZE.wav
2025-08-06 18:51:34,997 | INFO | Skipping. Already completed: age_young_17_IKne3meq5aSn9XLyUdCD.wav
2025-08-06 18:51:34,997 | INFO | Skipping. Already completed: age_young_17_LcfcDJNUP1GQjkzn1xUU.wav
2025-08-06 18:51:34,997 | INFO | Skipping. Already completed: age_young_17_MF3mGyEYCl7XYWbV9V6O.wav
2025-08-06 18:51:34,997 | INFO | Skipping. Already completed: age_young_18_21m00Tcm4TlvDq8ikWAM.wav
2025-08-06 18:51:34,997 | INFO | Skipping. Already completed: age_young_18_AZnzlk1XvdvUeBnXmlld.wav
2025-08-06 18:51:34,997 | INFO | Skipping. Already completed: age_young_18_CYw3kZ02Hs0563khs1Fj.wav
2025-08-06 18:51:34,997 | INFO | Skipping. Already completed: age_young_18_EXAVITQu4vr4xnSDxMaL.wav
2025-08-06 18:51:34,997 | INFO | Skipping. Already completed: age_young_18_ErXwobaYiN019PkySvjV.wav
2025-08-06 18:51:34,997 | INFO | Skipping. Already completed: age_young_18_FGY2WhTYpPnrIDTdsKH5.wav
2025-08-06 18:51:34,997 | INFO | Skipping. Already completed: age_young_18_GBv7mTt0atIp3Br8iCZE.wav
2025-08-06 18:51:34,997 | INFO | Skipping. Already completed: age_young_18_IKne3meq5aSn9XLyUdCD.wav
2025-08-06 18:51:34,997 | INFO | Skipping. Already completed: age_young_18_LcfcDJNUP1GQjkzn1xUU.wav
2025-08-06 18:51:34,997 | INFO | Skipping. Already completed: age_young_18_MF3mGyEYCl7XYWbV9V6O.wav
2025-08-06 18:51:34,998 | INFO | Skipping. Already completed: age_young_19_21m00Tcm4TlvDq8ikWAM.wav
2025-08-06 18:51:34,998 | INFO | Skipping. Already completed: age_young_19_AZnzlk1XvdvUeBnXmlld.wav
2025-08-06 18:51:34,998 | INFO | Skipping. Already completed: age_young_19_CYw3kZ02Hs0563khs1Fj.wav
2025-08-06 18:51:34,998 | INFO | Skipping. Already completed: age_young_19_EXAVITQu4vr4xnSDxMaL.wav
2025-08-06 18:51:34,998 | INFO | Skipping. Already completed: age_young_19_ErXwobaYiN019PkySvjV.wav
2025-08-06 18:51:34,998 | INFO | Skipping. Already completed: age_young_19_FGY2WhTYpPnrIDTdsKH5.wav
2025-08-06 18:51:34,998 | INFO | Skipping. Already completed: age_young_19_GBv7mTt0atIp3Br8iCZE.wav
2025-08-06 18:51:34,998 | INFO | Skipping. Already completed: age_young_19_IKne3meq5aSn9XLyUdCD.wav
2025-08-06 18:51:34,998 | INFO | Skipping. Already completed: age_young_19_LcfcDJNUP1GQjkzn1xUU.wav
2025-08-06 18:51:34,998 | INFO | Skipping. Already completed: age_young_19_MF3mGyEYCl7XYWbV9V6O.wav
2025-08-06 18:51:34,998 | INFO | Skipping. Already completed: age_young_20_21m00Tcm4TlvDq8ikWAM.wav
2025-08-06 18:51:34,998 | INFO | Skipping. Already completed: age_young_20_AZnzlk1XvdvUeBnXmlld.wav
2025-08-06 18:51:34,998 | INFO | Skipping. Already completed: age_young_20_CYw3kZ02Hs0563khs1Fj.wav
2025-08-06 18:51:34,998 | INFO | Skipping. Already completed: age_young_20_EXAVITQu4vr4xnSDxMaL.wav
2025-08-06 18:51:34,999 | INFO | Skipping. Already completed: age_young_20_ErXwobaYiN019PkySvjV.wav
2025-08-06 18:51:34,999 | INFO | Skipping. Already completed: age_young_20_FGY2WhTYpPnrIDTdsKH5.wav
2025-08-06 18:51:34,999 | INFO | Skipping. Already completed: age_young_20_GBv7mTt0atIp3Br8iCZE.wav
2025-08-06 18:51:34,999 | INFO | Skipping. Already completed: age_young_20_IKne3meq5aSn9XLyUdCD.wav
2025-08-06 18:51:34,999 | INFO | Skipping. Already completed: age_young_20_LcfcDJNUP1GQjkzn1xUU.wav
2025-08-06 18:51:34,999 | INFO | Skipping. Already completed: age_young_20_MF3mGyEYCl7XYWbV9V6O.wav
2025-08-06 18:51:34,999 | INFO | Skipping. Already completed: age_young_21_21m00Tcm4TlvDq8ikWAM.wav
2025-08-06 18:51:34,999 | INFO | Skipping. Already completed: age_young_21_AZnzlk1XvdvUeBnXmlld.wav
2025-08-06 18:51:34,999 | INFO | Skipping. Already completed: age_young_21_CYw3kZ02Hs0563khs1Fj.wav
2025-08-06 18:51:34,999 | INFO | Skipping. Already completed: age_young_21_EXAVITQu4vr4xnSDxMaL.wav
2025-08-06 18:51:34,999 | INFO | Skipping. Already completed: age_young_21_ErXwobaYiN019PkySvjV.wav
2025-08-06 18:51:34,999 | INFO | Skipping. Already completed: age_young_21_FGY2WhTYpPnrIDTdsKH5.wav
2025-08-06 18:51:34,999 | INFO | Skipping. Already completed: age_young_21_GBv7mTt0atIp3Br8iCZE.wav
2025-08-06 18:51:34,999 | INFO | Skipping. Already completed: age_young_21_IKne3meq5aSn9XLyUdCD.wav
2025-08-06 18:51:35,000 | INFO | Skipping. Already completed: age_young_21_LcfcDJNUP1GQjkzn1xUU.wav
2025-08-06 18:51:35,000 | INFO | Skipping. Already completed: age_young_21_MF3mGyEYCl7XYWbV9V6O.wav
2025-08-06 18:51:35,000 | INFO | Skipping. Already completed: age_young_22_21m00Tcm4TlvDq8ikWAM.wav
2025-08-06 18:51:35,000 | INFO | Skipping. Already completed: age_young_22_AZnzlk1XvdvUeBnXmlld.wav
2025-08-06 18:51:35,000 | INFO | Skipping. Already completed: age_young_22_CYw3kZ02Hs0563khs1Fj.wav
2025-08-06 18:51:35,000 | INFO | Skipping. Already completed: age_young_22_EXAVITQu4vr4xnSDxMaL.wav
2025-08-06 18:51:35,000 | INFO | Skipping. Already completed: age_young_22_ErXwobaYiN019PkySvjV.wav
2025-08-06 18:51:35,000 | INFO | Skipping. Already completed: age_young_22_FGY2WhTYpPnrIDTdsKH5.wav
2025-08-06 18:51:35,000 | INFO | Skipping. Already completed: age_young_22_GBv7mTt0atIp3Br8iCZE.wav
2025-08-06 18:51:35,000 | INFO | Skipping. Already completed: age_young_22_IKne3meq5aSn9XLyUdCD.wav
2025-08-06 18:51:35,000 | INFO | Skipping. Already completed: age_young_22_LcfcDJNUP1GQjkzn1xUU.wav
2025-08-06 18:51:35,000 | INFO | Skipping. Already completed: age_young_22_MF3mGyEYCl7XYWbV9V6O.wav
2025-08-06 18:51:35,000 | INFO | Skipping. Already completed: age_young_23_21m00Tcm4TlvDq8ikWAM.wav
2025-08-06 18:51:35,001 | INFO | Skipping. Already completed: age_young_23_AZnzlk1XvdvUeBnXmlld.wav
2025-08-06 18:51:35,001 | INFO | Skipping. Already completed: age_young_23_CYw3kZ02Hs0563khs1Fj.wav
2025-08-06 18:51:35,001 | INFO | Skipping. Already completed: age_young_23_EXAVITQu4vr4xnSDxMaL.wav
2025-08-06 18:51:35,001 | INFO | Skipping. Already completed: age_young_23_ErXwobaYiN019PkySvjV.wav
2025-08-06 18:51:35,001 | INFO | Skipping. Already completed: age_young_23_FGY2WhTYpPnrIDTdsKH5.wav
2025-08-06 18:51:35,001 | INFO | Skipping. Already completed: age_young_23_GBv7mTt0atIp3Br8iCZE.wav
2025-08-06 18:51:35,001 | INFO | Skipping. Already completed: age_young_23_IKne3meq5aSn9XLyUdCD.wav
2025-08-06 18:51:35,001 | INFO | Skipping. Already completed: age_young_23_LcfcDJNUP1GQjkzn1xUU.wav
2025-08-06 18:51:35,001 | INFO | Skipping. Already completed: age_young_23_MF3mGyEYCl7XYWbV9V6O.wav
2025-08-06 18:51:35,001 | INFO | Skipping. Already completed: age_young_24_21m00Tcm4TlvDq8ikWAM.wav
2025-08-06 18:51:35,001 | INFO | Skipping. Already completed: age_young_24_AZnzlk1XvdvUeBnXmlld.wav
2025-08-06 18:51:35,001 | INFO | Skipping. Already completed: age_young_24_CYw3kZ02Hs0563khs1Fj.wav
2025-08-06 18:51:35,001 | INFO | Skipping. Already completed: age_young_24_EXAVITQu4vr4xnSDxMaL.wav
2025-08-06 18:51:35,001 | INFO | Skipping. Already completed: age_young_24_ErXwobaYiN019PkySvjV.wav
2025-08-06 18:51:35,002 | INFO | Skipping. Already completed: age_young_24_FGY2WhTYpPnrIDTdsKH5.wav
2025-08-06 18:51:35,002 | INFO | Skipping. Already completed: age_young_24_GBv7mTt0atIp3Br8iCZE.wav
2025-08-06 18:51:35,002 | INFO | Skipping. Already completed: age_young_24_IKne3meq5aSn9XLyUdCD.wav
2025-08-06 18:51:35,002 | INFO | Skipping. Already completed: age_young_24_LcfcDJNUP1GQjkzn1xUU.wav
2025-08-06 18:51:35,002 | INFO | Skipping. Already completed: age_young_24_MF3mGyEYCl7XYWbV9V6O.wav
2025-08-06 18:51:35,002 | INFO | Skipping. Already completed: age_young_25_21m00Tcm4TlvDq8ikWAM.wav
2025-08-06 18:51:35,002 | INFO | Skipping. Already completed: age_young_25_AZnzlk1XvdvUeBnXmlld.wav
2025-08-06 18:51:35,002 | INFO | Skipping. Already completed: age_young_25_CYw3kZ02Hs0563khs1Fj.wav
2025-08-06 18:51:35,002 | INFO | Skipping. Already completed: age_young_25_EXAVITQu4vr4xnSDxMaL.wav
2025-08-06 18:51:35,002 | INFO | Skipping. Already completed: age_young_25_ErXwobaYiN019PkySvjV.wav
2025-08-06 18:51:35,002 | INFO | Skipping. Already completed: age_young_25_FGY2WhTYpPnrIDTdsKH5.wav
2025-08-06 18:51:35,002 | INFO | Skipping. Already completed: age_young_25_GBv7mTt0atIp3Br8iCZE.wav
2025-08-06 18:51:35,002 | INFO | Skipping. Already completed: age_young_25_IKne3meq5aSn9XLyUdCD.wav
2025-08-06 18:51:35,003 | INFO | Skipping. Already completed: age_young_25_LcfcDJNUP1GQjkzn1xUU.wav
2025-08-06 18:51:35,003 | INFO | Skipping. Already completed: age_young_25_MF3mGyEYCl7XYWbV9V6O.wav
2025-08-06 18:51:35,003 | INFO | Skipping. Already completed: age_young_26_21m00Tcm4TlvDq8ikWAM.wav
2025-08-06 18:51:35,003 | INFO | Skipping. Already completed: age_young_26_AZnzlk1XvdvUeBnXmlld.wav
2025-08-06 18:51:35,003 | INFO | Skipping. Already completed: age_young_26_CYw3kZ02Hs0563khs1Fj.wav
2025-08-06 18:51:35,003 | INFO | Skipping. Already completed: age_young_26_EXAVITQu4vr4xnSDxMaL.wav
2025-08-06 18:51:35,003 | INFO | Skipping. Already completed: age_young_26_ErXwobaYiN019PkySvjV.wav
2025-08-06 18:51:35,003 | INFO | Skipping. Already completed: age_young_26_FGY2WhTYpPnrIDTdsKH5.wav
2025-08-06 18:51:35,003 | INFO | Skipping. Already completed: age_young_26_GBv7mTt0atIp3Br8iCZE.wav
2025-08-06 18:51:35,003 | INFO | Skipping. Already completed: age_young_26_IKne3meq5aSn9XLyUdCD.wav
2025-08-06 18:51:35,003 | INFO | Skipping. Already completed: age_young_26_LcfcDJNUP1GQjkzn1xUU.wav
2025-08-06 18:51:35,003 | INFO | Skipping. Already completed: age_young_26_MF3mGyEYCl7XYWbV9V6O.wav
2025-08-06 18:51:35,003 | INFO | Skipping. Already completed: age_young_27_21m00Tcm4TlvDq8ikWAM.wav
2025-08-06 18:51:35,003 | INFO | Skipping. Already completed: age_young_27_AZnzlk1XvdvUeBnXmlld.wav
2025-08-06 18:51:35,004 | INFO | Skipping. Already completed: age_young_27_CYw3kZ02Hs0563khs1Fj.wav
2025-08-06 18:51:35,004 | INFO | Skipping. Already completed: age_young_27_EXAVITQu4vr4xnSDxMaL.wav
2025-08-06 18:51:35,004 | INFO | Skipping. Already completed: age_young_27_ErXwobaYiN019PkySvjV.wav
2025-08-06 18:51:35,004 | INFO | Skipping. Already completed: age_young_27_FGY2WhTYpPnrIDTdsKH5.wav
2025-08-06 18:51:35,004 | INFO | Skipping. Already completed: age_young_27_GBv7mTt0atIp3Br8iCZE.wav
2025-08-06 18:51:35,004 | INFO | Skipping. Already completed: age_young_27_IKne3meq5aSn9XLyUdCD.wav
2025-08-06 18:51:35,004 | INFO | Skipping. Already completed: age_young_27_LcfcDJNUP1GQjkzn1xUU.wav
2025-08-06 18:51:35,004 | INFO | Skipping. Already completed: age_young_27_MF3mGyEYCl7XYWbV9V6O.wav
2025-08-06 18:51:35,004 | INFO | Skipping. Already completed: age_young_28_21m00Tcm4TlvDq8ikWAM.wav
2025-08-06 18:51:35,004 | INFO | Skipping. Already completed: age_young_28_AZnzlk1XvdvUeBnXmlld.wav
2025-08-06 18:51:35,004 | INFO | Skipping. Already completed: age_young_28_CYw3kZ02Hs0563khs1Fj.wav
2025-08-06 18:51:35,004 | INFO | Skipping. Already completed: age_young_28_EXAVITQu4vr4xnSDxMaL.wav
2025-08-06 18:51:35,004 | INFO | Skipping. Already completed: age_young_28_ErXwobaYiN019PkySvjV.wav
2025-08-06 18:51:35,005 | INFO | Skipping. Already completed: age_young_28_FGY2WhTYpPnrIDTdsKH5.wav
2025-08-06 18:51:35,005 | INFO | Skipping. Already completed: age_young_28_GBv7mTt0atIp3Br8iCZE.wav
2025-08-06 18:51:35,005 | INFO | Skipping. Already completed: age_young_28_IKne3meq5aSn9XLyUdCD.wav
2025-08-06 18:51:35,005 | INFO | Skipping. Already completed: age_young_28_LcfcDJNUP1GQjkzn1xUU.wav
2025-08-06 18:51:35,005 | INFO | Skipping. Already completed: age_young_28_MF3mGyEYCl7XYWbV9V6O.wav
2025-08-06 18:51:35,005 | INFO | Skipping. Already completed: age_young_29_21m00Tcm4TlvDq8ikWAM.wav
2025-08-06 18:51:35,005 | INFO | Skipping. Already completed: age_young_29_AZnzlk1XvdvUeBnXmlld.wav
2025-08-06 18:51:35,005 | INFO | Skipping. Already completed: age_young_29_CYw3kZ02Hs0563khs1Fj.wav
2025-08-06 18:51:35,005 | INFO | Skipping. Already completed: age_young_29_EXAVITQu4vr4xnSDxMaL.wav
2025-08-06 18:51:35,005 | INFO | Skipping. Already completed: age_young_29_ErXwobaYiN019PkySvjV.wav
2025-08-06 18:51:35,005 | INFO | Skipping. Already completed: age_young_29_FGY2WhTYpPnrIDTdsKH5.wav
2025-08-06 18:51:35,005 | INFO | Skipping. Already completed: age_young_29_GBv7mTt0atIp3Br8iCZE.wav
2025-08-06 18:51:35,005 | INFO | Skipping. Already completed: age_young_29_IKne3meq5aSn9XLyUdCD.wav
2025-08-06 18:51:35,005 | INFO | Skipping. Already completed: age_young_29_LcfcDJNUP1GQjkzn1xUU.wav
2025-08-06 18:51:35,006 | INFO | Skipping. Already completed: age_young_29_MF3mGyEYCl7XYWbV9V6O.wav
2025-08-06 18:51:35,006 | INFO | Skipping. Already completed: age_young_30_21m00Tcm4TlvDq8ikWAM.wav
2025-08-06 18:51:35,006 | INFO | Skipping. Already completed: age_young_30_AZnzlk1XvdvUeBnXmlld.wav
2025-08-06 18:51:35,006 | INFO | Skipping. Already completed: age_young_30_CYw3kZ02Hs0563khs1Fj.wav
2025-08-06 18:51:35,006 | INFO | Skipping. Already completed: age_young_30_EXAVITQu4vr4xnSDxMaL.wav
2025-08-06 18:51:35,006 | INFO | Skipping. Already completed: age_young_30_ErXwobaYiN019PkySvjV.wav
2025-08-06 18:51:35,006 | INFO | Skipping. Already completed: age_young_30_FGY2WhTYpPnrIDTdsKH5.wav
2025-08-06 18:51:35,006 | INFO | Skipping. Already completed: age_young_30_GBv7mTt0atIp3Br8iCZE.wav
2025-08-06 18:51:35,006 | INFO | Skipping. Already completed: age_young_30_IKne3meq5aSn9XLyUdCD.wav
2025-08-06 18:51:35,006 | INFO | Skipping. Already completed: age_young_30_LcfcDJNUP1GQjkzn1xUU.wav
2025-08-06 18:51:35,006 | INFO | Skipping. Already completed: age_young_30_MF3mGyEYCl7XYWbV9V6O.wav
2025-08-06 18:51:35,006 | INFO | Skipping. Already completed: age_young_31_21m00Tcm4TlvDq8ikWAM.wav
2025-08-06 18:51:35,006 | INFO | Skipping. Already completed: age_young_31_AZnzlk1XvdvUeBnXmlld.wav
2025-08-06 18:51:35,006 | INFO | Skipping. Already completed: age_young_31_CYw3kZ02Hs0563khs1Fj.wav
2025-08-06 18:51:35,007 | INFO | Skipping. Already completed: age_young_31_EXAVITQu4vr4xnSDxMaL.wav
2025-08-06 18:51:35,007 | INFO | Skipping. Already completed: age_young_31_ErXwobaYiN019PkySvjV.wav
2025-08-06 18:51:35,007 | INFO | Skipping. Already completed: age_young_31_FGY2WhTYpPnrIDTdsKH5.wav
2025-08-06 18:51:35,007 | INFO | Skipping. Already completed: age_young_31_GBv7mTt0atIp3Br8iCZE.wav
2025-08-06 18:51:35,007 | INFO | Skipping. Already completed: age_young_31_IKne3meq5aSn9XLyUdCD.wav
2025-08-06 18:51:35,007 | INFO | Skipping. Already completed: age_young_31_LcfcDJNUP1GQjkzn1xUU.wav
2025-08-06 18:51:35,007 | INFO | Skipping. Already completed: age_young_31_MF3mGyEYCl7XYWbV9V6O.wav
2025-08-06 18:51:35,007 | INFO | Skipping. Already completed: age_young_32_21m00Tcm4TlvDq8ikWAM.wav
2025-08-06 18:51:35,007 | INFO | Skipping. Already completed: age_young_32_AZnzlk1XvdvUeBnXmlld.wav
2025-08-06 18:51:35,007 | INFO | Skipping. Already completed: age_young_32_CYw3kZ02Hs0563khs1Fj.wav
2025-08-06 18:51:35,007 | INFO | Skipping. Already completed: age_young_32_EXAVITQu4vr4xnSDxMaL.wav
2025-08-06 18:51:35,007 | INFO | Skipping. Already completed: age_young_32_ErXwobaYiN019PkySvjV.wav
2025-08-06 18:51:35,007 | INFO | Skipping. Already completed: age_young_32_FGY2WhTYpPnrIDTdsKH5.wav
2025-08-06 18:51:35,008 | INFO | Skipping. Already completed: age_young_32_GBv7mTt0atIp3Br8iCZE.wav
2025-08-06 18:51:35,008 | INFO | Skipping. Already completed: age_young_32_IKne3meq5aSn9XLyUdCD.wav
2025-08-06 18:51:35,008 | INFO | Skipping. Already completed: age_young_32_LcfcDJNUP1GQjkzn1xUU.wav
2025-08-06 18:51:35,008 | INFO | Skipping. Already completed: age_young_32_MF3mGyEYCl7XYWbV9V6O.wav
2025-08-06 18:51:35,008 | INFO | Skipping. Already completed: age_young_33_21m00Tcm4TlvDq8ikWAM.wav
2025-08-06 18:51:35,008 | INFO | Skipping. Already completed: age_young_33_AZnzlk1XvdvUeBnXmlld.wav
2025-08-06 18:51:35,008 | INFO | Skipping. Already completed: age_young_33_CYw3kZ02Hs0563khs1Fj.wav
2025-08-06 18:51:35,008 | INFO | Skipping. Already completed: age_young_33_EXAVITQu4vr4xnSDxMaL.wav
2025-08-06 18:51:35,008 | INFO | Skipping. Already completed: age_young_33_ErXwobaYiN019PkySvjV.wav
2025-08-06 18:51:35,008 | INFO | Skipping. Already completed: age_young_33_FGY2WhTYpPnrIDTdsKH5.wav
2025-08-06 18:51:35,008 | INFO | Skipping. Already completed: age_young_33_GBv7mTt0atIp3Br8iCZE.wav
2025-08-06 18:51:35,008 | INFO | Skipping. Already completed: age_young_33_IKne3meq5aSn9XLyUdCD.wav
2025-08-06 18:51:35,008 | INFO | Skipping. Already completed: age_young_33_LcfcDJNUP1GQjkzn1xUU.wav
2025-08-06 18:51:35,008 | INFO | Skipping. Already completed: age_young_33_MF3mGyEYCl7XYWbV9V6O.wav
2025-08-06 18:51:35,009 | INFO | Skipping. Already completed: age_young_34_21m00Tcm4TlvDq8ikWAM.wav
2025-08-06 18:51:35,009 | INFO | Skipping. Already completed: age_young_34_AZnzlk1XvdvUeBnXmlld.wav
2025-08-06 18:51:35,009 | INFO | Skipping. Already completed: age_young_34_CYw3kZ02Hs0563khs1Fj.wav
2025-08-06 18:51:35,009 | INFO | Skipping. Already completed: age_young_34_EXAVITQu4vr4xnSDxMaL.wav
2025-08-06 18:51:35,009 | INFO | Skipping. Already completed: age_young_34_ErXwobaYiN019PkySvjV.wav
2025-08-06 18:51:35,009 | INFO | Skipping. Already completed: age_young_34_FGY2WhTYpPnrIDTdsKH5.wav
2025-08-06 18:51:35,009 | INFO | Skipping. Already completed: age_young_34_GBv7mTt0atIp3Br8iCZE.wav
2025-08-06 18:51:35,009 | INFO | Skipping. Already completed: age_young_34_IKne3meq5aSn9XLyUdCD.wav
2025-08-06 18:51:35,009 | INFO | Skipping. Already completed: age_young_34_LcfcDJNUP1GQjkzn1xUU.wav
2025-08-06 18:51:35,009 | INFO | Skipping. Already completed: age_young_34_MF3mGyEYCl7XYWbV9V6O.wav
2025-08-06 18:51:35,009 | INFO | Skipping. Already completed: age_young_35_21m00Tcm4TlvDq8ikWAM.wav
2025-08-06 18:51:35,009 | INFO | Skipping. Already completed: age_young_35_AZnzlk1XvdvUeBnXmlld.wav
2025-08-06 18:51:35,009 | INFO | Skipping. Already completed: age_young_35_CYw3kZ02Hs0563khs1Fj.wav
2025-08-06 18:51:35,009 | INFO | Skipping. Already completed: age_young_35_EXAVITQu4vr4xnSDxMaL.wav
2025-08-06 18:51:35,010 | INFO | Skipping. Already completed: age_young_35_ErXwobaYiN019PkySvjV.wav
2025-08-06 18:51:35,010 | INFO | Skipping. Already completed: age_young_35_FGY2WhTYpPnrIDTdsKH5.wav
2025-08-06 18:51:35,010 | INFO | Skipping. Already completed: age_young_35_GBv7mTt0atIp3Br8iCZE.wav
2025-08-06 18:51:35,010 | INFO | Skipping. Already completed: age_young_35_IKne3meq5aSn9XLyUdCD.wav
2025-08-06 18:51:35,010 | INFO | Skipping. Already completed: age_young_35_LcfcDJNUP1GQjkzn1xUU.wav
2025-08-06 18:51:35,010 | INFO | Skipping. Already completed: age_young_35_MF3mGyEYCl7XYWbV9V6O.wav
2025-08-06 18:51:35,010 | INFO | Skipping. Already completed: age_young_36_21m00Tcm4TlvDq8ikWAM.wav
2025-08-06 18:51:35,010 | INFO | Skipping. Already completed: age_young_36_AZnzlk1XvdvUeBnXmlld.wav
2025-08-06 18:51:35,010 | INFO | Skipping. Already completed: age_young_36_CYw3kZ02Hs0563khs1Fj.wav
2025-08-06 18:51:35,010 | INFO | Skipping. Already completed: age_young_36_EXAVITQu4vr4xnSDxMaL.wav
2025-08-06 18:51:35,010 | INFO | Skipping. Already completed: age_young_36_ErXwobaYiN019PkySvjV.wav
2025-08-06 18:51:35,010 | INFO | Skipping. Already completed: age_young_36_FGY2WhTYpPnrIDTdsKH5.wav
2025-08-06 18:51:35,010 | INFO | Skipping. Already completed: age_young_36_GBv7mTt0atIp3Br8iCZE.wav
2025-08-06 18:51:35,011 | INFO | Skipping. Already completed: age_young_36_IKne3meq5aSn9XLyUdCD.wav
2025-08-06 18:51:35,011 | INFO | Skipping. Already completed: age_young_36_LcfcDJNUP1GQjkzn1xUU.wav
2025-08-06 18:51:35,011 | INFO | Skipping. Already completed: age_young_36_MF3mGyEYCl7XYWbV9V6O.wav
2025-08-06 18:51:35,011 | INFO | Skipping. Already completed: age_young_37_21m00Tcm4TlvDq8ikWAM.wav
2025-08-06 18:51:35,011 | INFO | Skipping. Already completed: age_young_37_AZnzlk1XvdvUeBnXmlld.wav
2025-08-06 18:51:35,011 | INFO | Skipping. Already completed: age_young_37_CYw3kZ02Hs0563khs1Fj.wav
2025-08-06 18:51:35,011 | INFO | Skipping. Already completed: age_young_37_EXAVITQu4vr4xnSDxMaL.wav
2025-08-06 18:51:35,011 | INFO | Skipping. Already completed: age_young_37_ErXwobaYiN019PkySvjV.wav
2025-08-06 18:51:35,011 | INFO | Skipping. Already completed: age_young_37_FGY2WhTYpPnrIDTdsKH5.wav
2025-08-06 18:51:35,011 | INFO | Skipping. Already completed: age_young_37_GBv7mTt0atIp3Br8iCZE.wav
2025-08-06 18:51:35,011 | INFO | Skipping. Already completed: age_young_37_IKne3meq5aSn9XLyUdCD.wav
2025-08-06 18:51:35,011 | INFO | Skipping. Already completed: age_young_37_LcfcDJNUP1GQjkzn1xUU.wav
2025-08-06 18:51:35,011 | INFO | Skipping. Already completed: age_young_37_MF3mGyEYCl7XYWbV9V6O.wav
2025-08-06 18:51:35,012 | INFO | Skipping. Already completed: age_young_38_21m00Tcm4TlvDq8ikWAM.wav
2025-08-06 18:51:35,012 | INFO | Skipping. Already completed: age_young_38_AZnzlk1XvdvUeBnXmlld.wav
2025-08-06 18:51:35,012 | INFO | Skipping. Already completed: age_young_38_CYw3kZ02Hs0563khs1Fj.wav
2025-08-06 18:51:35,012 | INFO | Skipping. Already completed: age_young_38_EXAVITQu4vr4xnSDxMaL.wav
2025-08-06 18:51:35,012 | INFO | Skipping. Already completed: age_young_38_ErXwobaYiN019PkySvjV.wav
2025-08-06 18:51:35,012 | INFO | Skipping. Already completed: age_young_38_FGY2WhTYpPnrIDTdsKH5.wav
2025-08-06 18:51:35,012 | INFO | Skipping. Already completed: age_young_38_GBv7mTt0atIp3Br8iCZE.wav
2025-08-06 18:51:35,012 | INFO | Skipping. Already completed: age_young_38_IKne3meq5aSn9XLyUdCD.wav
2025-08-06 18:51:35,012 | INFO | Skipping. Already completed: age_young_38_LcfcDJNUP1GQjkzn1xUU.wav
2025-08-06 18:51:35,012 | INFO | Skipping. Already completed: age_young_38_MF3mGyEYCl7XYWbV9V6O.wav
2025-08-06 18:51:35,012 | INFO | Skipping. Already completed: age_young_39_21m00Tcm4TlvDq8ikWAM.wav
2025-08-06 18:51:35,012 | INFO | Skipping. Already completed: age_young_39_AZnzlk1XvdvUeBnXmlld.wav
2025-08-06 18:51:35,012 | INFO | Skipping. Already completed: age_young_39_CYw3kZ02Hs0563khs1Fj.wav
2025-08-06 18:51:35,012 | INFO | Skipping. Already completed: age_young_39_EXAVITQu4vr4xnSDxMaL.wav
2025-08-06 18:51:35,013 | INFO | Skipping. Already completed: age_young_39_ErXwobaYiN019PkySvjV.wav
2025-08-06 18:51:35,013 | INFO | Skipping. Already completed: age_young_39_FGY2WhTYpPnrIDTdsKH5.wav
2025-08-06 18:51:35,013 | INFO | Skipping. Already completed: age_young_39_GBv7mTt0atIp3Br8iCZE.wav
2025-08-06 18:51:35,013 | INFO | Skipping. Already completed: age_young_39_IKne3meq5aSn9XLyUdCD.wav
2025-08-06 18:51:35,013 | INFO | Skipping. Already completed: age_young_39_LcfcDJNUP1GQjkzn1xUU.wav
2025-08-06 18:51:35,013 | INFO | Skipping. Already completed: age_young_39_MF3mGyEYCl7XYWbV9V6O.wav
2025-08-06 18:51:35,013 | INFO | Skipping. Already completed: age_young_40_21m00Tcm4TlvDq8ikWAM.wav
2025-08-06 18:51:35,013 | INFO | Skipping. Already completed: age_young_40_AZnzlk1XvdvUeBnXmlld.wav
2025-08-06 18:51:35,013 | INFO | Skipping. Already completed: age_young_40_CYw3kZ02Hs0563khs1Fj.wav
2025-08-06 18:51:35,013 | INFO | Skipping. Already completed: age_young_40_EXAVITQu4vr4xnSDxMaL.wav
2025-08-06 18:51:35,013 | INFO | Skipping. Already completed: age_young_40_ErXwobaYiN019PkySvjV.wav
2025-08-06 18:51:35,013 | INFO | Skipping. Already completed: age_young_40_FGY2WhTYpPnrIDTdsKH5.wav
2025-08-06 18:51:35,013 | INFO | Skipping. Already completed: age_young_40_GBv7mTt0atIp3Br8iCZE.wav
2025-08-06 18:51:35,013 | INFO | Skipping. Already completed: age_young_40_IKne3meq5aSn9XLyUdCD.wav
2025-08-06 18:51:35,014 | INFO | Skipping. Already completed: age_young_40_LcfcDJNUP1GQjkzn1xUU.wav
2025-08-06 18:51:35,014 | INFO | Skipping. Already completed: age_young_40_MF3mGyEYCl7XYWbV9V6O.wav
2025-08-06 18:51:35,014 | INFO | Skipping. Already completed: age_young_41_21m00Tcm4TlvDq8ikWAM.wav
2025-08-06 18:51:35,014 | INFO | Skipping. Already completed: age_young_41_AZnzlk1XvdvUeBnXmlld.wav
2025-08-06 18:51:35,014 | INFO | Skipping. Already completed: age_young_41_CYw3kZ02Hs0563khs1Fj.wav
2025-08-06 18:51:35,014 | INFO | Skipping. Already completed: age_young_41_EXAVITQu4vr4xnSDxMaL.wav
2025-08-06 18:51:35,014 | INFO | Skipping. Already completed: age_young_41_ErXwobaYiN019PkySvjV.wav
2025-08-06 18:51:35,014 | INFO | Skipping. Already completed: age_young_41_FGY2WhTYpPnrIDTdsKH5.wav
2025-08-06 18:51:35,014 | INFO | Skipping. Already completed: age_young_41_GBv7mTt0atIp3Br8iCZE.wav
2025-08-06 18:51:35,014 | INFO | Skipping. Already completed: age_young_41_IKne3meq5aSn9XLyUdCD.wav
2025-08-06 18:51:35,014 | INFO | Skipping. Already completed: age_young_41_LcfcDJNUP1GQjkzn1xUU.wav
2025-08-06 18:51:35,014 | INFO | Skipping. Already completed: age_young_41_MF3mGyEYCl7XYWbV9V6O.wav
2025-08-06 18:51:35,014 | INFO | Skipping. Already completed: age_young_42_21m00Tcm4TlvDq8ikWAM.wav
2025-08-06 18:51:35,015 | INFO | Skipping. Already completed: age_young_42_AZnzlk1XvdvUeBnXmlld.wav
2025-08-06 18:51:35,015 | INFO | Skipping. Already completed: age_young_42_CYw3kZ02Hs0563khs1Fj.wav
2025-08-06 18:51:35,015 | INFO | Skipping. Already completed: age_young_42_EXAVITQu4vr4xnSDxMaL.wav
2025-08-06 18:51:35,015 | INFO | Skipping. Already completed: age_young_42_ErXwobaYiN019PkySvjV.wav
2025-08-06 18:51:35,015 | INFO | Skipping. Already completed: age_young_42_FGY2WhTYpPnrIDTdsKH5.wav
2025-08-06 18:51:35,015 | INFO | Skipping. Already completed: age_young_42_GBv7mTt0atIp3Br8iCZE.wav
2025-08-06 18:51:35,015 | INFO | Skipping. Already completed: age_young_42_IKne3meq5aSn9XLyUdCD.wav
2025-08-06 18:51:35,015 | INFO | Skipping. Already completed: age_young_42_LcfcDJNUP1GQjkzn1xUU.wav
2025-08-06 18:51:35,015 | INFO | Skipping. Already completed: age_young_42_MF3mGyEYCl7XYWbV9V6O.wav
2025-08-06 18:51:35,015 | INFO | Skipping. Already completed: age_young_43_21m00Tcm4TlvDq8ikWAM.wav
2025-08-06 18:51:35,015 | INFO | Skipping. Already completed: age_young_43_AZnzlk1XvdvUeBnXmlld.wav
2025-08-06 18:51:35,015 | INFO | Skipping. Already completed: age_young_43_CYw3kZ02Hs0563khs1Fj.wav
2025-08-06 18:51:35,015 | INFO | Skipping. Already completed: age_young_43_EXAVITQu4vr4xnSDxMaL.wav
2025-08-06 18:51:35,015 | INFO | Skipping. Already completed: age_young_43_ErXwobaYiN019PkySvjV.wav
2025-08-06 18:51:35,016 | INFO | Skipping. Already completed: age_young_43_FGY2WhTYpPnrIDTdsKH5.wav
2025-08-06 18:51:35,016 | INFO | Skipping. Already completed: age_young_43_GBv7mTt0atIp3Br8iCZE.wav
2025-08-06 18:51:35,016 | INFO | Skipping. Already completed: age_young_43_IKne3meq5aSn9XLyUdCD.wav
2025-08-06 18:51:35,016 | INFO | Skipping. Already completed: age_young_43_LcfcDJNUP1GQjkzn1xUU.wav
2025-08-06 18:51:35,016 | INFO | Skipping. Already completed: age_young_43_MF3mGyEYCl7XYWbV9V6O.wav
2025-08-06 18:51:35,016 | INFO | Skipping. Already completed: age_young_44_21m00Tcm4TlvDq8ikWAM.wav
2025-08-06 18:51:35,016 | INFO | Skipping. Already completed: age_young_44_AZnzlk1XvdvUeBnXmlld.wav
2025-08-06 18:51:35,016 | INFO | Skipping. Already completed: age_young_44_CYw3kZ02Hs0563khs1Fj.wav
2025-08-06 18:51:35,016 | INFO | Skipping. Already completed: age_young_44_EXAVITQu4vr4xnSDxMaL.wav
2025-08-06 18:51:35,016 | INFO | Skipping. Already completed: age_young_44_ErXwobaYiN019PkySvjV.wav
2025-08-06 18:51:35,016 | INFO | Generating with 11labs voice Laura (FGY2WhTYpPnrIDTdsKH5) to age_young_44_FGY2WhTYpPnrIDTdsKH5.wav
2025-08-06 18:51:35,332 | INFO | Generating with 11labs voice Thomas (GBv7mTt0atIp3Br8iCZE) to age_young_44_GBv7mTt0atIp3Br8iCZE.wav
2025-08-06 18:51:35,720 | INFO | Generating with 11labs voice Charlie (IKne3meq5aSn9XLyUdCD) to age_young_44_IKne3meq5aSn9XLyUdCD.wav
2025-08-06 18:51:36,072 | INFO | Generating with 11labs voice Emily (LcfcDJNUP1GQjkzn1xUU) to age_young_44_LcfcDJNUP1GQjkzn1xUU.wav
2025-08-06 18:51:36,398 | INFO | Generating with 11labs voice Elli (MF3mGyEYCl7XYWbV9V6O) to age_young_44_MF3mGyEYCl7XYWbV9V6O.wav
2025-08-06 18:51:36,685 | INFO | Generating with 11labs voice Rachel (21m00Tcm4TlvDq8ikWAM) to age_young_45_21m00Tcm4TlvDq8ikWAM.wav
2025-08-06 18:51:36,970 | INFO | Generating with 11labs voice Domi (AZnzlk1XvdvUeBnXmlld) to age_young_45_AZnzlk1XvdvUeBnXmlld.wav
2025-08-06 18:51:37,237 | INFO | Generating with 11labs voice Dave (CYw3kZ02Hs0563khs1Fj) to age_young_45_CYw3kZ02Hs0563khs1Fj.wav
2025-08-06 18:51:37,666 | INFO | Generating with 11labs voice Sarah (EXAVITQu4vr4xnSDxMaL) to age_young_45_EXAVITQu4vr4xnSDxMaL.wav
2025-08-06 18:51:38,000 | INFO | Generating with 11labs voice Antoni (ErXwobaYiN019PkySvjV) to age_young_45_ErXwobaYiN019PkySvjV.wav
2025-08-06 18:51:38,333 | INFO | Generating with 11labs voice Laura (FGY2WhTYpPnrIDTdsKH5) to age_young_45_FGY2WhTYpPnrIDTdsKH5.wav
2025-08-06 18:51:38,683 | INFO | Generating with 11labs voice Thomas (GBv7mTt0atIp3Br8iCZE) to age_young_45_GBv7mTt0atIp3Br8iCZE.wav
2025-08-06 18:51:39,008 | INFO | Generating with 11labs voice Charlie (IKne3meq5aSn9XLyUdCD) to age_young_45_IKne3meq5aSn9XLyUdCD.wav
2025-08-06 18:51:39,296 | INFO | Generating with 11labs voice Emily (LcfcDJNUP1GQjkzn1xUU) to age_young_45_LcfcDJNUP1GQjkzn1xUU.wav
2025-08-06 18:51:39,665 | INFO | Generating with 11labs voice Elli (MF3mGyEYCl7XYWbV9V6O) to age_young_45_MF3mGyEYCl7XYWbV9V6O.wav
2025-08-06 18:51:39,986 | INFO | Generating with 11labs voice Rachel (21m00Tcm4TlvDq8ikWAM) to age_young_46_21m00Tcm4TlvDq8ikWAM.wav
2025-08-06 18:51:40,293 | INFO | Generating with 11labs voice Domi (AZnzlk1XvdvUeBnXmlld) to age_young_46_AZnzlk1XvdvUeBnXmlld.wav
2025-08-06 18:51:40,583 | INFO | Generating with 11labs voice Dave (CYw3kZ02Hs0563khs1Fj) to age_young_46_CYw3kZ02Hs0563khs1Fj.wav
2025-08-06 18:51:40,876 | INFO | Generating with 11labs voice Sarah (EXAVITQu4vr4xnSDxMaL) to age_young_46_EXAVITQu4vr4xnSDxMaL.wav
2025-08-06 18:51:41,235 | INFO | Generating with 11labs voice Antoni (ErXwobaYiN019PkySvjV) to age_young_46_ErXwobaYiN019PkySvjV.wav
2025-08-06 18:51:41,536 | INFO | Generating with 11labs voice Laura (FGY2WhTYpPnrIDTdsKH5) to age_young_46_FGY2WhTYpPnrIDTdsKH5.wav
2025-08-06 18:51:41,874 | INFO | Generating with 11labs voice Thomas (GBv7mTt0atIp3Br8iCZE) to age_young_46_GBv7mTt0atIp3Br8iCZE.wav
2025-08-06 18:51:42,183 | INFO | Generating with 11labs voice Charlie (IKne3meq5aSn9XLyUdCD) to age_young_46_IKne3meq5aSn9XLyUdCD.wav
2025-08-06 18:51:42,545 | INFO | Generating with 11labs voice Emily (LcfcDJNUP1GQjkzn1xUU) to age_young_46_LcfcDJNUP1GQjkzn1xUU.wav
2025-08-06 18:51:42,874 | INFO | Generating with 11labs voice Elli (MF3mGyEYCl7XYWbV9V6O) to age_young_46_MF3mGyEYCl7XYWbV9V6O.wav
2025-08-06 18:51:43,153 | INFO | Generating with 11labs voice Rachel (21m00Tcm4TlvDq8ikWAM) to age_young_47_21m00Tcm4TlvDq8ikWAM.wav
2025-08-06 18:51:43,426 | INFO | Generating with 11labs voice Domi (AZnzlk1XvdvUeBnXmlld) to age_young_47_AZnzlk1XvdvUeBnXmlld.wav
2025-08-06 18:51:43,710 | INFO | Generating with 11labs voice Dave (CYw3kZ02Hs0563khs1Fj) to age_young_47_CYw3kZ02Hs0563khs1Fj.wav
2025-08-06 18:51:44,018 | INFO | Generating with 11labs voice Sarah (EXAVITQu4vr4xnSDxMaL) to age_young_47_EXAVITQu4vr4xnSDxMaL.wav
2025-08-06 18:51:44,369 | INFO | Generating with 11labs voice Antoni (ErXwobaYiN019PkySvjV) to age_young_47_ErXwobaYiN019PkySvjV.wav
2025-08-06 18:51:44,655 | INFO | Generating with 11labs voice Laura (FGY2WhTYpPnrIDTdsKH5) to age_young_47_FGY2WhTYpPnrIDTdsKH5.wav
2025-08-06 18:51:44,994 | INFO | Generating with 11labs voice Thomas (GBv7mTt0atIp3Br8iCZE) to age_young_47_GBv7mTt0atIp3Br8iCZE.wav
2025-08-06 18:51:45,584 | INFO | Generating with 11labs voice Charlie (IKne3meq5aSn9XLyUdCD) to age_young_47_IKne3meq5aSn9XLyUdCD.wav
2025-08-06 18:51:46,159 | INFO | Generating with 11labs voice Emily (LcfcDJNUP1GQjkzn1xUU) to age_young_47_LcfcDJNUP1GQjkzn1xUU.wav
2025-08-06 18:51:46,481 | INFO | Generating with 11labs voice Elli (MF3mGyEYCl7XYWbV9V6O) to age_young_47_MF3mGyEYCl7XYWbV9V6O.wav
2025-08-06 18:51:46,793 | INFO | Generating with 11labs voice Rachel (21m00Tcm4TlvDq8ikWAM) to age_young_48_21m00Tcm4TlvDq8ikWAM.wav
2025-08-06 18:51:47,111 | INFO | Generating with 11labs voice Domi (AZnzlk1XvdvUeBnXmlld) to age_young_48_AZnzlk1XvdvUeBnXmlld.wav
2025-08-06 18:51:47,375 | INFO | Generating with 11labs voice Dave (CYw3kZ02Hs0563khs1Fj) to age_young_48_CYw3kZ02Hs0563khs1Fj.wav
2025-08-06 18:51:47,678 | INFO | Generating with 11labs voice Sarah (EXAVITQu4vr4xnSDxMaL) to age_young_48_EXAVITQu4vr4xnSDxMaL.wav
2025-08-06 18:51:47,954 | INFO | Generating with 11labs voice Antoni (ErXwobaYiN019PkySvjV) to age_young_48_ErXwobaYiN019PkySvjV.wav
2025-08-06 18:51:48,225 | INFO | Generating with 11labs voice Laura (FGY2WhTYpPnrIDTdsKH5) to age_young_48_FGY2WhTYpPnrIDTdsKH5.wav
2025-08-06 18:51:48,930 | INFO | Generating with 11labs voice Thomas (GBv7mTt0atIp3Br8iCZE) to age_young_48_GBv7mTt0atIp3Br8iCZE.wav
2025-08-06 18:51:49,233 | INFO | Generating with 11labs voice Charlie (IKne3meq5aSn9XLyUdCD) to age_young_48_IKne3meq5aSn9XLyUdCD.wav
2025-08-06 18:51:49,527 | INFO | Generating with 11labs voice Emily (LcfcDJNUP1GQjkzn1xUU) to age_young_48_LcfcDJNUP1GQjkzn1xUU.wav
2025-08-06 18:51:49,865 | INFO | Generating with 11labs voice Elli (MF3mGyEYCl7XYWbV9V6O) to age_young_48_MF3mGyEYCl7XYWbV9V6O.wav
2025-08-06 18:51:50,158 | INFO | Generating with 11labs voice Rachel (21m00Tcm4TlvDq8ikWAM) to age_young_49_21m00Tcm4TlvDq8ikWAM.wav
2025-08-06 18:51:50,466 | INFO | Generating with 11labs voice Domi (AZnzlk1XvdvUeBnXmlld) to age_young_49_AZnzlk1XvdvUeBnXmlld.wav
2025-08-06 18:51:50,791 | INFO | Generating with 11labs voice Dave (CYw3kZ02Hs0563khs1Fj) to age_young_49_CYw3kZ02Hs0563khs1Fj.wav
2025-08-06 18:51:51,083 | INFO | Generating with 11labs voice Sarah (EXAVITQu4vr4xnSDxMaL) to age_young_49_EXAVITQu4vr4xnSDxMaL.wav
2025-08-06 18:51:51,363 | INFO | Generating with 11labs voice Antoni (ErXwobaYiN019PkySvjV) to age_young_49_ErXwobaYiN019PkySvjV.wav
2025-08-06 18:51:51,638 | INFO | Generating with 11labs voice Laura (FGY2WhTYpPnrIDTdsKH5) to age_young_49_FGY2WhTYpPnrIDTdsKH5.wav
2025-08-06 18:51:51,960 | INFO | Generating with 11labs voice Thomas (GBv7mTt0atIp3Br8iCZE) to age_young_49_GBv7mTt0atIp3Br8iCZE.wav
2025-08-06 18:51:52,291 | INFO | Generating with 11labs voice Charlie (IKne3meq5aSn9XLyUdCD) to age_young_49_IKne3meq5aSn9XLyUdCD.wav
2025-08-06 18:51:52,580 | INFO | Generating with 11labs voice Emily (LcfcDJNUP1GQjkzn1xUU) to age_young_49_LcfcDJNUP1GQjkzn1xUU.wav
2025-08-06 18:51:52,925 | INFO | Generating with 11labs voice Elli (MF3mGyEYCl7XYWbV9V6O) to age_young_49_MF3mGyEYCl7XYWbV9V6O.wav
2025-08-06 18:51:53,186 | INFO | task age/young reached target number of generation 500
2025-08-06 18:51:53,186 | INFO | Processing 11labs task age subtask old
2025-08-06 18:51:53,270 | INFO | Skipping Arnold (VR6AewLTigWG4xSOukaG)  labels={'accent': 'american', 'description': 'crisp', 'age': 'middle_aged', 'gender': 'male', 'use_case': 'narration'}, expected={'age': 'old'}
2025-08-06 18:51:53,270 | INFO | Skipping Arnold (wViXBPUzp2ZZixB1xQuM)  labels={'accent': 'american', 'description': 'crisp', 'age': 'middle_aged', 'gender': 'male', 'use_case': 'narration'}, expected={'age': 'old'}
2025-08-06 18:51:53,270 | INFO | Generating with 11labs voice Liam Dale - British Male 60's (w2ZdKT3ghAOcMRbpjC3u) to age_old_0_w2ZdKT3ghAOcMRbpjC3u.wav
2025-08-06 18:51:53,789 | INFO | Skipping. Already completed: age_old_0_D38z5RcWu1voky8WS1ja.wav
2025-08-06 18:51:53,789 | INFO | Skipping. Already completed: age_old_0_ZQe5CZNOzWyzPSCn5a3c.wav
2025-08-06 18:51:53,789 | INFO | Skipping. Already completed: age_old_0_flq6f7yk4E4fJM5XTYuZ.wav
2025-08-06 18:51:53,789 | INFO | Skipping. Already completed: age_old_0_knrPHWnBmmDHMoiMeP3l.wav
2025-08-06 18:51:53,789 | INFO | Skipping. Already completed: age_old_0_pqHfZKP75CvOlQylNhV4.wav
2025-08-06 18:51:53,790 | INFO | Skipping. Already completed: age_old_0_t0jbNlBVZ17f02VDIeMI.wav
2025-08-06 18:51:53,790 | INFO | Generating with 11labs voice Liam Dale - British Male 60's (w2ZdKT3ghAOcMRbpjC3u) to age_old_1_w2ZdKT3ghAOcMRbpjC3u.wav
2025-08-06 18:51:54,111 | INFO | Skipping. Already completed: age_old_1_D38z5RcWu1voky8WS1ja.wav
2025-08-06 18:51:54,112 | INFO | Skipping. Already completed: age_old_1_ZQe5CZNOzWyzPSCn5a3c.wav
2025-08-06 18:51:54,112 | INFO | Skipping. Already completed: age_old_1_flq6f7yk4E4fJM5XTYuZ.wav
2025-08-06 18:51:54,112 | INFO | Skipping. Already completed: age_old_1_knrPHWnBmmDHMoiMeP3l.wav
2025-08-06 18:51:54,112 | INFO | Skipping. Already completed: age_old_1_pqHfZKP75CvOlQylNhV4.wav
2025-08-06 18:51:54,112 | INFO | Skipping. Already completed: age_old_1_t0jbNlBVZ17f02VDIeMI.wav
2025-08-06 18:51:54,112 | INFO | Generating with 11labs voice Liam Dale - British Male 60's (w2ZdKT3ghAOcMRbpjC3u) to age_old_2_w2ZdKT3ghAOcMRbpjC3u.wav
2025-08-06 18:51:54,471 | INFO | Skipping. Already completed: age_old_2_D38z5RcWu1voky8WS1ja.wav
2025-08-06 18:51:54,471 | INFO | Skipping. Already completed: age_old_2_ZQe5CZNOzWyzPSCn5a3c.wav
2025-08-06 18:51:54,471 | INFO | Skipping. Already completed: age_old_2_flq6f7yk4E4fJM5XTYuZ.wav
2025-08-06 18:51:54,471 | INFO | Skipping. Already completed: age_old_2_knrPHWnBmmDHMoiMeP3l.wav
2025-08-06 18:51:54,471 | INFO | Skipping. Already completed: age_old_2_pqHfZKP75CvOlQylNhV4.wav
2025-08-06 18:51:54,472 | INFO | Skipping. Already completed: age_old_2_t0jbNlBVZ17f02VDIeMI.wav
2025-08-06 18:51:54,472 | INFO | Generating with 11labs voice Liam Dale - British Male 60's (w2ZdKT3ghAOcMRbpjC3u) to age_old_3_w2ZdKT3ghAOcMRbpjC3u.wav
2025-08-06 18:51:55,294 | INFO | Skipping. Already completed: age_old_3_D38z5RcWu1voky8WS1ja.wav
2025-08-06 18:51:55,294 | INFO | Skipping. Already completed: age_old_3_ZQe5CZNOzWyzPSCn5a3c.wav
2025-08-06 18:51:55,295 | INFO | Skipping. Already completed: age_old_3_flq6f7yk4E4fJM5XTYuZ.wav
2025-08-06 18:51:55,295 | INFO | Skipping. Already completed: age_old_3_knrPHWnBmmDHMoiMeP3l.wav
2025-08-06 18:51:55,295 | INFO | Skipping. Already completed: age_old_3_pqHfZKP75CvOlQylNhV4.wav
2025-08-06 18:51:55,295 | INFO | Skipping. Already completed: age_old_3_t0jbNlBVZ17f02VDIeMI.wav
2025-08-06 18:51:55,295 | INFO | Generating with 11labs voice Liam Dale - British Male 60's (w2ZdKT3ghAOcMRbpjC3u) to age_old_4_w2ZdKT3ghAOcMRbpjC3u.wav
2025-08-06 18:51:55,628 | INFO | Skipping. Already completed: age_old_4_D38z5RcWu1voky8WS1ja.wav
2025-08-06 18:51:55,628 | INFO | Skipping. Already completed: age_old_4_ZQe5CZNOzWyzPSCn5a3c.wav
2025-08-06 18:51:55,628 | INFO | Skipping. Already completed: age_old_4_flq6f7yk4E4fJM5XTYuZ.wav
2025-08-06 18:51:55,628 | INFO | Skipping. Already completed: age_old_4_knrPHWnBmmDHMoiMeP3l.wav
2025-08-06 18:51:55,629 | INFO | Skipping. Already completed: age_old_4_pqHfZKP75CvOlQylNhV4.wav
2025-08-06 18:51:55,629 | INFO | Skipping. Already completed: age_old_4_t0jbNlBVZ17f02VDIeMI.wav
2025-08-06 18:51:55,629 | INFO | Generating with 11labs voice Liam Dale - British Male 60's (w2ZdKT3ghAOcMRbpjC3u) to age_old_5_w2ZdKT3ghAOcMRbpjC3u.wav
2025-08-06 18:51:55,953 | INFO | Skipping. Already completed: age_old_5_D38z5RcWu1voky8WS1ja.wav
2025-08-06 18:51:55,953 | INFO | Skipping. Already completed: age_old_5_ZQe5CZNOzWyzPSCn5a3c.wav
2025-08-06 18:51:55,954 | INFO | Skipping. Already completed: age_old_5_flq6f7yk4E4fJM5XTYuZ.wav
2025-08-06 18:51:55,954 | INFO | Skipping. Already completed: age_old_5_knrPHWnBmmDHMoiMeP3l.wav
2025-08-06 18:51:55,954 | INFO | Skipping. Already completed: age_old_5_pqHfZKP75CvOlQylNhV4.wav
2025-08-06 18:51:55,954 | INFO | Skipping. Already completed: age_old_5_t0jbNlBVZ17f02VDIeMI.wav
2025-08-06 18:51:55,954 | INFO | Generating with 11labs voice Liam Dale - British Male 60's (w2ZdKT3ghAOcMRbpjC3u) to age_old_6_w2ZdKT3ghAOcMRbpjC3u.wav
2025-08-06 18:51:56,260 | INFO | Generating with 11labs voice Fin (D38z5RcWu1voky8WS1ja) to age_old_6_D38z5RcWu1voky8WS1ja.wav
2025-08-06 18:51:56,578 | INFO | Generating with 11labs voice James (ZQe5CZNOzWyzPSCn5a3c) to age_old_6_ZQe5CZNOzWyzPSCn5a3c.wav
2025-08-06 18:51:56,864 | INFO | Generating with 11labs voice Michael (flq6f7yk4E4fJM5XTYuZ) to age_old_6_flq6f7yk4E4fJM5XTYuZ.wav
2025-08-06 18:51:57,172 | INFO | Generating with 11labs voice  Santa Claus (knrPHWnBmmDHMoiMeP3l) to age_old_6_knrPHWnBmmDHMoiMeP3l.wav
2025-08-06 18:51:57,536 | INFO | Generating with 11labs voice Bill (pqHfZKP75CvOlQylNhV4) to age_old_6_pqHfZKP75CvOlQylNhV4.wav
2025-08-06 18:51:57,831 | INFO | Generating with 11labs voice Jessie (t0jbNlBVZ17f02VDIeMI) to age_old_6_t0jbNlBVZ17f02VDIeMI.wav
2025-08-06 18:51:58,180 | INFO | Generating with 11labs voice Liam Dale - British Male 60's (w2ZdKT3ghAOcMRbpjC3u) to age_old_7_w2ZdKT3ghAOcMRbpjC3u.wav
2025-08-06 18:51:58,486 | INFO | Generating with 11labs voice Fin (D38z5RcWu1voky8WS1ja) to age_old_7_D38z5RcWu1voky8WS1ja.wav
2025-08-06 18:51:58,827 | INFO | Generating with 11labs voice James (ZQe5CZNOzWyzPSCn5a3c) to age_old_7_ZQe5CZNOzWyzPSCn5a3c.wav
2025-08-06 18:51:59,203 | INFO | Generating with 11labs voice Michael (flq6f7yk4E4fJM5XTYuZ) to age_old_7_flq6f7yk4E4fJM5XTYuZ.wav
2025-08-06 18:51:59,505 | INFO | Generating with 11labs voice  Santa Claus (knrPHWnBmmDHMoiMeP3l) to age_old_7_knrPHWnBmmDHMoiMeP3l.wav
2025-08-06 18:51:59,836 | INFO | Generating with 11labs voice Bill (pqHfZKP75CvOlQylNhV4) to age_old_7_pqHfZKP75CvOlQylNhV4.wav
2025-08-06 18:52:00,173 | INFO | Generating with 11labs voice Jessie (t0jbNlBVZ17f02VDIeMI) to age_old_7_t0jbNlBVZ17f02VDIeMI.wav
2025-08-06 18:52:00,495 | INFO | Generating with 11labs voice Liam Dale - British Male 60's (w2ZdKT3ghAOcMRbpjC3u) to age_old_8_w2ZdKT3ghAOcMRbpjC3u.wav
2025-08-06 18:52:00,815 | INFO | Generating with 11labs voice Fin (D38z5RcWu1voky8WS1ja) to age_old_8_D38z5RcWu1voky8WS1ja.wav
2025-08-06 18:52:01,123 | INFO | Generating with 11labs voice James (ZQe5CZNOzWyzPSCn5a3c) to age_old_8_ZQe5CZNOzWyzPSCn5a3c.wav
2025-08-06 18:52:01,477 | INFO | Generating with 11labs voice Michael (flq6f7yk4E4fJM5XTYuZ) to age_old_8_flq6f7yk4E4fJM5XTYuZ.wav
2025-08-06 18:52:01,791 | INFO | Generating with 11labs voice  Santa Claus (knrPHWnBmmDHMoiMeP3l) to age_old_8_knrPHWnBmmDHMoiMeP3l.wav
2025-08-06 18:52:02,150 | INFO | Generating with 11labs voice Bill (pqHfZKP75CvOlQylNhV4) to age_old_8_pqHfZKP75CvOlQylNhV4.wav
2025-08-06 18:52:02,508 | INFO | Generating with 11labs voice Jessie (t0jbNlBVZ17f02VDIeMI) to age_old_8_t0jbNlBVZ17f02VDIeMI.wav
2025-08-06 18:52:02,801 | INFO | Generating with 11labs voice Liam Dale - British Male 60's (w2ZdKT3ghAOcMRbpjC3u) to age_old_9_w2ZdKT3ghAOcMRbpjC3u.wav
2025-08-06 18:52:03,123 | INFO | Generating with 11labs voice Fin (D38z5RcWu1voky8WS1ja) to age_old_9_D38z5RcWu1voky8WS1ja.wav
2025-08-06 18:52:03,426 | INFO | Generating with 11labs voice James (ZQe5CZNOzWyzPSCn5a3c) to age_old_9_ZQe5CZNOzWyzPSCn5a3c.wav
2025-08-06 18:52:03,818 | INFO | Generating with 11labs voice Michael (flq6f7yk4E4fJM5XTYuZ) to age_old_9_flq6f7yk4E4fJM5XTYuZ.wav
2025-08-06 18:52:04,114 | INFO | Generating with 11labs voice  Santa Claus (knrPHWnBmmDHMoiMeP3l) to age_old_9_knrPHWnBmmDHMoiMeP3l.wav
2025-08-06 18:52:04,440 | INFO | Generating with 11labs voice Bill (pqHfZKP75CvOlQylNhV4) to age_old_9_pqHfZKP75CvOlQylNhV4.wav
2025-08-06 18:52:04,735 | INFO | Generating with 11labs voice Jessie (t0jbNlBVZ17f02VDIeMI) to age_old_9_t0jbNlBVZ17f02VDIeMI.wav
2025-08-06 18:52:05,020 | INFO | Generating with 11labs voice Liam Dale - British Male 60's (w2ZdKT3ghAOcMRbpjC3u) to age_old_10_w2ZdKT3ghAOcMRbpjC3u.wav
2025-08-06 18:52:05,365 | INFO | Generating with 11labs voice Fin (D38z5RcWu1voky8WS1ja) to age_old_10_D38z5RcWu1voky8WS1ja.wav
2025-08-06 18:52:05,699 | INFO | Generating with 11labs voice James (ZQe5CZNOzWyzPSCn5a3c) to age_old_10_ZQe5CZNOzWyzPSCn5a3c.wav
2025-08-06 18:52:06,014 | INFO | Generating with 11labs voice Michael (flq6f7yk4E4fJM5XTYuZ) to age_old_10_flq6f7yk4E4fJM5XTYuZ.wav
2025-08-06 18:52:06,349 | INFO | Generating with 11labs voice  Santa Claus (knrPHWnBmmDHMoiMeP3l) to age_old_10_knrPHWnBmmDHMoiMeP3l.wav
2025-08-06 18:52:06,659 | INFO | Generating with 11labs voice Bill (pqHfZKP75CvOlQylNhV4) to age_old_10_pqHfZKP75CvOlQylNhV4.wav
2025-08-06 18:52:06,950 | INFO | Generating with 11labs voice Jessie (t0jbNlBVZ17f02VDIeMI) to age_old_10_t0jbNlBVZ17f02VDIeMI.wav
2025-08-06 18:52:07,290 | INFO | Generating with 11labs voice Liam Dale - British Male 60's (w2ZdKT3ghAOcMRbpjC3u) to age_old_11_w2ZdKT3ghAOcMRbpjC3u.wav
2025-08-06 18:52:07,613 | INFO | Generating with 11labs voice Fin (D38z5RcWu1voky8WS1ja) to age_old_11_D38z5RcWu1voky8WS1ja.wav
2025-08-06 18:52:07,932 | INFO | Generating with 11labs voice James (ZQe5CZNOzWyzPSCn5a3c) to age_old_11_ZQe5CZNOzWyzPSCn5a3c.wav
2025-08-06 18:52:08,335 | INFO | Generating with 11labs voice Michael (flq6f7yk4E4fJM5XTYuZ) to age_old_11_flq6f7yk4E4fJM5XTYuZ.wav
2025-08-06 18:52:08,626 | INFO | Generating with 11labs voice  Santa Claus (knrPHWnBmmDHMoiMeP3l) to age_old_11_knrPHWnBmmDHMoiMeP3l.wav
2025-08-06 18:52:08,970 | INFO | Generating with 11labs voice Bill (pqHfZKP75CvOlQylNhV4) to age_old_11_pqHfZKP75CvOlQylNhV4.wav
2025-08-06 18:52:09,280 | INFO | Generating with 11labs voice Jessie (t0jbNlBVZ17f02VDIeMI) to age_old_11_t0jbNlBVZ17f02VDIeMI.wav
2025-08-06 18:52:09,656 | INFO | Generating with 11labs voice Liam Dale - British Male 60's (w2ZdKT3ghAOcMRbpjC3u) to age_old_12_w2ZdKT3ghAOcMRbpjC3u.wav
2025-08-06 18:52:10,024 | INFO | Generating with 11labs voice Fin (D38z5RcWu1voky8WS1ja) to age_old_12_D38z5RcWu1voky8WS1ja.wav
2025-08-06 18:52:10,424 | INFO | Generating with 11labs voice James (ZQe5CZNOzWyzPSCn5a3c) to age_old_12_ZQe5CZNOzWyzPSCn5a3c.wav
2025-08-06 18:52:10,752 | INFO | Generating with 11labs voice Michael (flq6f7yk4E4fJM5XTYuZ) to age_old_12_flq6f7yk4E4fJM5XTYuZ.wav
2025-08-06 18:52:11,062 | INFO | Generating with 11labs voice  Santa Claus (knrPHWnBmmDHMoiMeP3l) to age_old_12_knrPHWnBmmDHMoiMeP3l.wav
2025-08-06 18:52:11,439 | INFO | Generating with 11labs voice Bill (pqHfZKP75CvOlQylNhV4) to age_old_12_pqHfZKP75CvOlQylNhV4.wav
2025-08-06 18:52:11,754 | INFO | Generating with 11labs voice Jessie (t0jbNlBVZ17f02VDIeMI) to age_old_12_t0jbNlBVZ17f02VDIeMI.wav
2025-08-06 18:52:12,058 | INFO | Generating with 11labs voice Liam Dale - British Male 60's (w2ZdKT3ghAOcMRbpjC3u) to age_old_13_w2ZdKT3ghAOcMRbpjC3u.wav
2025-08-06 18:52:12,338 | INFO | Generating with 11labs voice Fin (D38z5RcWu1voky8WS1ja) to age_old_13_D38z5RcWu1voky8WS1ja.wav
2025-08-06 18:52:12,622 | INFO | Generating with 11labs voice James (ZQe5CZNOzWyzPSCn5a3c) to age_old_13_ZQe5CZNOzWyzPSCn5a3c.wav
2025-08-06 18:52:12,957 | INFO | Generating with 11labs voice Michael (flq6f7yk4E4fJM5XTYuZ) to age_old_13_flq6f7yk4E4fJM5XTYuZ.wav
2025-08-06 18:52:13,267 | INFO | Generating with 11labs voice  Santa Claus (knrPHWnBmmDHMoiMeP3l) to age_old_13_knrPHWnBmmDHMoiMeP3l.wav
2025-08-06 18:52:13,633 | INFO | Generating with 11labs voice Bill (pqHfZKP75CvOlQylNhV4) to age_old_13_pqHfZKP75CvOlQylNhV4.wav
2025-08-06 18:52:13,917 | INFO | Generating with 11labs voice Jessie (t0jbNlBVZ17f02VDIeMI) to age_old_13_t0jbNlBVZ17f02VDIeMI.wav
2025-08-06 18:52:14,195 | INFO | Generating with 11labs voice Liam Dale - British Male 60's (w2ZdKT3ghAOcMRbpjC3u) to age_old_14_w2ZdKT3ghAOcMRbpjC3u.wav
2025-08-06 18:52:14,493 | INFO | Generating with 11labs voice Fin (D38z5RcWu1voky8WS1ja) to age_old_14_D38z5RcWu1voky8WS1ja.wav
2025-08-06 18:52:14,914 | INFO | Generating with 11labs voice James (ZQe5CZNOzWyzPSCn5a3c) to age_old_14_ZQe5CZNOzWyzPSCn5a3c.wav
2025-08-06 18:52:15,201 | INFO | Generating with 11labs voice Michael (flq6f7yk4E4fJM5XTYuZ) to age_old_14_flq6f7yk4E4fJM5XTYuZ.wav
2025-08-06 18:52:15,534 | INFO | Generating with 11labs voice  Santa Claus (knrPHWnBmmDHMoiMeP3l) to age_old_14_knrPHWnBmmDHMoiMeP3l.wav
2025-08-06 18:52:15,863 | INFO | Generating with 11labs voice Bill (pqHfZKP75CvOlQylNhV4) to age_old_14_pqHfZKP75CvOlQylNhV4.wav
2025-08-06 18:52:16,218 | INFO | Generating with 11labs voice Jessie (t0jbNlBVZ17f02VDIeMI) to age_old_14_t0jbNlBVZ17f02VDIeMI.wav
2025-08-06 18:52:16,523 | INFO | Generating with 11labs voice Liam Dale - British Male 60's (w2ZdKT3ghAOcMRbpjC3u) to age_old_15_w2ZdKT3ghAOcMRbpjC3u.wav
2025-08-06 18:52:16,939 | INFO | Generating with 11labs voice Fin (D38z5RcWu1voky8WS1ja) to age_old_15_D38z5RcWu1voky8WS1ja.wav
2025-08-06 18:52:17,410 | INFO | Generating with 11labs voice James (ZQe5CZNOzWyzPSCn5a3c) to age_old_15_ZQe5CZNOzWyzPSCn5a3c.wav
2025-08-06 18:52:17,803 | INFO | Generating with 11labs voice Michael (flq6f7yk4E4fJM5XTYuZ) to age_old_15_flq6f7yk4E4fJM5XTYuZ.wav
2025-08-06 18:52:18,188 | INFO | Generating with 11labs voice  Santa Claus (knrPHWnBmmDHMoiMeP3l) to age_old_15_knrPHWnBmmDHMoiMeP3l.wav
2025-08-06 18:52:18,503 | INFO | Generating with 11labs voice Bill (pqHfZKP75CvOlQylNhV4) to age_old_15_pqHfZKP75CvOlQylNhV4.wav
2025-08-06 18:52:18,810 | INFO | Generating with 11labs voice Jessie (t0jbNlBVZ17f02VDIeMI) to age_old_15_t0jbNlBVZ17f02VDIeMI.wav
2025-08-06 18:52:19,115 | INFO | Generating with 11labs voice Liam Dale - British Male 60's (w2ZdKT3ghAOcMRbpjC3u) to age_old_16_w2ZdKT3ghAOcMRbpjC3u.wav
2025-08-06 18:52:19,424 | INFO | Generating with 11labs voice Fin (D38z5RcWu1voky8WS1ja) to age_old_16_D38z5RcWu1voky8WS1ja.wav
2025-08-06 18:52:20,058 | INFO | Generating with 11labs voice James (ZQe5CZNOzWyzPSCn5a3c) to age_old_16_ZQe5CZNOzWyzPSCn5a3c.wav
2025-08-06 18:52:20,437 | INFO | Generating with 11labs voice Michael (flq6f7yk4E4fJM5XTYuZ) to age_old_16_flq6f7yk4E4fJM5XTYuZ.wav
2025-08-06 18:52:20,772 | INFO | Generating with 11labs voice  Santa Claus (knrPHWnBmmDHMoiMeP3l) to age_old_16_knrPHWnBmmDHMoiMeP3l.wav
2025-08-06 18:52:21,092 | INFO | Generating with 11labs voice Bill (pqHfZKP75CvOlQylNhV4) to age_old_16_pqHfZKP75CvOlQylNhV4.wav
2025-08-06 18:52:21,381 | INFO | Generating with 11labs voice Jessie (t0jbNlBVZ17f02VDIeMI) to age_old_16_t0jbNlBVZ17f02VDIeMI.wav
2025-08-06 18:52:21,693 | INFO | Generating with 11labs voice Liam Dale - British Male 60's (w2ZdKT3ghAOcMRbpjC3u) to age_old_17_w2ZdKT3ghAOcMRbpjC3u.wav
2025-08-06 18:52:22,032 | INFO | Generating with 11labs voice Fin (D38z5RcWu1voky8WS1ja) to age_old_17_D38z5RcWu1voky8WS1ja.wav
2025-08-06 18:52:22,350 | INFO | Generating with 11labs voice James (ZQe5CZNOzWyzPSCn5a3c) to age_old_17_ZQe5CZNOzWyzPSCn5a3c.wav
2025-08-06 18:52:22,703 | INFO | Generating with 11labs voice Michael (flq6f7yk4E4fJM5XTYuZ) to age_old_17_flq6f7yk4E4fJM5XTYuZ.wav
2025-08-06 18:52:22,996 | INFO | Generating with 11labs voice  Santa Claus (knrPHWnBmmDHMoiMeP3l) to age_old_17_knrPHWnBmmDHMoiMeP3l.wav
2025-08-06 18:52:23,360 | INFO | Generating with 11labs voice Bill (pqHfZKP75CvOlQylNhV4) to age_old_17_pqHfZKP75CvOlQylNhV4.wav
2025-08-06 18:52:23,648 | INFO | Generating with 11labs voice Jessie (t0jbNlBVZ17f02VDIeMI) to age_old_17_t0jbNlBVZ17f02VDIeMI.wav
2025-08-06 18:52:23,937 | INFO | Generating with 11labs voice Liam Dale - British Male 60's (w2ZdKT3ghAOcMRbpjC3u) to age_old_18_w2ZdKT3ghAOcMRbpjC3u.wav
2025-08-06 18:52:24,237 | INFO | Generating with 11labs voice Fin (D38z5RcWu1voky8WS1ja) to age_old_18_D38z5RcWu1voky8WS1ja.wav
2025-08-06 18:52:24,563 | INFO | Generating with 11labs voice James (ZQe5CZNOzWyzPSCn5a3c) to age_old_18_ZQe5CZNOzWyzPSCn5a3c.wav
2025-08-06 18:52:24,922 | INFO | Generating with 11labs voice Michael (flq6f7yk4E4fJM5XTYuZ) to age_old_18_flq6f7yk4E4fJM5XTYuZ.wav
2025-08-06 18:52:25,229 | INFO | Generating with 11labs voice  Santa Claus (knrPHWnBmmDHMoiMeP3l) to age_old_18_knrPHWnBmmDHMoiMeP3l.wav
2025-08-06 18:52:25,581 | INFO | Generating with 11labs voice Bill (pqHfZKP75CvOlQylNhV4) to age_old_18_pqHfZKP75CvOlQylNhV4.wav
2025-08-06 18:52:25,878 | INFO | Generating with 11labs voice Jessie (t0jbNlBVZ17f02VDIeMI) to age_old_18_t0jbNlBVZ17f02VDIeMI.wav
2025-08-06 18:52:26,172 | INFO | Generating with 11labs voice Liam Dale - British Male 60's (w2ZdKT3ghAOcMRbpjC3u) to age_old_19_w2ZdKT3ghAOcMRbpjC3u.wav
2025-08-06 18:52:26,480 | INFO | Generating with 11labs voice Fin (D38z5RcWu1voky8WS1ja) to age_old_19_D38z5RcWu1voky8WS1ja.wav
2025-08-06 18:52:26,804 | INFO | Generating with 11labs voice James (ZQe5CZNOzWyzPSCn5a3c) to age_old_19_ZQe5CZNOzWyzPSCn5a3c.wav
2025-08-06 18:52:27,100 | INFO | Generating with 11labs voice Michael (flq6f7yk4E4fJM5XTYuZ) to age_old_19_flq6f7yk4E4fJM5XTYuZ.wav
2025-08-06 18:52:27,407 | INFO | Generating with 11labs voice  Santa Claus (knrPHWnBmmDHMoiMeP3l) to age_old_19_knrPHWnBmmDHMoiMeP3l.wav
2025-08-06 18:52:27,843 | INFO | Generating with 11labs voice Bill (pqHfZKP75CvOlQylNhV4) to age_old_19_pqHfZKP75CvOlQylNhV4.wav
2025-08-06 18:52:28,197 | INFO | Generating with 11labs voice Jessie (t0jbNlBVZ17f02VDIeMI) to age_old_19_t0jbNlBVZ17f02VDIeMI.wav
2025-08-06 18:52:28,486 | INFO | Generating with 11labs voice Liam Dale - British Male 60's (w2ZdKT3ghAOcMRbpjC3u) to age_old_20_w2ZdKT3ghAOcMRbpjC3u.wav
2025-08-06 18:52:28,843 | INFO | Generating with 11labs voice Fin (D38z5RcWu1voky8WS1ja) to age_old_20_D38z5RcWu1voky8WS1ja.wav
2025-08-06 18:52:29,210 | INFO | Generating with 11labs voice James (ZQe5CZNOzWyzPSCn5a3c) to age_old_20_ZQe5CZNOzWyzPSCn5a3c.wav
2025-08-06 18:52:29,519 | INFO | Generating with 11labs voice Michael (flq6f7yk4E4fJM5XTYuZ) to age_old_20_flq6f7yk4E4fJM5XTYuZ.wav
2025-08-06 18:52:29,854 | INFO | Generating with 11labs voice  Santa Claus (knrPHWnBmmDHMoiMeP3l) to age_old_20_knrPHWnBmmDHMoiMeP3l.wav
2025-08-06 18:52:30,953 | INFO | Generating with 11labs voice Bill (pqHfZKP75CvOlQylNhV4) to age_old_20_pqHfZKP75CvOlQylNhV4.wav
2025-08-06 18:52:31,251 | INFO | Generating with 11labs voice Jessie (t0jbNlBVZ17f02VDIeMI) to age_old_20_t0jbNlBVZ17f02VDIeMI.wav
2025-08-06 18:52:31,537 | INFO | Generating with 11labs voice Liam Dale - British Male 60's (w2ZdKT3ghAOcMRbpjC3u) to age_old_21_w2ZdKT3ghAOcMRbpjC3u.wav
2025-08-06 18:52:31,833 | INFO | Generating with 11labs voice Fin (D38z5RcWu1voky8WS1ja) to age_old_21_D38z5RcWu1voky8WS1ja.wav
2025-08-06 18:52:32,182 | INFO | Generating with 11labs voice James (ZQe5CZNOzWyzPSCn5a3c) to age_old_21_ZQe5CZNOzWyzPSCn5a3c.wav
2025-08-06 18:52:32,562 | INFO | Generating with 11labs voice Michael (flq6f7yk4E4fJM5XTYuZ) to age_old_21_flq6f7yk4E4fJM5XTYuZ.wav
2025-08-06 18:52:32,853 | INFO | Generating with 11labs voice  Santa Claus (knrPHWnBmmDHMoiMeP3l) to age_old_21_knrPHWnBmmDHMoiMeP3l.wav
2025-08-06 18:52:33,183 | INFO | Generating with 11labs voice Bill (pqHfZKP75CvOlQylNhV4) to age_old_21_pqHfZKP75CvOlQylNhV4.wav
2025-08-06 18:52:33,479 | INFO | Generating with 11labs voice Jessie (t0jbNlBVZ17f02VDIeMI) to age_old_21_t0jbNlBVZ17f02VDIeMI.wav
2025-08-06 18:52:33,817 | INFO | Generating with 11labs voice Liam Dale - British Male 60's (w2ZdKT3ghAOcMRbpjC3u) to age_old_22_w2ZdKT3ghAOcMRbpjC3u.wav
2025-08-06 18:52:34,800 | INFO | Generating with 11labs voice Fin (D38z5RcWu1voky8WS1ja) to age_old_22_D38z5RcWu1voky8WS1ja.wav
2025-08-06 18:52:37,817 | INFO | Generating with 11labs voice James (ZQe5CZNOzWyzPSCn5a3c) to age_old_22_ZQe5CZNOzWyzPSCn5a3c.wav
2025-08-06 18:52:38,250 | INFO | Generating with 11labs voice Michael (flq6f7yk4E4fJM5XTYuZ) to age_old_22_flq6f7yk4E4fJM5XTYuZ.wav
2025-08-06 18:52:40,388 | INFO | Generating with 11labs voice  Santa Claus (knrPHWnBmmDHMoiMeP3l) to age_old_22_knrPHWnBmmDHMoiMeP3l.wav
2025-08-06 18:52:40,823 | INFO | Generating with 11labs voice Bill (pqHfZKP75CvOlQylNhV4) to age_old_22_pqHfZKP75CvOlQylNhV4.wav
2025-08-06 18:52:41,248 | INFO | Generating with 11labs voice Jessie (t0jbNlBVZ17f02VDIeMI) to age_old_22_t0jbNlBVZ17f02VDIeMI.wav
2025-08-06 18:52:41,891 | INFO | Generating with 11labs voice Liam Dale - British Male 60's (w2ZdKT3ghAOcMRbpjC3u) to age_old_23_w2ZdKT3ghAOcMRbpjC3u.wav
2025-08-06 18:52:42,399 | INFO | Generating with 11labs voice Fin (D38z5RcWu1voky8WS1ja) to age_old_23_D38z5RcWu1voky8WS1ja.wav
2025-08-06 18:52:42,589 | INFO | Traceback (most recent call last):
  File "/wekafs/ict/pangj/data/speech_tts/hallucinated_sample_generation/generation/tts_generation.py", line 433, in <module>
    last_minute_requests, start_minute = generate_samples_elevenlabs(t, args.output, completed, last_minute_requests, start_minute, args.n)
  File "/wekafs/ict/pangj/data/speech_tts/hallucinated_sample_generation/generation/tts_generation.py", line 240, in generate_samples_elevenlabs
    success = query_elevenlabs(script, output_path, voice_id=v.voice_id)
  File "/wekafs/ict/pangj/data/speech_tts/hallucinated_sample_generation/generation/tts_generation.py", line 79, in query_elevenlabs
    pcm_bytes = b''.join(chunk for chunk in response if chunk)
  File "/wekafs/ict/pangj/data/speech_tts/hallucinated_sample_generation/generation/tts_generation.py", line 79, in <genexpr>
    pcm_bytes = b''.join(chunk for chunk in response if chunk)
  File "/wekafs/ict/pangj/miniconda3/envs/slm/lib/python3.10/site-packages/elevenlabs/text_to_speech/client.py", line 163, in convert
    with self._raw_client.convert(
  File "/wekafs/ict/pangj/miniconda3/envs/slm/lib/python3.10/contextlib.py", line 135, in __enter__
    return next(self.gen)
  File "/wekafs/ict/pangj/miniconda3/envs/slm/lib/python3.10/site-packages/elevenlabs/text_to_speech/raw_client.py", line 148, in convert
    with self._client_wrapper.httpx_client.stream(
  File "/wekafs/ict/pangj/miniconda3/envs/slm/lib/python3.10/contextlib.py", line 135, in __enter__
    return next(self.gen)
  File "/wekafs/ict/pangj/miniconda3/envs/slm/lib/python3.10/site-packages/elevenlabs/core/http_client.py", line 310, in stream
    with self.httpx_client.stream(
  File "/wekafs/ict/pangj/miniconda3/envs/slm/lib/python3.10/contextlib.py", line 135, in __enter__
    return next(self.gen)
  File "/wekafs/ict/pangj/miniconda3/envs/slm/lib/python3.10/site-packages/httpx/_client.py", line 868, in stream
    response = self.send(
  File "/wekafs/ict/pangj/miniconda3/envs/slm/lib/python3.10/site-packages/httpx/_client.py", line 914, in send
    response = self._send_handling_auth(
  File "/wekafs/ict/pangj/miniconda3/envs/slm/lib/python3.10/site-packages/httpx/_client.py", line 942, in _send_handling_auth
    response = self._send_handling_redirects(
  File "/wekafs/ict/pangj/miniconda3/envs/slm/lib/python3.10/site-packages/httpx/_client.py", line 979, in _send_handling_redirects
    response = self._send_single_request(request)
  File "/wekafs/ict/pangj/miniconda3/envs/slm/lib/python3.10/site-packages/httpx/_client.py", line 1014, in _send_single_request
    response = transport.handle_request(request)
  File "/wekafs/ict/pangj/miniconda3/envs/slm/lib/python3.10/site-packages/httpx/_transports/default.py", line 250, in handle_request
    resp = self._pool.handle_request(req)
  File "/wekafs/ict/pangj/miniconda3/envs/slm/lib/python3.10/site-packages/httpcore/_sync/connection_pool.py", line 256, in handle_request
    raise exc from None
  File "/wekafs/ict/pangj/miniconda3/envs/slm/lib/python3.10/site-packages/httpcore/_sync/connection_pool.py", line 236, in handle_request
    response = connection.handle_request(
  File "/wekafs/ict/pangj/miniconda3/envs/slm/lib/python3.10/site-packages/httpcore/_sync/connection.py", line 103, in handle_request
    return self._connection.handle_request(request)
  File "/wekafs/ict/pangj/miniconda3/envs/slm/lib/python3.10/site-packages/httpcore/_sync/http11.py", line 136, in handle_request
    raise exc
  File "/wekafs/ict/pangj/miniconda3/envs/slm/lib/python3.10/site-packages/httpcore/_sync/http11.py", line 106, in handle_request
    ) = self._receive_response_headers(**kwargs)
  File "/wekafs/ict/pangj/miniconda3/envs/slm/lib/python3.10/site-packages/httpcore/_sync/http11.py", line 177, in _receive_response_headers
    event = self._receive_event(timeout=timeout)
  File "/wekafs/ict/pangj/miniconda3/envs/slm/lib/python3.10/site-packages/httpcore/_sync/http11.py", line 217, in _receive_event
    data = self._network_stream.read(
  File "/wekafs/ict/pangj/miniconda3/envs/slm/lib/python3.10/site-packages/httpcore/_backends/sync.py", line 128, in read
    return self._sock.recv(max_bytes)
  File "/wekafs/ict/pangj/miniconda3/envs/slm/lib/python3.10/ssl.py", line 1258, in recv
    return self.read(buflen)
  File "/wekafs/ict/pangj/miniconda3/envs/slm/lib/python3.10/ssl.py", line 1131, in read
    return self._sslobj.read(len)
KeyboardInterrupt
