2025-08-10 23:31:06,575 | INFO | [LOGGING] Output is being saved to: logs/tts_generation_20250810_233106.log
2025-08-10 23:31:06,653 | INFO | Generating stress/0 (en-US-AvaMultilingualNeural) to stress_0_en-US-AvaMultilingualNeural.wav
2025-08-10 23:31:06,910 | INFO | Generating stress/0 (en-US-AndrewMultilingualNeural) to stress_0_en-US-AndrewMultilingualNeural.wav
2025-08-10 23:31:06,949 | INFO | Generating stress/0 (en-US-EmmaMultilingualNeural) to stress_0_en-US-EmmaMultilingualNeural.wav
2025-08-10 23:31:07,843 | INFO | Generating stress/0 (en-US-AlloyTurboMultilingualNeural) to stress_0_en-US-AlloyTurboMultilingualNeural.wav
2025-08-10 23:31:08,790 | INFO | Generating stress/0 (en-US-EchoTurboMultilingualNeural) to stress_0_en-US-EchoTurboMultilingualNeural.wav
2025-08-10 23:31:09,543 | INFO | Generating stress/0 (en-US-FableTurboMultilingualNeural) to stress_0_en-US-FableTurboMultilingualNeural.wav
2025-08-10 23:31:10,289 | INFO | Generating stress/0 (en-US-OnyxTurboMultilingualNeural) to stress_0_en-US-OnyxTurboMultilingualNeural.wav
2025-08-10 23:31:11,148 | INFO | Generating stress/0 (en-US-NovaTurboMultilingualNeural) to stress_0_en-US-NovaTurboMultilingualNeural.wav
2025-08-10 23:31:12,074 | INFO | Generating stress/0 (en-US-ShimmerTurboMultilingualNeural) to stress_0_en-US-ShimmerTurboMultilingualNeural.wav
2025-08-10 23:31:12,979 | INFO | Generating stress/0 (en-US-BrianMultilingualNeural) to stress_0_en-US-BrianMultilingualNeural.wav
2025-08-10 23:31:13,494 | INFO | Generating stress/0 (en-US-AvaNeural) to stress_0_en-US-AvaNeural.wav
2025-08-10 23:31:13,799 | INFO | Generating stress/0 (en-US-AndrewNeural) to stress_0_en-US-AndrewNeural.wav
2025-08-10 23:31:15,440 | INFO | Generating stress/0 (en-US-EmmaNeural) to stress_0_en-US-EmmaNeural.wav
2025-08-10 23:31:16,209 | INFO | Generating stress/0 (en-US-BrianNeural) to stress_0_en-US-BrianNeural.wav
2025-08-10 23:31:16,526 | INFO | Generating stress/0 (en-US-JennyNeural) to stress_0_en-US-JennyNeural.wav
2025-08-10 23:31:16,668 | INFO | Generating stress/0 (en-US-GuyNeural) to stress_0_en-US-GuyNeural.wav
2025-08-10 23:31:16,782 | INFO | Generating stress/0 (en-US-AriaNeural) to stress_0_en-US-AriaNeural.wav
2025-08-10 23:31:16,906 | INFO | Generating stress/0 (en-US-DavisNeural) to stress_0_en-US-DavisNeural.wav
2025-08-10 23:31:17,528 | INFO | Generating stress/0 (en-US-JaneNeural) to stress_0_en-US-JaneNeural.wav
2025-08-10 23:31:17,718 | INFO | Generating stress/0 (en-US-JasonNeural) to stress_0_en-US-JasonNeural.wav
2025-08-10 23:31:17,923 | INFO | Generating stress/0 (en-US-KaiNeural) to stress_0_en-US-KaiNeural.wav
2025-08-10 23:31:18,339 | INFO | Generating stress/0 (en-US-LunaNeural) to stress_0_en-US-LunaNeural.wav
2025-08-10 23:31:18,662 | INFO | Generating stress/0 (en-US-SaraNeural) to stress_0_en-US-SaraNeural.wav
2025-08-10 23:31:18,903 | INFO | Generating stress/0 (en-US-TonyNeural) to stress_0_en-US-TonyNeural.wav
2025-08-10 23:31:19,136 | INFO | Generating stress/0 (en-US-NancyNeural) to stress_0_en-US-NancyNeural.wav
2025-08-10 23:31:19,350 | INFO | Generating stress/0 (en-US-CoraMultilingualNeural) to stress_0_en-US-CoraMultilingualNeural.wav
2025-08-10 23:31:20,261 | INFO | Generating stress/0 (en-US-ChristopherMultilingualNeural) to stress_0_en-US-ChristopherMultilingualNeural.wav
2025-08-10 23:31:21,126 | INFO | Generating stress/0 (en-US-BrandonMultilingualNeural) to stress_0_en-US-BrandonMultilingualNeural.wav
2025-08-10 23:31:22,095 | INFO | Generating stress/0 (en-US-AmberNeural) to stress_0_en-US-AmberNeural.wav
2025-08-10 23:31:22,246 | INFO | Generating stress/0 (en-US-AnaNeural) to stress_0_en-US-AnaNeural.wav
2025-08-10 23:31:22,416 | INFO | Generating stress/0 (en-US-AshleyNeural) to stress_0_en-US-AshleyNeural.wav
2025-08-10 23:31:22,567 | INFO | Generating stress/0 (en-US-BrandonNeural) to stress_0_en-US-BrandonNeural.wav
2025-08-10 23:31:22,709 | INFO | Generating stress/0 (en-US-ChristopherNeural) to stress_0_en-US-ChristopherNeural.wav
2025-08-10 23:31:22,850 | INFO | Generating stress/0 (en-US-CoraNeural) to stress_0_en-US-CoraNeural.wav
2025-08-10 23:31:23,001 | INFO | Generating stress/0 (en-US-ElizabethNeural) to stress_0_en-US-ElizabethNeural.wav
2025-08-10 23:31:23,158 | INFO | Generating stress/0 (en-US-EricNeural) to stress_0_en-US-EricNeural.wav
2025-08-10 23:31:23,310 | INFO | Generating stress/0 (en-US-JacobNeural) to stress_0_en-US-JacobNeural.wav
2025-08-10 23:31:23,461 | INFO | Generating stress/0 (en-US-JennyMultilingualNeural) to stress_0_en-US-JennyMultilingualNeural.wav
2025-08-10 23:31:23,854 | INFO | Generating stress/0 (en-US-MichelleNeural) to stress_0_en-US-MichelleNeural.wav
2025-08-10 23:31:24,026 | INFO | Generating stress/0 (en-US-MonicaNeural) to stress_0_en-US-MonicaNeural.wav
2025-08-10 23:31:24,213 | INFO | Generating stress/0 (en-US-RogerNeural) to stress_0_en-US-RogerNeural.wav
2025-08-10 23:31:25,040 | INFO | Generating stress/0 (en-US-RyanMultilingualNeural) to stress_0_en-US-RyanMultilingualNeural.wav
2025-08-10 23:31:25,563 | INFO | Generating stress/0 (en-US-SteffanMultilingualNeural) to stress_0_en-US-SteffanMultilingualNeural.wav
2025-08-10 23:31:26,541 | INFO | Generating stress/0 (en-US-SteffanNeural) to stress_0_en-US-SteffanNeural.wav
2025-08-10 23:31:26,822 | INFO | Generating stress/0 (en-US-AdamMultilingualNeural) to stress_0_en-US-AdamMultilingualNeural.wav
2025-08-10 23:31:27,664 | INFO | Generating stress/0 (en-US-AIGenerate1Neural) to stress_0_en-US-AIGenerate1Neural.wav
2025-08-10 23:31:28,070 | INFO | Generating stress/0 (en-US-AIGenerate2Neural) to stress_0_en-US-AIGenerate2Neural.wav
2025-08-10 23:31:28,742 | INFO | Generating stress/0 (en-US-AmandaMultilingualNeural) to stress_0_en-US-AmandaMultilingualNeural.wav
2025-08-10 23:31:29,631 | INFO | Generating stress/0 (en-US-AshTurboMultilingualNeural) to stress_0_en-US-AshTurboMultilingualNeural.wav
2025-08-10 23:31:30,477 | INFO | Generating stress/0 (en-US-BlueNeural) to stress_0_en-US-BlueNeural.wav
2025-08-10 23:31:30,719 | INFO | Generating stress/1 (en-US-AvaMultilingualNeural) to stress_1_en-US-AvaMultilingualNeural.wav
2025-08-10 23:31:30,997 | INFO | Generating stress/1 (en-US-AndrewMultilingualNeural) to stress_1_en-US-AndrewMultilingualNeural.wav
2025-08-10 23:31:31,826 | INFO | Generating stress/1 (en-US-EmmaMultilingualNeural) to stress_1_en-US-EmmaMultilingualNeural.wav
2025-08-10 23:31:32,507 | INFO | Generating stress/1 (en-US-AlloyTurboMultilingualNeural) to stress_1_en-US-AlloyTurboMultilingualNeural.wav
2025-08-10 23:31:33,289 | INFO | Generating stress/1 (en-US-EchoTurboMultilingualNeural) to stress_1_en-US-EchoTurboMultilingualNeural.wav
2025-08-10 23:31:33,916 | INFO | Generating stress/1 (en-US-FableTurboMultilingualNeural) to stress_1_en-US-FableTurboMultilingualNeural.wav
2025-08-10 23:31:34,689 | INFO | Generating stress/1 (en-US-OnyxTurboMultilingualNeural) to stress_1_en-US-OnyxTurboMultilingualNeural.wav
2025-08-10 23:31:35,437 | INFO | Generating stress/1 (en-US-NovaTurboMultilingualNeural) to stress_1_en-US-NovaTurboMultilingualNeural.wav
2025-08-10 23:31:36,109 | INFO | Generating stress/1 (en-US-ShimmerTurboMultilingualNeural) to stress_1_en-US-ShimmerTurboMultilingualNeural.wav
2025-08-10 23:31:36,902 | INFO | Generating stress/1 (en-US-BrianMultilingualNeural) to stress_1_en-US-BrianMultilingualNeural.wav
2025-08-10 23:31:37,208 | INFO | Generating stress/1 (en-US-AvaNeural) to stress_1_en-US-AvaNeural.wav
2025-08-10 23:31:37,487 | INFO | Generating stress/1 (en-US-AndrewNeural) to stress_1_en-US-AndrewNeural.wav
2025-08-10 23:31:38,086 | INFO | Generating stress/1 (en-US-EmmaNeural) to stress_1_en-US-EmmaNeural.wav
2025-08-10 23:31:39,244 | INFO | Generating stress/1 (en-US-BrianNeural) to stress_1_en-US-BrianNeural.wav
2025-08-10 23:31:39,550 | INFO | Generating stress/1 (en-US-JennyNeural) to stress_1_en-US-JennyNeural.wav
2025-08-10 23:31:39,671 | INFO | Generating stress/1 (en-US-GuyNeural) to stress_1_en-US-GuyNeural.wav
2025-08-10 23:31:39,802 | INFO | Generating stress/1 (en-US-AriaNeural) to stress_1_en-US-AriaNeural.wav
2025-08-10 23:31:39,969 | INFO | Generating stress/1 (en-US-DavisNeural) to stress_1_en-US-DavisNeural.wav
2025-08-10 23:31:40,193 | INFO | Generating stress/1 (en-US-JaneNeural) to stress_1_en-US-JaneNeural.wav
2025-08-10 23:31:40,380 | INFO | Generating stress/1 (en-US-JasonNeural) to stress_1_en-US-JasonNeural.wav
2025-08-10 23:31:40,577 | INFO | Generating stress/1 (en-US-KaiNeural) to stress_1_en-US-KaiNeural.wav
2025-08-10 23:31:40,956 | INFO | Generating stress/1 (en-US-LunaNeural) to stress_1_en-US-LunaNeural.wav
2025-08-10 23:31:41,326 | INFO | Generating stress/1 (en-US-SaraNeural) to stress_1_en-US-SaraNeural.wav
2025-08-10 23:31:41,540 | INFO | Generating stress/1 (en-US-TonyNeural) to stress_1_en-US-TonyNeural.wav
2025-08-10 23:31:41,727 | INFO | Generating stress/1 (en-US-NancyNeural) to stress_1_en-US-NancyNeural.wav
2025-08-10 23:31:41,932 | INFO | Generating stress/1 (en-US-CoraMultilingualNeural) to stress_1_en-US-CoraMultilingualNeural.wav
2025-08-10 23:31:42,714 | INFO | Generating stress/1 (en-US-ChristopherMultilingualNeural) to stress_1_en-US-ChristopherMultilingualNeural.wav
2025-08-10 23:31:43,596 | INFO | Generating stress/1 (en-US-BrandonMultilingualNeural) to stress_1_en-US-BrandonMultilingualNeural.wav
2025-08-10 23:31:44,441 | INFO | Generating stress/1 (en-US-AmberNeural) to stress_1_en-US-AmberNeural.wav
2025-08-10 23:31:44,572 | INFO | Generating stress/1 (en-US-AnaNeural) to stress_1_en-US-AnaNeural.wav
2025-08-10 23:31:44,741 | INFO | Generating stress/1 (en-US-AshleyNeural) to stress_1_en-US-AshleyNeural.wav
2025-08-10 23:31:44,891 | INFO | Generating stress/1 (en-US-BrandonNeural) to stress_1_en-US-BrandonNeural.wav
2025-08-10 23:31:45,005 | INFO | Generating stress/1 (en-US-ChristopherNeural) to stress_1_en-US-ChristopherNeural.wav
2025-08-10 23:31:45,182 | INFO | Generating stress/1 (en-US-CoraNeural) to stress_1_en-US-CoraNeural.wav
2025-08-10 23:31:45,296 | INFO | Generating stress/1 (en-US-ElizabethNeural) to stress_1_en-US-ElizabethNeural.wav
2025-08-10 23:31:45,428 | INFO | Generating stress/1 (en-US-EricNeural) to stress_1_en-US-EricNeural.wav
2025-08-10 23:31:45,561 | INFO | Generating stress/1 (en-US-JacobNeural) to stress_1_en-US-JacobNeural.wav
2025-08-10 23:31:45,702 | INFO | Generating stress/1 (en-US-JennyMultilingualNeural) to stress_1_en-US-JennyMultilingualNeural.wav
2025-08-10 23:31:45,998 | INFO | Generating stress/1 (en-US-MichelleNeural) to stress_1_en-US-MichelleNeural.wav
2025-08-10 23:31:46,131 | INFO | Generating stress/1 (en-US-MonicaNeural) to stress_1_en-US-MonicaNeural.wav
2025-08-10 23:31:46,252 | INFO | Generating stress/1 (en-US-RogerNeural) to stress_1_en-US-RogerNeural.wav
2025-08-10 23:31:46,578 | INFO | Generating stress/1 (en-US-RyanMultilingualNeural) to stress_1_en-US-RyanMultilingualNeural.wav
2025-08-10 23:31:46,874 | INFO | Generating stress/1 (en-US-SteffanMultilingualNeural) to stress_1_en-US-SteffanMultilingualNeural.wav
2025-08-10 23:31:47,926 | INFO | Generating stress/1 (en-US-SteffanNeural) to stress_1_en-US-SteffanNeural.wav
2025-08-10 23:31:48,206 | INFO | Generating stress/1 (en-US-AdamMultilingualNeural) to stress_1_en-US-AdamMultilingualNeural.wav
2025-08-10 23:31:48,909 | INFO | Generating stress/1 (en-US-AIGenerate1Neural) to stress_1_en-US-AIGenerate1Neural.wav
2025-08-10 23:31:49,567 | INFO | Generating stress/1 (en-US-AIGenerate2Neural) to stress_1_en-US-AIGenerate2Neural.wav
2025-08-10 23:31:49,903 | INFO | Generating stress/1 (en-US-AmandaMultilingualNeural) to stress_1_en-US-AmandaMultilingualNeural.wav
2025-08-10 23:31:50,671 | INFO | Generating stress/1 (en-US-AshTurboMultilingualNeural) to stress_1_en-US-AshTurboMultilingualNeural.wav
2025-08-10 23:31:51,586 | INFO | Generating stress/1 (en-US-BlueNeural) to stress_1_en-US-BlueNeural.wav
2025-08-10 23:31:51,801 | INFO | Generating stress/2 (en-US-AvaMultilingualNeural) to stress_2_en-US-AvaMultilingualNeural.wav
2025-08-10 23:31:52,135 | INFO | Generating stress/2 (en-US-AndrewMultilingualNeural) to stress_2_en-US-AndrewMultilingualNeural.wav
2025-08-10 23:31:52,946 | INFO | Generating stress/2 (en-US-EmmaMultilingualNeural) to stress_2_en-US-EmmaMultilingualNeural.wav
2025-08-10 23:31:53,646 | INFO | Generating stress/2 (en-US-AlloyTurboMultilingualNeural) to stress_2_en-US-AlloyTurboMultilingualNeural.wav
2025-08-10 23:31:54,359 | INFO | Generating stress/2 (en-US-EchoTurboMultilingualNeural) to stress_2_en-US-EchoTurboMultilingualNeural.wav
2025-08-10 23:31:55,109 | INFO | Generating stress/2 (en-US-FableTurboMultilingualNeural) to stress_2_en-US-FableTurboMultilingualNeural.wav
2025-08-10 23:31:55,788 | INFO | Generating stress/2 (en-US-OnyxTurboMultilingualNeural) to stress_2_en-US-OnyxTurboMultilingualNeural.wav
2025-08-10 23:31:56,561 | INFO | Generating stress/2 (en-US-NovaTurboMultilingualNeural) to stress_2_en-US-NovaTurboMultilingualNeural.wav
2025-08-10 23:31:57,387 | INFO | Generating stress/2 (en-US-ShimmerTurboMultilingualNeural) to stress_2_en-US-ShimmerTurboMultilingualNeural.wav
2025-08-10 23:31:58,049 | INFO | Generating stress/2 (en-US-BrianMultilingualNeural) to stress_2_en-US-BrianMultilingualNeural.wav
2025-08-10 23:31:58,362 | INFO | Generating stress/2 (en-US-AvaNeural) to stress_2_en-US-AvaNeural.wav
2025-08-10 23:31:58,657 | INFO | Generating stress/2 (en-US-AndrewNeural) to stress_2_en-US-AndrewNeural.wav
2025-08-10 23:31:59,418 | INFO | Generating stress/2 (en-US-EmmaNeural) to stress_2_en-US-EmmaNeural.wav
2025-08-10 23:32:00,098 | INFO | Generating stress/2 (en-US-BrianNeural) to stress_2_en-US-BrianNeural.wav
2025-08-10 23:32:00,395 | INFO | Generating stress/2 (en-US-JennyNeural) to stress_2_en-US-JennyNeural.wav
2025-08-10 23:32:00,523 | INFO | Generating stress/2 (en-US-GuyNeural) to stress_2_en-US-GuyNeural.wav
2025-08-10 23:32:00,641 | INFO | Generating stress/2 (en-US-AriaNeural) to stress_2_en-US-AriaNeural.wav
2025-08-10 23:32:00,783 | INFO | Generating stress/2 (en-US-DavisNeural) to stress_2_en-US-DavisNeural.wav
2025-08-10 23:32:00,953 | INFO | Generating stress/2 (en-US-JaneNeural) to stress_2_en-US-JaneNeural.wav
2025-08-10 23:32:01,133 | INFO | Generating stress/2 (en-US-JasonNeural) to stress_2_en-US-JasonNeural.wav
2025-08-10 23:32:01,322 | INFO | Generating stress/2 (en-US-KaiNeural) to stress_2_en-US-KaiNeural.wav
2025-08-10 23:32:01,613 | INFO | Generating stress/2 (en-US-LunaNeural) to stress_2_en-US-LunaNeural.wav
2025-08-10 23:32:01,986 | INFO | Generating stress/2 (en-US-SaraNeural) to stress_2_en-US-SaraNeural.wav
2025-08-10 23:32:02,212 | INFO | Generating stress/2 (en-US-TonyNeural) to stress_2_en-US-TonyNeural.wav
2025-08-10 23:32:02,373 | INFO | Generating stress/2 (en-US-NancyNeural) to stress_2_en-US-NancyNeural.wav
2025-08-10 23:32:02,737 | INFO | Generating stress/2 (en-US-CoraMultilingualNeural) to stress_2_en-US-CoraMultilingualNeural.wav
2025-08-10 23:32:03,524 | INFO | Generating stress/2 (en-US-ChristopherMultilingualNeural) to stress_2_en-US-ChristopherMultilingualNeural.wav
2025-08-10 23:32:04,411 | INFO | Generating stress/2 (en-US-BrandonMultilingualNeural) to stress_2_en-US-BrandonMultilingualNeural.wav
2025-08-10 23:32:05,233 | INFO | Generating stress/2 (en-US-AmberNeural) to stress_2_en-US-AmberNeural.wav
2025-08-10 23:32:05,383 | INFO | Generating stress/2 (en-US-AnaNeural) to stress_2_en-US-AnaNeural.wav
2025-08-10 23:32:05,553 | INFO | Generating stress/2 (en-US-AshleyNeural) to stress_2_en-US-AshleyNeural.wav
2025-08-10 23:32:05,703 | INFO | Generating stress/2 (en-US-BrandonNeural) to stress_2_en-US-BrandonNeural.wav
2025-08-10 23:32:05,835 | INFO | Generating stress/2 (en-US-ChristopherNeural) to stress_2_en-US-ChristopherNeural.wav
2025-08-10 23:32:05,994 | INFO | Generating stress/2 (en-US-CoraNeural) to stress_2_en-US-CoraNeural.wav
2025-08-10 23:32:06,107 | INFO | Generating stress/2 (en-US-ElizabethNeural) to stress_2_en-US-ElizabethNeural.wav
2025-08-10 23:32:06,257 | INFO | Generating stress/2 (en-US-EricNeural) to stress_2_en-US-EricNeural.wav
2025-08-10 23:32:06,370 | INFO | Generating stress/2 (en-US-JacobNeural) to stress_2_en-US-JacobNeural.wav
2025-08-10 23:32:06,485 | INFO | Generating stress/2 (en-US-JennyMultilingualNeural) to stress_2_en-US-JennyMultilingualNeural.wav
2025-08-10 23:32:06,792 | INFO | Generating stress/2 (en-US-MichelleNeural) to stress_2_en-US-MichelleNeural.wav
2025-08-10 23:32:06,932 | INFO | Generating stress/2 (en-US-MonicaNeural) to stress_2_en-US-MonicaNeural.wav
2025-08-10 23:32:07,055 | INFO | Generating stress/2 (en-US-RogerNeural) to stress_2_en-US-RogerNeural.wav
2025-08-10 23:32:07,425 | INFO | Generating stress/2 (en-US-RyanMultilingualNeural) to stress_2_en-US-RyanMultilingualNeural.wav
2025-08-10 23:32:07,732 | INFO | Generating stress/2 (en-US-SteffanMultilingualNeural) to stress_2_en-US-SteffanMultilingualNeural.wav
2025-08-10 23:32:08,673 | INFO | Generating stress/2 (en-US-SteffanNeural) to stress_2_en-US-SteffanNeural.wav
2025-08-10 23:32:08,924 | INFO | Generating stress/2 (en-US-AdamMultilingualNeural) to stress_2_en-US-AdamMultilingualNeural.wav
2025-08-10 23:32:09,608 | INFO | Generating stress/2 (en-US-AIGenerate1Neural) to stress_2_en-US-AIGenerate1Neural.wav
2025-08-10 23:32:09,915 | INFO | Generating stress/2 (en-US-AIGenerate2Neural) to stress_2_en-US-AIGenerate2Neural.wav
2025-08-10 23:32:10,259 | INFO | Generating stress/2 (en-US-AmandaMultilingualNeural) to stress_2_en-US-AmandaMultilingualNeural.wav
2025-08-10 23:32:10,971 | INFO | Generating stress/2 (en-US-AshTurboMultilingualNeural) to stress_2_en-US-AshTurboMultilingualNeural.wav
2025-08-10 23:32:11,892 | INFO | Generating stress/2 (en-US-BlueNeural) to stress_2_en-US-BlueNeural.wav
2025-08-10 23:32:12,070 | INFO | Generating stress/3 (en-US-AvaMultilingualNeural) to stress_3_en-US-AvaMultilingualNeural.wav
2025-08-10 23:32:12,384 | INFO | Generating stress/3 (en-US-AndrewMultilingualNeural) to stress_3_en-US-AndrewMultilingualNeural.wav
2025-08-10 23:32:12,966 | INFO | Generating stress/3 (en-US-EmmaMultilingualNeural) to stress_3_en-US-EmmaMultilingualNeural.wav
2025-08-10 23:32:13,519 | INFO | Generating stress/3 (en-US-AlloyTurboMultilingualNeural) to stress_3_en-US-AlloyTurboMultilingualNeural.wav
2025-08-10 23:32:14,203 | INFO | Generating stress/3 (en-US-EchoTurboMultilingualNeural) to stress_3_en-US-EchoTurboMultilingualNeural.wav
2025-08-10 23:32:14,966 | INFO | Generating stress/3 (en-US-FableTurboMultilingualNeural) to stress_3_en-US-FableTurboMultilingualNeural.wav
2025-08-10 23:32:15,520 | INFO | Generating stress/3 (en-US-OnyxTurboMultilingualNeural) to stress_3_en-US-OnyxTurboMultilingualNeural.wav
2025-08-10 23:32:16,220 | INFO | Generating stress/3 (en-US-NovaTurboMultilingualNeural) to stress_3_en-US-NovaTurboMultilingualNeural.wav
2025-08-10 23:32:16,884 | INFO | Generating stress/3 (en-US-ShimmerTurboMultilingualNeural) to stress_3_en-US-ShimmerTurboMultilingualNeural.wav
2025-08-10 23:32:17,670 | INFO | Generating stress/3 (en-US-BrianMultilingualNeural) to stress_3_en-US-BrianMultilingualNeural.wav
2025-08-10 23:32:17,965 | INFO | Generating stress/3 (en-US-AvaNeural) to stress_3_en-US-AvaNeural.wav
2025-08-10 23:32:18,234 | INFO | Generating stress/3 (en-US-AndrewNeural) to stress_3_en-US-AndrewNeural.wav
2025-08-10 23:32:18,871 | INFO | Generating stress/3 (en-US-EmmaNeural) to stress_3_en-US-EmmaNeural.wav
2025-08-10 23:32:19,582 | INFO | Generating stress/3 (en-US-BrianNeural) to stress_3_en-US-BrianNeural.wav
2025-08-10 23:32:19,861 | INFO | Generating stress/3 (en-US-JennyNeural) to stress_3_en-US-JennyNeural.wav
2025-08-10 23:32:19,974 | INFO | Generating stress/3 (en-US-GuyNeural) to stress_3_en-US-GuyNeural.wav
2025-08-10 23:32:20,115 | INFO | Generating stress/3 (en-US-AriaNeural) to stress_3_en-US-AriaNeural.wav
2025-08-10 23:32:20,257 | INFO | Generating stress/3 (en-US-DavisNeural) to stress_3_en-US-DavisNeural.wav
2025-08-10 23:32:20,435 | INFO | Generating stress/3 (en-US-JaneNeural) to stress_3_en-US-JaneNeural.wav
2025-08-10 23:32:20,604 | INFO | Generating stress/3 (en-US-JasonNeural) to stress_3_en-US-JasonNeural.wav
2025-08-10 23:32:20,783 | INFO | Generating stress/3 (en-US-KaiNeural) to stress_3_en-US-KaiNeural.wav
2025-08-10 23:32:21,154 | INFO | Generating stress/3 (en-US-LunaNeural) to stress_3_en-US-LunaNeural.wav
2025-08-10 23:32:21,511 | INFO | Generating stress/3 (en-US-SaraNeural) to stress_3_en-US-SaraNeural.wav
2025-08-10 23:32:21,715 | INFO | Generating stress/3 (en-US-TonyNeural) to stress_3_en-US-TonyNeural.wav
2025-08-10 23:32:21,876 | INFO | Generating stress/3 (en-US-NancyNeural) to stress_3_en-US-NancyNeural.wav
2025-08-10 23:32:22,063 | INFO | Generating stress/3 (en-US-CoraMultilingualNeural) to stress_3_en-US-CoraMultilingualNeural.wav
2025-08-10 23:32:22,769 | INFO | Generating stress/3 (en-US-ChristopherMultilingualNeural) to stress_3_en-US-ChristopherMultilingualNeural.wav
2025-08-10 23:32:23,584 | INFO | Generating stress/3 (en-US-BrandonMultilingualNeural) to stress_3_en-US-BrandonMultilingualNeural.wav
2025-08-10 23:32:24,388 | INFO | Generating stress/3 (en-US-AmberNeural) to stress_3_en-US-AmberNeural.wav
2025-08-10 23:32:24,537 | INFO | Generating stress/3 (en-US-AnaNeural) to stress_3_en-US-AnaNeural.wav
2025-08-10 23:32:24,706 | INFO | Generating stress/3 (en-US-AshleyNeural) to stress_3_en-US-AshleyNeural.wav
2025-08-10 23:32:24,947 | INFO | Generating stress/3 (en-US-BrandonNeural) to stress_3_en-US-BrandonNeural.wav
2025-08-10 23:32:25,079 | INFO | Generating stress/3 (en-US-ChristopherNeural) to stress_3_en-US-ChristopherNeural.wav
2025-08-10 23:32:25,266 | INFO | Generating stress/3 (en-US-CoraNeural) to stress_3_en-US-CoraNeural.wav
2025-08-10 23:32:25,398 | INFO | Generating stress/3 (en-US-ElizabethNeural) to stress_3_en-US-ElizabethNeural.wav
2025-08-10 23:32:25,530 | INFO | Generating stress/3 (en-US-EricNeural) to stress_3_en-US-EricNeural.wav
2025-08-10 23:32:25,681 | INFO | Generating stress/3 (en-US-JacobNeural) to stress_3_en-US-JacobNeural.wav
2025-08-10 23:32:25,795 | INFO | Generating stress/3 (en-US-JennyMultilingualNeural) to stress_3_en-US-JennyMultilingualNeural.wav
2025-08-10 23:32:26,092 | INFO | Generating stress/3 (en-US-MichelleNeural) to stress_3_en-US-MichelleNeural.wav
2025-08-10 23:32:26,233 | INFO | Generating stress/3 (en-US-MonicaNeural) to stress_3_en-US-MonicaNeural.wav
2025-08-10 23:32:26,374 | INFO | Generating stress/3 (en-US-RogerNeural) to stress_3_en-US-RogerNeural.wav
2025-08-10 23:32:26,607 | INFO | Generating stress/3 (en-US-RyanMultilingualNeural) to stress_3_en-US-RyanMultilingualNeural.wav
2025-08-10 23:32:26,885 | INFO | Generating stress/3 (en-US-SteffanMultilingualNeural) to stress_3_en-US-SteffanMultilingualNeural.wav
2025-08-10 23:32:27,622 | INFO | Generating stress/3 (en-US-SteffanNeural) to stress_3_en-US-SteffanNeural.wav
2025-08-10 23:32:27,855 | INFO | Generating stress/3 (en-US-AdamMultilingualNeural) to stress_3_en-US-AdamMultilingualNeural.wav
2025-08-10 23:32:28,504 | INFO | Generating stress/3 (en-US-AIGenerate1Neural) to stress_3_en-US-AIGenerate1Neural.wav
2025-08-10 23:32:28,833 | INFO | Generating stress/3 (en-US-AIGenerate2Neural) to stress_3_en-US-AIGenerate2Neural.wav
2025-08-10 23:32:29,120 | INFO | Generating stress/3 (en-US-AmandaMultilingualNeural) to stress_3_en-US-AmandaMultilingualNeural.wav
2025-08-10 23:32:29,894 | INFO | Generating stress/3 (en-US-AshTurboMultilingualNeural) to stress_3_en-US-AshTurboMultilingualNeural.wav
2025-08-10 23:32:30,664 | INFO | Generating stress/3 (en-US-BlueNeural) to stress_3_en-US-BlueNeural.wav
2025-08-10 23:32:30,860 | INFO | Generating stress/4 (en-US-AvaMultilingualNeural) to stress_4_en-US-AvaMultilingualNeural.wav
2025-08-10 23:32:31,210 | INFO | Generating stress/4 (en-US-AndrewMultilingualNeural) to stress_4_en-US-AndrewMultilingualNeural.wav
2025-08-10 23:32:32,077 | INFO | Generating stress/4 (en-US-EmmaMultilingualNeural) to stress_4_en-US-EmmaMultilingualNeural.wav
2025-08-10 23:32:32,971 | INFO | Generating stress/4 (en-US-AlloyTurboMultilingualNeural) to stress_4_en-US-AlloyTurboMultilingualNeural.wav
2025-08-10 23:32:33,809 | INFO | Generating stress/4 (en-US-EchoTurboMultilingualNeural) to stress_4_en-US-EchoTurboMultilingualNeural.wav
2025-08-10 23:32:34,645 | INFO | Generating stress/4 (en-US-FableTurboMultilingualNeural) to stress_4_en-US-FableTurboMultilingualNeural.wav
2025-08-10 23:32:35,303 | INFO | Generating stress/4 (en-US-OnyxTurboMultilingualNeural) to stress_4_en-US-OnyxTurboMultilingualNeural.wav
2025-08-10 23:32:36,143 | INFO | Generating stress/4 (en-US-NovaTurboMultilingualNeural) to stress_4_en-US-NovaTurboMultilingualNeural.wav
2025-08-10 23:32:36,825 | INFO | Generating stress/4 (en-US-ShimmerTurboMultilingualNeural) to stress_4_en-US-ShimmerTurboMultilingualNeural.wav
2025-08-10 23:32:37,628 | INFO | Generating stress/4 (en-US-BrianMultilingualNeural) to stress_4_en-US-BrianMultilingualNeural.wav
2025-08-10 23:32:37,952 | INFO | Generating stress/4 (en-US-AvaNeural) to stress_4_en-US-AvaNeural.wav
2025-08-10 23:32:38,342 | INFO | Generating stress/4 (en-US-AndrewNeural) to stress_4_en-US-AndrewNeural.wav
2025-08-10 23:32:39,199 | INFO | Generating stress/4 (en-US-EmmaNeural) to stress_4_en-US-EmmaNeural.wav
2025-08-10 23:32:39,993 | INFO | Generating stress/4 (en-US-BrianNeural) to stress_4_en-US-BrianNeural.wav
2025-08-10 23:32:40,280 | INFO | Generating stress/4 (en-US-JennyNeural) to stress_4_en-US-JennyNeural.wav
2025-08-10 23:32:40,403 | INFO | Generating stress/4 (en-US-GuyNeural) to stress_4_en-US-GuyNeural.wav
2025-08-10 23:32:40,534 | INFO | Generating stress/4 (en-US-AriaNeural) to stress_4_en-US-AriaNeural.wav
2025-08-10 23:32:40,666 | INFO | Generating stress/4 (en-US-DavisNeural) to stress_4_en-US-DavisNeural.wav
2025-08-10 23:32:40,834 | INFO | Generating stress/4 (en-US-JaneNeural) to stress_4_en-US-JaneNeural.wav
2025-08-10 23:32:41,022 | INFO | Generating stress/4 (en-US-JasonNeural) to stress_4_en-US-JasonNeural.wav
2025-08-10 23:32:41,217 | INFO | Generating stress/4 (en-US-KaiNeural) to stress_4_en-US-KaiNeural.wav
2025-08-10 23:32:41,659 | INFO | Generating stress/4 (en-US-LunaNeural) to stress_4_en-US-LunaNeural.wav
2025-08-10 23:32:41,991 | INFO | Generating stress/4 (en-US-SaraNeural) to stress_4_en-US-SaraNeural.wav
2025-08-10 23:32:42,225 | INFO | Generating stress/4 (en-US-TonyNeural) to stress_4_en-US-TonyNeural.wav
2025-08-10 23:32:42,429 | INFO | Generating stress/4 (en-US-NancyNeural) to stress_4_en-US-NancyNeural.wav
2025-08-10 23:32:42,671 | INFO | Generating stress/4 (en-US-CoraMultilingualNeural) to stress_4_en-US-CoraMultilingualNeural.wav
2025-08-10 23:32:43,519 | INFO | Generating stress/4 (en-US-ChristopherMultilingualNeural) to stress_4_en-US-ChristopherMultilingualNeural.wav
2025-08-10 23:32:44,307 | INFO | Generating stress/4 (en-US-BrandonMultilingualNeural) to stress_4_en-US-BrandonMultilingualNeural.wav
2025-08-10 23:32:45,111 | INFO | Generating stress/4 (en-US-AmberNeural) to stress_4_en-US-AmberNeural.wav
2025-08-10 23:32:45,279 | INFO | Generating stress/4 (en-US-AnaNeural) to stress_4_en-US-AnaNeural.wav
2025-08-10 23:32:45,466 | INFO | Generating stress/4 (en-US-AshleyNeural) to stress_4_en-US-AshleyNeural.wav
2025-08-10 23:32:45,624 | INFO | Generating stress/4 (en-US-BrandonNeural) to stress_4_en-US-BrandonNeural.wav
2025-08-10 23:32:45,783 | INFO | Generating stress/4 (en-US-ChristopherNeural) to stress_4_en-US-ChristopherNeural.wav
2025-08-10 23:32:45,936 | INFO | Generating stress/4 (en-US-CoraNeural) to stress_4_en-US-CoraNeural.wav
2025-08-10 23:32:46,081 | INFO | Generating stress/4 (en-US-ElizabethNeural) to stress_4_en-US-ElizabethNeural.wav
2025-08-10 23:32:46,267 | INFO | Generating stress/4 (en-US-EricNeural) to stress_4_en-US-EricNeural.wav
2025-08-10 23:32:46,417 | INFO | Generating stress/4 (en-US-JacobNeural) to stress_4_en-US-JacobNeural.wav
2025-08-10 23:32:46,567 | INFO | Generating stress/4 (en-US-JennyMultilingualNeural) to stress_4_en-US-JennyMultilingualNeural.wav
2025-08-10 23:32:46,939 | INFO | Generating stress/4 (en-US-MichelleNeural) to stress_4_en-US-MichelleNeural.wav
2025-08-10 23:32:47,079 | INFO | Generating stress/4 (en-US-MonicaNeural) to stress_4_en-US-MonicaNeural.wav
2025-08-10 23:32:47,239 | INFO | Generating stress/4 (en-US-RogerNeural) to stress_4_en-US-RogerNeural.wav
2025-08-10 23:32:47,520 | INFO | Generating stress/4 (en-US-RyanMultilingualNeural) to stress_4_en-US-RyanMultilingualNeural.wav
2025-08-10 23:32:47,810 | INFO | Generating stress/4 (en-US-SteffanMultilingualNeural) to stress_4_en-US-SteffanMultilingualNeural.wav
2025-08-10 23:32:48,693 | INFO | Generating stress/4 (en-US-SteffanNeural) to stress_4_en-US-SteffanNeural.wav
2025-08-10 23:32:48,973 | INFO | Generating stress/4 (en-US-AdamMultilingualNeural) to stress_4_en-US-AdamMultilingualNeural.wav
2025-08-10 23:32:49,722 | INFO | Generating stress/4 (en-US-AIGenerate1Neural) to stress_4_en-US-AIGenerate1Neural.wav
2025-08-10 23:32:50,185 | INFO | Generating stress/4 (en-US-AIGenerate2Neural) to stress_4_en-US-AIGenerate2Neural.wav
2025-08-10 23:32:50,512 | INFO | Generating stress/4 (en-US-AmandaMultilingualNeural) to stress_4_en-US-AmandaMultilingualNeural.wav
2025-08-10 23:32:51,263 | INFO | Generating stress/4 (en-US-AshTurboMultilingualNeural) to stress_4_en-US-AshTurboMultilingualNeural.wav
2025-08-10 23:32:52,141 | INFO | Generating stress/4 (en-US-BlueNeural) to stress_4_en-US-BlueNeural.wav
2025-08-10 23:32:52,356 | INFO | Generating stress/5 (en-US-AvaMultilingualNeural) to stress_5_en-US-AvaMultilingualNeural.wav
2025-08-10 23:32:52,708 | INFO | Generating stress/5 (en-US-AndrewMultilingualNeural) to stress_5_en-US-AndrewMultilingualNeural.wav
2025-08-10 23:32:53,701 | INFO | Generating stress/5 (en-US-EmmaMultilingualNeural) to stress_5_en-US-EmmaMultilingualNeural.wav
2025-08-10 23:32:54,401 | INFO | Generating stress/5 (en-US-AlloyTurboMultilingualNeural) to stress_5_en-US-AlloyTurboMultilingualNeural.wav
2025-08-10 23:32:55,008 | INFO | Generating stress/5 (en-US-EchoTurboMultilingualNeural) to stress_5_en-US-EchoTurboMultilingualNeural.wav
2025-08-10 23:32:55,836 | INFO | Generating stress/5 (en-US-FableTurboMultilingualNeural) to stress_5_en-US-FableTurboMultilingualNeural.wav
2025-08-10 23:32:56,674 | INFO | Generating stress/5 (en-US-OnyxTurboMultilingualNeural) to stress_5_en-US-OnyxTurboMultilingualNeural.wav
2025-08-10 23:32:57,437 | INFO | Generating stress/5 (en-US-NovaTurboMultilingualNeural) to stress_5_en-US-NovaTurboMultilingualNeural.wav
2025-08-10 23:32:58,237 | INFO | Generating stress/5 (en-US-ShimmerTurboMultilingualNeural) to stress_5_en-US-ShimmerTurboMultilingualNeural.wav
2025-08-10 23:32:58,992 | INFO | Generating stress/5 (en-US-BrianMultilingualNeural) to stress_5_en-US-BrianMultilingualNeural.wav
2025-08-10 23:32:59,251 | INFO | Generating stress/5 (en-US-AvaNeural) to stress_5_en-US-AvaNeural.wav
2025-08-10 23:32:59,547 | INFO | Generating stress/5 (en-US-AndrewNeural) to stress_5_en-US-AndrewNeural.wav
2025-08-10 23:33:00,265 | INFO | Generating stress/5 (en-US-EmmaNeural) to stress_5_en-US-EmmaNeural.wav
2025-08-10 23:33:01,325 | INFO | Generating stress/5 (en-US-BrianNeural) to stress_5_en-US-BrianNeural.wav
2025-08-10 23:33:01,631 | INFO | Generating stress/5 (en-US-JennyNeural) to stress_5_en-US-JennyNeural.wav
2025-08-10 23:33:01,753 | INFO | Generating stress/5 (en-US-GuyNeural) to stress_5_en-US-GuyNeural.wav
2025-08-10 23:33:01,876 | INFO | Generating stress/5 (en-US-AriaNeural) to stress_5_en-US-AriaNeural.wav
2025-08-10 23:33:01,982 | INFO | Generating stress/5 (en-US-DavisNeural) to stress_5_en-US-DavisNeural.wav
2025-08-10 23:33:02,190 | INFO | Generating stress/5 (en-US-JaneNeural) to stress_5_en-US-JaneNeural.wav
2025-08-10 23:33:02,386 | INFO | Generating stress/5 (en-US-JasonNeural) to stress_5_en-US-JasonNeural.wav
2025-08-10 23:33:02,573 | INFO | Generating stress/5 (en-US-KaiNeural) to stress_5_en-US-KaiNeural.wav
2025-08-10 23:33:02,970 | INFO | Generating stress/5 (en-US-LunaNeural) to stress_5_en-US-LunaNeural.wav
2025-08-10 23:33:03,368 | INFO | Generating stress/5 (en-US-SaraNeural) to stress_5_en-US-SaraNeural.wav
2025-08-10 23:33:03,592 | INFO | Generating stress/5 (en-US-TonyNeural) to stress_5_en-US-TonyNeural.wav
2025-08-10 23:33:03,817 | INFO | Generating stress/5 (en-US-NancyNeural) to stress_5_en-US-NancyNeural.wav
2025-08-10 23:33:04,015 | INFO | Generating stress/5 (en-US-CoraMultilingualNeural) to stress_5_en-US-CoraMultilingualNeural.wav
2025-08-10 23:33:04,939 | INFO | Generating stress/5 (en-US-ChristopherMultilingualNeural) to stress_5_en-US-ChristopherMultilingualNeural.wav
2025-08-10 23:33:05,732 | INFO | Generating stress/5 (en-US-BrandonMultilingualNeural) to stress_5_en-US-BrandonMultilingualNeural.wav
2025-08-10 23:33:06,614 | INFO | Generating stress/5 (en-US-AmberNeural) to stress_5_en-US-AmberNeural.wav
2025-08-10 23:33:06,773 | INFO | Generating stress/5 (en-US-AnaNeural) to stress_5_en-US-AnaNeural.wav
2025-08-10 23:33:06,978 | INFO | Generating stress/5 (en-US-AshleyNeural) to stress_5_en-US-AshleyNeural.wav
2025-08-10 23:33:07,119 | INFO | Generating stress/5 (en-US-BrandonNeural) to stress_5_en-US-BrandonNeural.wav
2025-08-10 23:33:07,269 | INFO | Generating stress/5 (en-US-ChristopherNeural) to stress_5_en-US-ChristopherNeural.wav
2025-08-10 23:33:07,400 | INFO | Generating stress/5 (en-US-CoraNeural) to stress_5_en-US-CoraNeural.wav
2025-08-10 23:33:07,569 | INFO | Generating stress/5 (en-US-ElizabethNeural) to stress_5_en-US-ElizabethNeural.wav
2025-08-10 23:33:07,700 | INFO | Generating stress/5 (en-US-EricNeural) to stress_5_en-US-EricNeural.wav
2025-08-10 23:33:07,850 | INFO | Generating stress/5 (en-US-JacobNeural) to stress_5_en-US-JacobNeural.wav
2025-08-10 23:33:07,999 | INFO | Generating stress/5 (en-US-JennyMultilingualNeural) to stress_5_en-US-JennyMultilingualNeural.wav
2025-08-10 23:33:08,278 | INFO | Generating stress/5 (en-US-MichelleNeural) to stress_5_en-US-MichelleNeural.wav
2025-08-10 23:33:08,400 | INFO | Generating stress/5 (en-US-MonicaNeural) to stress_5_en-US-MonicaNeural.wav
2025-08-10 23:33:08,578 | INFO | Generating stress/5 (en-US-RogerNeural) to stress_5_en-US-RogerNeural.wav
2025-08-10 23:33:08,842 | INFO | Generating stress/5 (en-US-RyanMultilingualNeural) to stress_5_en-US-RyanMultilingualNeural.wav
2025-08-10 23:33:09,118 | INFO | Generating stress/5 (en-US-SteffanMultilingualNeural) to stress_5_en-US-SteffanMultilingualNeural.wav
2025-08-10 23:33:10,006 | INFO | Generating stress/5 (en-US-SteffanNeural) to stress_5_en-US-SteffanNeural.wav
2025-08-10 23:33:10,288 | INFO | Generating stress/5 (en-US-AdamMultilingualNeural) to stress_5_en-US-AdamMultilingualNeural.wav
2025-08-10 23:33:11,081 | INFO | Generating stress/5 (en-US-AIGenerate1Neural) to stress_5_en-US-AIGenerate1Neural.wav
2025-08-10 23:33:11,419 | INFO | Generating stress/5 (en-US-AIGenerate2Neural) to stress_5_en-US-AIGenerate2Neural.wav
2025-08-10 23:33:11,738 | INFO | Generating stress/5 (en-US-AmandaMultilingualNeural) to stress_5_en-US-AmandaMultilingualNeural.wav
2025-08-10 23:33:12,543 | INFO | Generating stress/5 (en-US-AshTurboMultilingualNeural) to stress_5_en-US-AshTurboMultilingualNeural.wav
2025-08-10 23:33:13,304 | INFO | Generating stress/5 (en-US-BlueNeural) to stress_5_en-US-BlueNeural.wav
2025-08-10 23:33:13,494 | INFO | Generating stress/6 (en-US-AvaMultilingualNeural) to stress_6_en-US-AvaMultilingualNeural.wav
2025-08-10 23:33:13,847 | INFO | Generating stress/6 (en-US-AndrewMultilingualNeural) to stress_6_en-US-AndrewMultilingualNeural.wav
2025-08-10 23:33:14,740 | INFO | Generating stress/6 (en-US-EmmaMultilingualNeural) to stress_6_en-US-EmmaMultilingualNeural.wav
2025-08-10 23:33:15,509 | INFO | Generating stress/6 (en-US-AlloyTurboMultilingualNeural) to stress_6_en-US-AlloyTurboMultilingualNeural.wav
2025-08-10 23:33:16,176 | INFO | Generating stress/6 (en-US-EchoTurboMultilingualNeural) to stress_6_en-US-EchoTurboMultilingualNeural.wav
2025-08-10 23:33:16,946 | INFO | Generating stress/6 (en-US-FableTurboMultilingualNeural) to stress_6_en-US-FableTurboMultilingualNeural.wav
2025-08-10 23:33:17,735 | INFO | Generating stress/6 (en-US-OnyxTurboMultilingualNeural) to stress_6_en-US-OnyxTurboMultilingualNeural.wav
2025-08-10 23:33:18,456 | INFO | Generating stress/6 (en-US-NovaTurboMultilingualNeural) to stress_6_en-US-NovaTurboMultilingualNeural.wav
2025-08-10 23:33:19,213 | INFO | Generating stress/6 (en-US-ShimmerTurboMultilingualNeural) to stress_6_en-US-ShimmerTurboMultilingualNeural.wav
2025-08-10 23:33:19,888 | INFO | Generating stress/6 (en-US-BrianMultilingualNeural) to stress_6_en-US-BrianMultilingualNeural.wav
2025-08-10 23:33:20,169 | INFO | Generating stress/6 (en-US-AvaNeural) to stress_6_en-US-AvaNeural.wav
2025-08-10 23:33:20,421 | INFO | Generating stress/6 (en-US-AndrewNeural) to stress_6_en-US-AndrewNeural.wav
2025-08-10 23:33:21,208 | INFO | Generating stress/6 (en-US-EmmaNeural) to stress_6_en-US-EmmaNeural.wav
2025-08-10 23:33:22,063 | INFO | Generating stress/6 (en-US-BrianNeural) to stress_6_en-US-BrianNeural.wav
2025-08-10 23:33:22,300 | INFO | Generating stress/6 (en-US-JennyNeural) to stress_6_en-US-JennyNeural.wav
2025-08-10 23:33:22,426 | INFO | Generating stress/6 (en-US-GuyNeural) to stress_6_en-US-GuyNeural.wav
2025-08-10 23:33:22,569 | INFO | Generating stress/6 (en-US-AriaNeural) to stress_6_en-US-AriaNeural.wav
2025-08-10 23:33:22,677 | INFO | Generating stress/6 (en-US-DavisNeural) to stress_6_en-US-DavisNeural.wav
2025-08-10 23:33:22,886 | INFO | Generating stress/6 (en-US-JaneNeural) to stress_6_en-US-JaneNeural.wav
2025-08-10 23:33:23,077 | INFO | Generating stress/6 (en-US-JasonNeural) to stress_6_en-US-JasonNeural.wav
2025-08-10 23:33:23,286 | INFO | Generating stress/6 (en-US-KaiNeural) to stress_6_en-US-KaiNeural.wav
2025-08-10 23:33:23,558 | INFO | Generating stress/6 (en-US-LunaNeural) to stress_6_en-US-LunaNeural.wav
2025-08-10 23:33:23,903 | INFO | Generating stress/6 (en-US-SaraNeural) to stress_6_en-US-SaraNeural.wav
2025-08-10 23:33:24,118 | INFO | Generating stress/6 (en-US-TonyNeural) to stress_6_en-US-TonyNeural.wav
2025-08-10 23:33:24,305 | INFO | Generating stress/6 (en-US-NancyNeural) to stress_6_en-US-NancyNeural.wav
2025-08-10 23:33:24,541 | INFO | Generating stress/6 (en-US-CoraMultilingualNeural) to stress_6_en-US-CoraMultilingualNeural.wav
2025-08-10 23:33:25,385 | INFO | Generating stress/6 (en-US-ChristopherMultilingualNeural) to stress_6_en-US-ChristopherMultilingualNeural.wav
2025-08-10 23:33:26,115 | INFO | Generating stress/6 (en-US-BrandonMultilingualNeural) to stress_6_en-US-BrandonMultilingualNeural.wav
2025-08-10 23:33:26,953 | INFO | Generating stress/6 (en-US-AmberNeural) to stress_6_en-US-AmberNeural.wav
2025-08-10 23:33:27,094 | INFO | Generating stress/6 (en-US-AnaNeural) to stress_6_en-US-AnaNeural.wav
2025-08-10 23:33:27,282 | INFO | Generating stress/6 (en-US-AshleyNeural) to stress_6_en-US-AshleyNeural.wav
2025-08-10 23:33:27,422 | INFO | Generating stress/6 (en-US-BrandonNeural) to stress_6_en-US-BrandonNeural.wav
2025-08-10 23:33:27,554 | INFO | Generating stress/6 (en-US-ChristopherNeural) to stress_6_en-US-ChristopherNeural.wav
2025-08-10 23:33:27,714 | INFO | Generating stress/6 (en-US-CoraNeural) to stress_6_en-US-CoraNeural.wav
2025-08-10 23:33:27,845 | INFO | Generating stress/6 (en-US-ElizabethNeural) to stress_6_en-US-ElizabethNeural.wav
2025-08-10 23:33:27,958 | INFO | Generating stress/6 (en-US-EricNeural) to stress_6_en-US-EricNeural.wav
2025-08-10 23:33:28,090 | INFO | Generating stress/6 (en-US-JacobNeural) to stress_6_en-US-JacobNeural.wav
2025-08-10 23:33:28,202 | INFO | Generating stress/6 (en-US-JennyMultilingualNeural) to stress_6_en-US-JennyMultilingualNeural.wav
2025-08-10 23:33:28,479 | INFO | Generating stress/6 (en-US-MichelleNeural) to stress_6_en-US-MichelleNeural.wav
2025-08-10 23:33:28,592 | INFO | Generating stress/6 (en-US-MonicaNeural) to stress_6_en-US-MonicaNeural.wav
2025-08-10 23:33:28,704 | INFO | Generating stress/6 (en-US-RogerNeural) to stress_6_en-US-RogerNeural.wav
2025-08-10 23:33:29,011 | INFO | Generating stress/6 (en-US-RyanMultilingualNeural) to stress_6_en-US-RyanMultilingualNeural.wav
2025-08-10 23:33:29,399 | INFO | Generating stress/6 (en-US-SteffanMultilingualNeural) to stress_6_en-US-SteffanMultilingualNeural.wav
2025-08-10 23:33:30,148 | INFO | Generating stress/6 (en-US-SteffanNeural) to stress_6_en-US-SteffanNeural.wav
2025-08-10 23:33:30,481 | INFO | Generating stress/6 (en-US-AdamMultilingualNeural) to stress_6_en-US-AdamMultilingualNeural.wav
2025-08-10 23:33:31,209 | INFO | Generating stress/6 (en-US-AIGenerate1Neural) to stress_6_en-US-AIGenerate1Neural.wav
2025-08-10 23:33:31,519 | INFO | Generating stress/6 (en-US-AIGenerate2Neural) to stress_6_en-US-AIGenerate2Neural.wav
2025-08-10 23:33:31,897 | INFO | Generating stress/6 (en-US-AmandaMultilingualNeural) to stress_6_en-US-AmandaMultilingualNeural.wav
2025-08-10 23:33:32,614 | INFO | Generating stress/6 (en-US-AshTurboMultilingualNeural) to stress_6_en-US-AshTurboMultilingualNeural.wav
2025-08-10 23:33:33,490 | INFO | Generating stress/6 (en-US-BlueNeural) to stress_6_en-US-BlueNeural.wav
2025-08-10 23:33:33,725 | INFO | Generating stress/7 (en-US-AvaMultilingualNeural) to stress_7_en-US-AvaMultilingualNeural.wav
2025-08-10 23:33:33,997 | INFO | Generating stress/7 (en-US-AndrewMultilingualNeural) to stress_7_en-US-AndrewMultilingualNeural.wav
2025-08-10 23:33:34,844 | INFO | Generating stress/7 (en-US-EmmaMultilingualNeural) to stress_7_en-US-EmmaMultilingualNeural.wav
2025-08-10 23:33:35,671 | INFO | Generating stress/7 (en-US-AlloyTurboMultilingualNeural) to stress_7_en-US-AlloyTurboMultilingualNeural.wav
2025-08-10 23:33:36,334 | INFO | Generating stress/7 (en-US-EchoTurboMultilingualNeural) to stress_7_en-US-EchoTurboMultilingualNeural.wav
2025-08-10 23:33:37,097 | INFO | Generating stress/7 (en-US-FableTurboMultilingualNeural) to stress_7_en-US-FableTurboMultilingualNeural.wav
2025-08-10 23:33:37,796 | INFO | Generating stress/7 (en-US-OnyxTurboMultilingualNeural) to stress_7_en-US-OnyxTurboMultilingualNeural.wav
2025-08-10 23:33:38,477 | INFO | Generating stress/7 (en-US-NovaTurboMultilingualNeural) to stress_7_en-US-NovaTurboMultilingualNeural.wav
2025-08-10 23:33:39,182 | INFO | Generating stress/7 (en-US-ShimmerTurboMultilingualNeural) to stress_7_en-US-ShimmerTurboMultilingualNeural.wav
2025-08-10 23:33:39,939 | INFO | Generating stress/7 (en-US-BrianMultilingualNeural) to stress_7_en-US-BrianMultilingualNeural.wav
2025-08-10 23:33:40,291 | INFO | Generating stress/7 (en-US-AvaNeural) to stress_7_en-US-AvaNeural.wav
2025-08-10 23:33:40,596 | INFO | Generating stress/7 (en-US-AndrewNeural) to stress_7_en-US-AndrewNeural.wav
2025-08-10 23:33:41,323 | INFO | Generating stress/7 (en-US-EmmaNeural) to stress_7_en-US-EmmaNeural.wav
2025-08-10 23:33:42,003 | INFO | Generating stress/7 (en-US-BrianNeural) to stress_7_en-US-BrianNeural.wav
2025-08-10 23:33:42,309 | INFO | Generating stress/7 (en-US-JennyNeural) to stress_7_en-US-JennyNeural.wav
2025-08-10 23:33:42,440 | INFO | Generating stress/7 (en-US-GuyNeural) to stress_7_en-US-GuyNeural.wav
2025-08-10 23:33:42,534 | INFO | Generating stress/7 (en-US-AriaNeural) to stress_7_en-US-AriaNeural.wav
2025-08-10 23:33:42,656 | INFO | Generating stress/7 (en-US-DavisNeural) to stress_7_en-US-DavisNeural.wav
2025-08-10 23:33:42,843 | INFO | Generating stress/7 (en-US-JaneNeural) to stress_7_en-US-JaneNeural.wav
2025-08-10 23:33:43,040 | INFO | Generating stress/7 (en-US-JasonNeural) to stress_7_en-US-JasonNeural.wav
2025-08-10 23:33:43,210 | INFO | Generating stress/7 (en-US-KaiNeural) to stress_7_en-US-KaiNeural.wav
2025-08-10 23:33:43,507 | INFO | Generating stress/7 (en-US-LunaNeural) to stress_7_en-US-LunaNeural.wav
2025-08-10 23:33:43,905 | INFO | Generating stress/7 (en-US-SaraNeural) to stress_7_en-US-SaraNeural.wav
2025-08-10 23:33:44,128 | INFO | Generating stress/7 (en-US-TonyNeural) to stress_7_en-US-TonyNeural.wav
2025-08-10 23:33:44,315 | INFO | Generating stress/7 (en-US-NancyNeural) to stress_7_en-US-NancyNeural.wav
2025-08-10 23:33:44,493 | INFO | Generating stress/7 (en-US-CoraMultilingualNeural) to stress_7_en-US-CoraMultilingualNeural.wav
2025-08-10 23:33:45,286 | INFO | Generating stress/7 (en-US-ChristopherMultilingualNeural) to stress_7_en-US-ChristopherMultilingualNeural.wav
2025-08-10 23:33:46,027 | INFO | Generating stress/7 (en-US-BrandonMultilingualNeural) to stress_7_en-US-BrandonMultilingualNeural.wav
2025-08-10 23:33:46,922 | INFO | Generating stress/7 (en-US-AmberNeural) to stress_7_en-US-AmberNeural.wav
2025-08-10 23:33:47,082 | INFO | Generating stress/7 (en-US-AnaNeural) to stress_7_en-US-AnaNeural.wav
2025-08-10 23:33:47,269 | INFO | Generating stress/7 (en-US-AshleyNeural) to stress_7_en-US-AshleyNeural.wav
2025-08-10 23:33:47,437 | INFO | Generating stress/7 (en-US-BrandonNeural) to stress_7_en-US-BrandonNeural.wav
2025-08-10 23:33:47,642 | INFO | Generating stress/7 (en-US-ChristopherNeural) to stress_7_en-US-ChristopherNeural.wav
2025-08-10 23:33:47,782 | INFO | Generating stress/7 (en-US-CoraNeural) to stress_7_en-US-CoraNeural.wav
2025-08-10 23:33:47,923 | INFO | Generating stress/7 (en-US-ElizabethNeural) to stress_7_en-US-ElizabethNeural.wav
2025-08-10 23:33:48,045 | INFO | Generating stress/7 (en-US-EricNeural) to stress_7_en-US-EricNeural.wav
2025-08-10 23:33:48,196 | INFO | Generating stress/7 (en-US-JacobNeural) to stress_7_en-US-JacobNeural.wav
2025-08-10 23:33:48,354 | INFO | Generating stress/7 (en-US-JennyMultilingualNeural) to stress_7_en-US-JennyMultilingualNeural.wav
2025-08-10 23:33:48,623 | INFO | Generating stress/7 (en-US-MichelleNeural) to stress_7_en-US-MichelleNeural.wav
2025-08-10 23:33:48,736 | INFO | Generating stress/7 (en-US-MonicaNeural) to stress_7_en-US-MonicaNeural.wav
2025-08-10 23:33:48,896 | INFO | Generating stress/7 (en-US-RogerNeural) to stress_7_en-US-RogerNeural.wav
2025-08-10 23:33:49,174 | INFO | Generating stress/7 (en-US-RyanMultilingualNeural) to stress_7_en-US-RyanMultilingualNeural.wav
2025-08-10 23:33:49,480 | INFO | Generating stress/7 (en-US-SteffanMultilingualNeural) to stress_7_en-US-SteffanMultilingualNeural.wav
2025-08-10 23:33:50,249 | INFO | Generating stress/7 (en-US-SteffanNeural) to stress_7_en-US-SteffanNeural.wav
2025-08-10 23:33:50,497 | INFO | Generating stress/7 (en-US-AdamMultilingualNeural) to stress_7_en-US-AdamMultilingualNeural.wav
2025-08-10 23:33:51,363 | INFO | Generating stress/7 (en-US-AIGenerate1Neural) to stress_7_en-US-AIGenerate1Neural.wav
2025-08-10 23:33:51,710 | INFO | Generating stress/7 (en-US-AIGenerate2Neural) to stress_7_en-US-AIGenerate2Neural.wav
2025-08-10 23:33:52,029 | INFO | Generating stress/7 (en-US-AmandaMultilingualNeural) to stress_7_en-US-AmandaMultilingualNeural.wav
2025-08-10 23:33:52,718 | INFO | Generating stress/7 (en-US-AshTurboMultilingualNeural) to stress_7_en-US-AshTurboMultilingualNeural.wav
2025-08-10 23:33:53,693 | INFO | Generating stress/7 (en-US-BlueNeural) to stress_7_en-US-BlueNeural.wav
2025-08-10 23:33:53,908 | INFO | Generating stress/8 (en-US-AvaMultilingualNeural) to stress_8_en-US-AvaMultilingualNeural.wav
2025-08-10 23:33:54,235 | INFO | Generating stress/8 (en-US-AndrewMultilingualNeural) to stress_8_en-US-AndrewMultilingualNeural.wav
2025-08-10 23:33:55,028 | INFO | Generating stress/8 (en-US-EmmaMultilingualNeural) to stress_8_en-US-EmmaMultilingualNeural.wav
2025-08-10 23:33:55,793 | INFO | Generating stress/8 (en-US-AlloyTurboMultilingualNeural) to stress_8_en-US-AlloyTurboMultilingualNeural.wav
2025-08-10 23:33:56,622 | INFO | Generating stress/8 (en-US-EchoTurboMultilingualNeural) to stress_8_en-US-EchoTurboMultilingualNeural.wav
2025-08-10 23:33:57,483 | INFO | Generating stress/8 (en-US-FableTurboMultilingualNeural) to stress_8_en-US-FableTurboMultilingualNeural.wav
2025-08-10 23:33:58,240 | INFO | Generating stress/8 (en-US-OnyxTurboMultilingualNeural) to stress_8_en-US-OnyxTurboMultilingualNeural.wav
2025-08-10 23:33:58,992 | INFO | Generating stress/8 (en-US-NovaTurboMultilingualNeural) to stress_8_en-US-NovaTurboMultilingualNeural.wav
2025-08-10 23:33:59,808 | INFO | Generating stress/8 (en-US-ShimmerTurboMultilingualNeural) to stress_8_en-US-ShimmerTurboMultilingualNeural.wav
2025-08-10 23:34:00,701 | INFO | Generating stress/8 (en-US-BrianMultilingualNeural) to stress_8_en-US-BrianMultilingualNeural.wav
2025-08-10 23:34:00,941 | INFO | Generating stress/8 (en-US-AvaNeural) to stress_8_en-US-AvaNeural.wav
2025-08-10 23:34:01,229 | INFO | Generating stress/8 (en-US-AndrewNeural) to stress_8_en-US-AndrewNeural.wav
2025-08-10 23:34:02,472 | INFO | Generating stress/8 (en-US-EmmaNeural) to stress_8_en-US-EmmaNeural.wav
2025-08-10 23:34:03,164 | INFO | Generating stress/8 (en-US-BrianNeural) to stress_8_en-US-BrianNeural.wav
2025-08-10 23:34:03,535 | INFO | Generating stress/8 (en-US-JennyNeural) to stress_8_en-US-JennyNeural.wav
2025-08-10 23:34:03,639 | INFO | Generating stress/8 (en-US-GuyNeural) to stress_8_en-US-GuyNeural.wav
2025-08-10 23:34:03,752 | INFO | Generating stress/8 (en-US-AriaNeural) to stress_8_en-US-AriaNeural.wav
2025-08-10 23:34:03,874 | INFO | Generating stress/8 (en-US-DavisNeural) to stress_8_en-US-DavisNeural.wav
2025-08-10 23:34:04,052 | INFO | Generating stress/8 (en-US-JaneNeural) to stress_8_en-US-JaneNeural.wav
2025-08-10 23:34:04,240 | INFO | Generating stress/8 (en-US-JasonNeural) to stress_8_en-US-JasonNeural.wav
2025-08-10 23:34:04,446 | INFO | Generating stress/8 (en-US-KaiNeural) to stress_8_en-US-KaiNeural.wav
2025-08-10 23:34:04,844 | INFO | Generating stress/8 (en-US-LunaNeural) to stress_8_en-US-LunaNeural.wav
2025-08-10 23:34:05,197 | INFO | Generating stress/8 (en-US-SaraNeural) to stress_8_en-US-SaraNeural.wav
2025-08-10 23:34:05,421 | INFO | Generating stress/8 (en-US-TonyNeural) to stress_8_en-US-TonyNeural.wav
2025-08-10 23:34:05,571 | INFO | Generating stress/8 (en-US-NancyNeural) to stress_8_en-US-NancyNeural.wav
2025-08-10 23:34:05,795 | INFO | Generating stress/8 (en-US-CoraMultilingualNeural) to stress_8_en-US-CoraMultilingualNeural.wav
2025-08-10 23:34:06,477 | INFO | Generating stress/8 (en-US-ChristopherMultilingualNeural) to stress_8_en-US-ChristopherMultilingualNeural.wav
2025-08-10 23:34:07,269 | INFO | Generating stress/8 (en-US-BrandonMultilingualNeural) to stress_8_en-US-BrandonMultilingualNeural.wav
2025-08-10 23:34:08,057 | INFO | Generating stress/8 (en-US-AmberNeural) to stress_8_en-US-AmberNeural.wav
2025-08-10 23:34:08,256 | INFO | Generating stress/8 (en-US-AnaNeural) to stress_8_en-US-AnaNeural.wav
2025-08-10 23:34:08,539 | INFO | Generating stress/8 (en-US-AshleyNeural) to stress_8_en-US-AshleyNeural.wav
2025-08-10 23:34:08,702 | INFO | Generating stress/8 (en-US-BrandonNeural) to stress_8_en-US-BrandonNeural.wav
2025-08-10 23:34:08,818 | INFO | Generating stress/8 (en-US-ChristopherNeural) to stress_8_en-US-ChristopherNeural.wav
2025-08-10 23:34:08,942 | INFO | Generating stress/8 (en-US-CoraNeural) to stress_8_en-US-CoraNeural.wav
2025-08-10 23:34:09,084 | INFO | Generating stress/8 (en-US-ElizabethNeural) to stress_8_en-US-ElizabethNeural.wav
2025-08-10 23:34:09,198 | INFO | Generating stress/8 (en-US-EricNeural) to stress_8_en-US-EricNeural.wav
2025-08-10 23:34:09,311 | INFO | Generating stress/8 (en-US-JacobNeural) to stress_8_en-US-JacobNeural.wav
2025-08-10 23:34:09,433 | INFO | Generating stress/8 (en-US-JennyMultilingualNeural) to stress_8_en-US-JennyMultilingualNeural.wav
2025-08-10 23:34:09,713 | INFO | Generating stress/8 (en-US-MichelleNeural) to stress_8_en-US-MichelleNeural.wav
2025-08-10 23:34:09,834 | INFO | Generating stress/8 (en-US-MonicaNeural) to stress_8_en-US-MonicaNeural.wav
2025-08-10 23:34:09,966 | INFO | Generating stress/8 (en-US-RogerNeural) to stress_8_en-US-RogerNeural.wav
2025-08-10 23:34:10,273 | INFO | Generating stress/8 (en-US-RyanMultilingualNeural) to stress_8_en-US-RyanMultilingualNeural.wav
2025-08-10 23:34:10,579 | INFO | Generating stress/8 (en-US-SteffanMultilingualNeural) to stress_8_en-US-SteffanMultilingualNeural.wav
2025-08-10 23:34:11,353 | INFO | Generating stress/8 (en-US-SteffanNeural) to stress_8_en-US-SteffanNeural.wav
2025-08-10 23:34:11,587 | INFO | Generating stress/8 (en-US-AdamMultilingualNeural) to stress_8_en-US-AdamMultilingualNeural.wav
2025-08-10 23:34:12,388 | INFO | Generating stress/8 (en-US-AIGenerate1Neural) to stress_8_en-US-AIGenerate1Neural.wav
2025-08-10 23:34:12,704 | INFO | Generating stress/8 (en-US-AIGenerate2Neural) to stress_8_en-US-AIGenerate2Neural.wav
2025-08-10 23:34:13,010 | INFO | Generating stress/8 (en-US-AmandaMultilingualNeural) to stress_8_en-US-AmandaMultilingualNeural.wav
2025-08-10 23:34:13,697 | INFO | Generating stress/8 (en-US-AshTurboMultilingualNeural) to stress_8_en-US-AshTurboMultilingualNeural.wav
2025-08-10 23:34:14,428 | INFO | Generating stress/8 (en-US-BlueNeural) to stress_8_en-US-BlueNeural.wav
2025-08-10 23:34:14,626 | INFO | Generating stress/9 (en-US-AvaMultilingualNeural) to stress_9_en-US-AvaMultilingualNeural.wav
2025-08-10 23:34:14,940 | INFO | Generating stress/9 (en-US-AndrewMultilingualNeural) to stress_9_en-US-AndrewMultilingualNeural.wav
2025-08-10 23:34:15,644 | INFO | Generating stress/9 (en-US-EmmaMultilingualNeural) to stress_9_en-US-EmmaMultilingualNeural.wav
2025-08-10 23:34:16,617 | INFO | Generating stress/9 (en-US-AlloyTurboMultilingualNeural) to stress_9_en-US-AlloyTurboMultilingualNeural.wav
2025-08-10 23:34:17,368 | INFO | Generating stress/9 (en-US-EchoTurboMultilingualNeural) to stress_9_en-US-EchoTurboMultilingualNeural.wav
2025-08-10 23:34:17,996 | INFO | Generating stress/9 (en-US-FableTurboMultilingualNeural) to stress_9_en-US-FableTurboMultilingualNeural.wav
2025-08-10 23:34:18,717 | INFO | Generating stress/9 (en-US-OnyxTurboMultilingualNeural) to stress_9_en-US-OnyxTurboMultilingualNeural.wav
2025-08-10 23:34:19,322 | INFO | Generating stress/9 (en-US-NovaTurboMultilingualNeural) to stress_9_en-US-NovaTurboMultilingualNeural.wav
2025-08-10 23:34:19,933 | INFO | Generating stress/9 (en-US-ShimmerTurboMultilingualNeural) to stress_9_en-US-ShimmerTurboMultilingualNeural.wav
2025-08-10 23:34:20,645 | INFO | Generating stress/9 (en-US-BrianMultilingualNeural) to stress_9_en-US-BrianMultilingualNeural.wav
2025-08-10 23:34:20,942 | INFO | Generating stress/9 (en-US-AvaNeural) to stress_9_en-US-AvaNeural.wav
2025-08-10 23:34:21,213 | INFO | Generating stress/9 (en-US-AndrewNeural) to stress_9_en-US-AndrewNeural.wav
2025-08-10 23:34:21,816 | INFO | Generating stress/9 (en-US-EmmaNeural) to stress_9_en-US-EmmaNeural.wav
2025-08-10 23:34:22,474 | INFO | Generating stress/9 (en-US-BrianNeural) to stress_9_en-US-BrianNeural.wav
2025-08-10 23:34:22,754 | INFO | Generating stress/9 (en-US-JennyNeural) to stress_9_en-US-JennyNeural.wav
2025-08-10 23:34:22,877 | INFO | Generating stress/9 (en-US-GuyNeural) to stress_9_en-US-GuyNeural.wav
2025-08-10 23:34:23,010 | INFO | Generating stress/9 (en-US-AriaNeural) to stress_9_en-US-AriaNeural.wav
2025-08-10 23:34:23,123 | INFO | Generating stress/9 (en-US-DavisNeural) to stress_9_en-US-DavisNeural.wav
2025-08-10 23:34:23,284 | INFO | Generating stress/9 (en-US-JaneNeural) to stress_9_en-US-JaneNeural.wav
2025-08-10 23:34:23,481 | INFO | Generating stress/9 (en-US-JasonNeural) to stress_9_en-US-JasonNeural.wav
2025-08-10 23:34:23,659 | INFO | Generating stress/9 (en-US-KaiNeural) to stress_9_en-US-KaiNeural.wav
2025-08-10 23:34:24,021 | INFO | Generating stress/9 (en-US-LunaNeural) to stress_9_en-US-LunaNeural.wav
2025-08-10 23:34:24,386 | INFO | Generating stress/9 (en-US-SaraNeural) to stress_9_en-US-SaraNeural.wav
2025-08-10 23:34:24,613 | INFO | Generating stress/9 (en-US-TonyNeural) to stress_9_en-US-TonyNeural.wav
2025-08-10 23:34:24,765 | INFO | Generating stress/9 (en-US-NancyNeural) to stress_9_en-US-NancyNeural.wav
2025-08-10 23:34:24,943 | INFO | Generating stress/9 (en-US-CoraMultilingualNeural) to stress_9_en-US-CoraMultilingualNeural.wav
2025-08-10 23:34:25,734 | INFO | Generating stress/9 (en-US-ChristopherMultilingualNeural) to stress_9_en-US-ChristopherMultilingualNeural.wav
2025-08-10 23:34:26,424 | INFO | Generating stress/9 (en-US-BrandonMultilingualNeural) to stress_9_en-US-BrandonMultilingualNeural.wav
2025-08-10 23:34:27,170 | INFO | Generating stress/9 (en-US-AmberNeural) to stress_9_en-US-AmberNeural.wav
2025-08-10 23:34:27,293 | INFO | Generating stress/9 (en-US-AnaNeural) to stress_9_en-US-AnaNeural.wav
2025-08-10 23:34:27,416 | INFO | Generating stress/9 (en-US-AshleyNeural) to stress_9_en-US-AshleyNeural.wav
2025-08-10 23:34:27,575 | INFO | Generating stress/9 (en-US-BrandonNeural) to stress_9_en-US-BrandonNeural.wav
2025-08-10 23:34:27,697 | INFO | Generating stress/9 (en-US-ChristopherNeural) to stress_9_en-US-ChristopherNeural.wav
2025-08-10 23:34:27,829 | INFO | Generating stress/9 (en-US-CoraNeural) to stress_9_en-US-CoraNeural.wav
2025-08-10 23:34:27,961 | INFO | Generating stress/9 (en-US-ElizabethNeural) to stress_9_en-US-ElizabethNeural.wav
2025-08-10 23:34:28,093 | INFO | Generating stress/9 (en-US-EricNeural) to stress_9_en-US-EricNeural.wav
2025-08-10 23:34:28,234 | INFO | Generating stress/9 (en-US-JacobNeural) to stress_9_en-US-JacobNeural.wav
2025-08-10 23:34:28,384 | INFO | Generating stress/9 (en-US-JennyMultilingualNeural) to stress_9_en-US-JennyMultilingualNeural.wav
2025-08-10 23:34:28,621 | INFO | Generating stress/9 (en-US-MichelleNeural) to stress_9_en-US-MichelleNeural.wav
2025-08-10 23:34:28,768 | INFO | Generating stress/9 (en-US-MonicaNeural) to stress_9_en-US-MonicaNeural.wav
2025-08-10 23:34:28,919 | INFO | Generating stress/9 (en-US-RogerNeural) to stress_9_en-US-RogerNeural.wav
2025-08-10 23:34:29,179 | INFO | Generating stress/9 (en-US-RyanMultilingualNeural) to stress_9_en-US-RyanMultilingualNeural.wav
2025-08-10 23:34:29,486 | INFO | Generating stress/9 (en-US-SteffanMultilingualNeural) to stress_9_en-US-SteffanMultilingualNeural.wav
2025-08-10 23:34:30,174 | INFO | Generating stress/9 (en-US-SteffanNeural) to stress_9_en-US-SteffanNeural.wav
2025-08-10 23:34:30,455 | INFO | Generating stress/9 (en-US-AdamMultilingualNeural) to stress_9_en-US-AdamMultilingualNeural.wav
2025-08-10 23:34:31,372 | INFO | Generating stress/9 (en-US-AIGenerate1Neural) to stress_9_en-US-AIGenerate1Neural.wav
2025-08-10 23:34:31,680 | INFO | Generating stress/9 (en-US-AIGenerate2Neural) to stress_9_en-US-AIGenerate2Neural.wav
2025-08-10 23:34:31,970 | INFO | Generating stress/9 (en-US-AmandaMultilingualNeural) to stress_9_en-US-AmandaMultilingualNeural.wav
2025-08-10 23:34:32,673 | INFO | Generating stress/9 (en-US-AshTurboMultilingualNeural) to stress_9_en-US-AshTurboMultilingualNeural.wav
2025-08-10 23:34:33,448 | INFO | Generating stress/9 (en-US-BlueNeural) to stress_9_en-US-BlueNeural.wav
2025-08-10 23:34:33,635 | INFO | Generating stress/10 (en-US-AvaMultilingualNeural) to stress_10_en-US-AvaMultilingualNeural.wav
2025-08-10 23:34:33,997 | INFO | Generating stress/10 (en-US-AndrewMultilingualNeural) to stress_10_en-US-AndrewMultilingualNeural.wav
2025-08-10 23:34:34,739 | INFO | Generating stress/10 (en-US-EmmaMultilingualNeural) to stress_10_en-US-EmmaMultilingualNeural.wav
2025-08-10 23:34:35,532 | INFO | Generating stress/10 (en-US-AlloyTurboMultilingualNeural) to stress_10_en-US-AlloyTurboMultilingualNeural.wav
2025-08-10 23:34:36,259 | INFO | Generating stress/10 (en-US-EchoTurboMultilingualNeural) to stress_10_en-US-EchoTurboMultilingualNeural.wav
2025-08-10 23:34:37,052 | INFO | Generating stress/10 (en-US-FableTurboMultilingualNeural) to stress_10_en-US-FableTurboMultilingualNeural.wav
2025-08-10 23:34:37,774 | INFO | Generating stress/10 (en-US-OnyxTurboMultilingualNeural) to stress_10_en-US-OnyxTurboMultilingualNeural.wav
2025-08-10 23:34:38,577 | INFO | Generating stress/10 (en-US-NovaTurboMultilingualNeural) to stress_10_en-US-NovaTurboMultilingualNeural.wav
2025-08-10 23:34:39,235 | INFO | Generating stress/10 (en-US-ShimmerTurboMultilingualNeural) to stress_10_en-US-ShimmerTurboMultilingualNeural.wav
2025-08-10 23:34:40,073 | INFO | Generating stress/10 (en-US-BrianMultilingualNeural) to stress_10_en-US-BrianMultilingualNeural.wav
2025-08-10 23:34:40,418 | INFO | Generating stress/10 (en-US-AvaNeural) to stress_10_en-US-AvaNeural.wav
2025-08-10 23:34:40,744 | INFO | Generating stress/10 (en-US-AndrewNeural) to stress_10_en-US-AndrewNeural.wav
2025-08-10 23:34:41,486 | INFO | Generating stress/10 (en-US-EmmaNeural) to stress_10_en-US-EmmaNeural.wav
2025-08-10 23:34:42,110 | INFO | Generating stress/10 (en-US-BrianNeural) to stress_10_en-US-BrianNeural.wav
2025-08-10 23:34:42,353 | INFO | Generating stress/10 (en-US-JennyNeural) to stress_10_en-US-JennyNeural.wav
2025-08-10 23:34:42,484 | INFO | Generating stress/10 (en-US-GuyNeural) to stress_10_en-US-GuyNeural.wav
2025-08-10 23:34:42,626 | INFO | Traceback (most recent call last):
  File "/wekafs/ict/pangj/data/speech_tts/hallucinated_sample_generation/generation/tts_generation.py", line 594, in <module>
    last_minute_requests, start_minute = generate_samples_ssml(t, args.output, completed, last_minute_requests, start_minute, args.n)
  File "/wekafs/ict/pangj/data/speech_tts/hallucinated_sample_generation/generation/tts_generation.py", line 462, in generate_samples_ssml
    success = query_azure(ssml=ssml, output_path=output_path)
  File "/wekafs/ict/pangj/data/speech_tts/hallucinated_sample_generation/generation/tts_generation.py", line 141, in query_azure
    result = azure_synthesizer.speak_ssml_async(ssml).get()
  File "/wekafs/ict/pangj/miniconda3/envs/slm/lib/python3.10/site-packages/azure/cognitiveservices/speech/speech.py", line 612, in get
    result_handle = self.__get_function(self._handle)
  File "/wekafs/ict/pangj/miniconda3/envs/slm/lib/python3.10/site-packages/azure/cognitiveservices/speech/speech.py", line 2533, in resolve_future
    _call_hr_fn(fn=_sdk_lib.synthesizer_speak_async_wait_for, *[handle, max_uint32, ctypes.byref(result_handle)])
  File "/wekafs/ict/pangj/miniconda3/envs/slm/lib/python3.10/site-packages/azure/cognitiveservices/speech/interop.py", line 61, in _call_hr_fn
    hr = fn(*args) if len(args) > 0 else fn()
KeyboardInterrupt
