2025-08-11 01:25:10,361 | INFO | [LOGGING] Output is being saved to: logs/tts_generation_20250811_012510.log
2025-08-11 01:25:10,461 | INFO | Generating stress/0 (en-US-AvaMultilingualNeural) to stress_0_en-US-AvaMultilingualNeural.wav
2025-08-11 01:25:10,773 | INFO | Generating stress/0 (en-US-AndrewMultilingualNeural) to stress_0_en-US-AndrewMultilingualNeural.wav
2025-08-11 01:25:10,858 | INFO | Generating stress/0 (en-US-EmmaMultilingualNeural) to stress_0_en-US-EmmaMultilingualNeural.wav
2025-08-11 01:25:11,666 | INFO | Generating stress/0 (en-US-AlloyTurboMultilingualNeural) to stress_0_en-US-AlloyTurboMultilingualNeural.wav
2025-08-11 01:25:12,611 | INFO | Generating stress/0 (en-US-EchoTurboMultilingualNeural) to stress_0_en-US-EchoTurboMultilingualNeural.wav
2025-08-11 01:25:13,494 | INFO | Generating stress/0 (en-US-FableTurboMultilingualNeural) to stress_0_en-US-FableTurboMultilingualNeural.wav
2025-08-11 01:25:14,310 | INFO | Generating stress/0 (en-US-OnyxTurboMultilingualNeural) to stress_0_en-US-OnyxTurboMultilingualNeural.wav
2025-08-11 01:25:15,129 | INFO | Generating stress/0 (en-US-NovaTurboMultilingualNeural) to stress_0_en-US-NovaTurboMultilingualNeural.wav
2025-08-11 01:25:15,994 | INFO | Generating stress/0 (en-US-ShimmerTurboMultilingualNeural) to stress_0_en-US-ShimmerTurboMultilingualNeural.wav
2025-08-11 01:25:16,880 | INFO | Generating stress/0 (en-US-BrianMultilingualNeural) to stress_0_en-US-BrianMultilingualNeural.wav
2025-08-11 01:25:17,361 | INFO | Generating stress/0 (en-US-AvaNeural) to stress_0_en-US-AvaNeural.wav
2025-08-11 01:25:17,716 | INFO | Generating stress/0 (en-US-AndrewNeural) to stress_0_en-US-AndrewNeural.wav
2025-08-11 01:25:18,547 | INFO | Generating stress/0 (en-US-EmmaNeural) to stress_0_en-US-EmmaNeural.wav
2025-08-11 01:25:19,425 | INFO | Generating stress/0 (en-US-BrianNeural) to stress_0_en-US-BrianNeural.wav
2025-08-11 01:25:19,963 | INFO | Generating stress/0 (en-US-JennyNeural) to stress_0_en-US-JennyNeural.wav
2025-08-11 01:25:20,105 | INFO | Generating stress/0 (en-US-GuyNeural) to stress_0_en-US-GuyNeural.wav
2025-08-11 01:25:20,268 | INFO | Generating stress/0 (en-US-AriaNeural) to stress_0_en-US-AriaNeural.wav
2025-08-11 01:25:20,422 | INFO | Generating stress/0 (en-US-DavisNeural) to stress_0_en-US-DavisNeural.wav
2025-08-11 01:25:20,688 | INFO | Generating stress/0 (en-US-JaneNeural) to stress_0_en-US-JaneNeural.wav
2025-08-11 01:25:21,391 | INFO | Generating stress/0 (en-US-JasonNeural) to stress_0_en-US-JasonNeural.wav
2025-08-11 01:25:21,609 | INFO | Generating stress/0 (en-US-KaiNeural) to stress_0_en-US-KaiNeural.wav
2025-08-11 01:25:22,122 | INFO | Generating stress/0 (en-US-LunaNeural) to stress_0_en-US-LunaNeural.wav
2025-08-11 01:25:22,642 | INFO | Generating stress/0 (en-US-SaraNeural) to stress_0_en-US-SaraNeural.wav
2025-08-11 01:25:22,933 | INFO | Generating stress/0 (en-US-TonyNeural) to stress_0_en-US-TonyNeural.wav
2025-08-11 01:25:23,178 | INFO | Generating stress/0 (en-US-NancyNeural) to stress_0_en-US-NancyNeural.wav
2025-08-11 01:25:23,394 | INFO | Generating stress/0 (en-US-CoraMultilingualNeural) to stress_0_en-US-CoraMultilingualNeural.wav
2025-08-11 01:25:24,397 | INFO | Generating stress/0 (en-US-ChristopherMultilingualNeural) to stress_0_en-US-ChristopherMultilingualNeural.wav
2025-08-11 01:25:25,390 | INFO | Generating stress/0 (en-US-BrandonMultilingualNeural) to stress_0_en-US-BrandonMultilingualNeural.wav
2025-08-11 01:25:26,366 | INFO | Generating stress/0 (en-US-AmberNeural) to stress_0_en-US-AmberNeural.wav
2025-08-11 01:25:26,582 | INFO | Generating stress/0 (en-US-AnaNeural) to stress_0_en-US-AnaNeural.wav
2025-08-11 01:25:26,789 | INFO | Generating stress/0 (en-US-AshleyNeural) to stress_0_en-US-AshleyNeural.wav
2025-08-11 01:25:26,986 | INFO | Generating stress/0 (en-US-BrandonNeural) to stress_0_en-US-BrandonNeural.wav
2025-08-11 01:25:27,147 | INFO | Generating stress/0 (en-US-ChristopherNeural) to stress_0_en-US-ChristopherNeural.wav
2025-08-11 01:25:27,335 | INFO | Generating stress/0 (en-US-CoraNeural) to stress_0_en-US-CoraNeural.wav
2025-08-11 01:25:27,506 | INFO | Generating stress/0 (en-US-ElizabethNeural) to stress_0_en-US-ElizabethNeural.wav
2025-08-11 01:25:27,684 | INFO | Generating stress/0 (en-US-EricNeural) to stress_0_en-US-EricNeural.wav
2025-08-11 01:25:27,825 | INFO | Generating stress/0 (en-US-JacobNeural) to stress_0_en-US-JacobNeural.wav
2025-08-11 01:25:28,159 | INFO | Generating stress/0 (en-US-JennyMultilingualNeural) to stress_0_en-US-JennyMultilingualNeural.wav
2025-08-11 01:25:28,604 | INFO | Generating stress/0 (en-US-MichelleNeural) to stress_0_en-US-MichelleNeural.wav
2025-08-11 01:25:28,746 | INFO | Generating stress/0 (en-US-MonicaNeural) to stress_0_en-US-MonicaNeural.wav
2025-08-11 01:25:28,925 | INFO | Generating stress/0 (en-US-RogerNeural) to stress_0_en-US-RogerNeural.wav
2025-08-11 01:25:29,216 | INFO | Generating stress/0 (en-US-RyanMultilingualNeural) to stress_0_en-US-RyanMultilingualNeural.wav
2025-08-11 01:25:29,580 | INFO | Generating stress/0 (en-US-SteffanMultilingualNeural) to stress_0_en-US-SteffanMultilingualNeural.wav
2025-08-11 01:25:31,086 | INFO | Generating stress/0 (en-US-SteffanNeural) to stress_0_en-US-SteffanNeural.wav
2025-08-11 01:25:31,393 | INFO | Generating stress/0 (en-US-AdamMultilingualNeural) to stress_0_en-US-AdamMultilingualNeural.wav
2025-08-11 01:25:32,470 | INFO | Generating stress/0 (en-US-AIGenerate1Neural) to stress_0_en-US-AIGenerate1Neural.wav
2025-08-11 01:25:32,882 | INFO | Generating stress/0 (en-US-AIGenerate2Neural) to stress_0_en-US-AIGenerate2Neural.wav
2025-08-11 01:25:33,275 | INFO | Generating stress/0 (en-US-AmandaMultilingualNeural) to stress_0_en-US-AmandaMultilingualNeural.wav
2025-08-11 01:25:34,319 | INFO | Generating stress/0 (en-US-AshTurboMultilingualNeural) to stress_0_en-US-AshTurboMultilingualNeural.wav
2025-08-11 01:25:35,295 | INFO | Generating stress/0 (en-US-BlueNeural) to stress_0_en-US-BlueNeural.wav
2025-08-11 01:25:35,565 | INFO | Generating stress/1 (en-US-AvaMultilingualNeural) to stress_1_en-US-AvaMultilingualNeural.wav
2025-08-11 01:25:36,065 | INFO | Generating stress/1 (en-US-AndrewMultilingualNeural) to stress_1_en-US-AndrewMultilingualNeural.wav
2025-08-11 01:25:37,098 | INFO | Generating stress/1 (en-US-EmmaMultilingualNeural) to stress_1_en-US-EmmaMultilingualNeural.wav
2025-08-11 01:25:37,945 | INFO | Generating stress/1 (en-US-AlloyTurboMultilingualNeural) to stress_1_en-US-AlloyTurboMultilingualNeural.wav
2025-08-11 01:25:38,911 | INFO | Generating stress/1 (en-US-EchoTurboMultilingualNeural) to stress_1_en-US-EchoTurboMultilingualNeural.wav
2025-08-11 01:25:39,733 | INFO | Generating stress/1 (en-US-FableTurboMultilingualNeural) to stress_1_en-US-FableTurboMultilingualNeural.wav
2025-08-11 01:25:40,668 | INFO | Generating stress/1 (en-US-OnyxTurboMultilingualNeural) to stress_1_en-US-OnyxTurboMultilingualNeural.wav
2025-08-11 01:25:41,552 | INFO | Generating stress/1 (en-US-NovaTurboMultilingualNeural) to stress_1_en-US-NovaTurboMultilingualNeural.wav
2025-08-11 01:25:42,494 | INFO | Generating stress/1 (en-US-ShimmerTurboMultilingualNeural) to stress_1_en-US-ShimmerTurboMultilingualNeural.wav
2025-08-11 01:25:43,497 | INFO | Generating stress/1 (en-US-BrianMultilingualNeural) to stress_1_en-US-BrianMultilingualNeural.wav
2025-08-11 01:25:43,886 | INFO | Generating stress/1 (en-US-AvaNeural) to stress_1_en-US-AvaNeural.wav
2025-08-11 01:25:44,220 | INFO | Generating stress/1 (en-US-AndrewNeural) to stress_1_en-US-AndrewNeural.wav
2025-08-11 01:25:45,168 | INFO | Generating stress/1 (en-US-EmmaNeural) to stress_1_en-US-EmmaNeural.wav
2025-08-11 01:25:45,933 | INFO | Generating stress/1 (en-US-BrianNeural) to stress_1_en-US-BrianNeural.wav
2025-08-11 01:25:46,304 | INFO | Generating stress/1 (en-US-JennyNeural) to stress_1_en-US-JennyNeural.wav
2025-08-11 01:25:46,454 | INFO | Generating stress/1 (en-US-GuyNeural) to stress_1_en-US-GuyNeural.wav
2025-08-11 01:25:46,623 | INFO | Generating stress/1 (en-US-AriaNeural) to stress_1_en-US-AriaNeural.wav
2025-08-11 01:25:46,793 | INFO | Generating stress/1 (en-US-DavisNeural) to stress_1_en-US-DavisNeural.wav
2025-08-11 01:25:47,018 | INFO | Generating stress/1 (en-US-JaneNeural) to stress_1_en-US-JaneNeural.wav
2025-08-11 01:25:47,299 | INFO | Generating stress/1 (en-US-JasonNeural) to stress_1_en-US-JasonNeural.wav
2025-08-11 01:25:47,965 | INFO | Generating stress/1 (en-US-KaiNeural) to stress_1_en-US-KaiNeural.wav
2025-08-11 01:25:48,457 | INFO | Generating stress/1 (en-US-LunaNeural) to stress_1_en-US-LunaNeural.wav
2025-08-11 01:25:48,958 | INFO | Generating stress/1 (en-US-SaraNeural) to stress_1_en-US-SaraNeural.wav
2025-08-11 01:25:49,358 | INFO | Generating stress/1 (en-US-TonyNeural) to stress_1_en-US-TonyNeural.wav
2025-08-11 01:25:49,995 | INFO | Generating stress/1 (en-US-NancyNeural) to stress_1_en-US-NancyNeural.wav
2025-08-11 01:25:50,248 | INFO | Generating stress/1 (en-US-CoraMultilingualNeural) to stress_1_en-US-CoraMultilingualNeural.wav
2025-08-11 01:25:51,257 | INFO | Generating stress/1 (en-US-ChristopherMultilingualNeural) to stress_1_en-US-ChristopherMultilingualNeural.wav
2025-08-11 01:25:52,197 | INFO | Generating stress/1 (en-US-BrandonMultilingualNeural) to stress_1_en-US-BrandonMultilingualNeural.wav
2025-08-11 01:25:53,257 | INFO | Generating stress/1 (en-US-AmberNeural) to stress_1_en-US-AmberNeural.wav
2025-08-11 01:25:53,435 | INFO | Generating stress/1 (en-US-AnaNeural) to stress_1_en-US-AnaNeural.wav
2025-08-11 01:25:53,660 | INFO | Generating stress/1 (en-US-AshleyNeural) to stress_1_en-US-AshleyNeural.wav
2025-08-11 01:25:53,849 | INFO | Generating stress/1 (en-US-BrandonNeural) to stress_1_en-US-BrandonNeural.wav
2025-08-11 01:25:54,028 | INFO | Generating stress/1 (en-US-ChristopherNeural) to stress_1_en-US-ChristopherNeural.wav
2025-08-11 01:25:54,198 | INFO | Generating stress/1 (en-US-CoraNeural) to stress_1_en-US-CoraNeural.wav
2025-08-11 01:25:54,378 | INFO | Generating stress/1 (en-US-ElizabethNeural) to stress_1_en-US-ElizabethNeural.wav
2025-08-11 01:25:54,530 | INFO | Generating stress/1 (en-US-EricNeural) to stress_1_en-US-EricNeural.wav
2025-08-11 01:25:54,700 | INFO | Generating stress/1 (en-US-JacobNeural) to stress_1_en-US-JacobNeural.wav
2025-08-11 01:25:54,898 | INFO | Generating stress/1 (en-US-JennyMultilingualNeural) to stress_1_en-US-JennyMultilingualNeural.wav
2025-08-11 01:25:55,258 | INFO | Generating stress/1 (en-US-MichelleNeural) to stress_1_en-US-MichelleNeural.wav
2025-08-11 01:25:55,419 | INFO | Generating stress/1 (en-US-MonicaNeural) to stress_1_en-US-MonicaNeural.wav
2025-08-11 01:25:55,561 | INFO | Generating stress/1 (en-US-RogerNeural) to stress_1_en-US-RogerNeural.wav
2025-08-11 01:25:56,008 | INFO | Generating stress/1 (en-US-RyanMultilingualNeural) to stress_1_en-US-RyanMultilingualNeural.wav
2025-08-11 01:25:56,397 | INFO | Generating stress/1 (en-US-SteffanMultilingualNeural) to stress_1_en-US-SteffanMultilingualNeural.wav
2025-08-11 01:25:58,362 | INFO | Generating stress/1 (en-US-SteffanNeural) to stress_1_en-US-SteffanNeural.wav
2025-08-11 01:25:59,158 | INFO | Generating stress/1 (en-US-AdamMultilingualNeural) to stress_1_en-US-AdamMultilingualNeural.wav
2025-08-11 01:26:00,257 | INFO | Generating stress/1 (en-US-AIGenerate1Neural) to stress_1_en-US-AIGenerate1Neural.wav
2025-08-11 01:26:00,856 | INFO | Generating stress/1 (en-US-AIGenerate2Neural) to stress_1_en-US-AIGenerate2Neural.wav
2025-08-11 01:26:01,247 | INFO | Generating stress/1 (en-US-AmandaMultilingualNeural) to stress_1_en-US-AmandaMultilingualNeural.wav
2025-08-11 01:26:02,151 | INFO | Generating stress/1 (en-US-AshTurboMultilingualNeural) to stress_1_en-US-AshTurboMultilingualNeural.wav
2025-08-11 01:26:03,323 | INFO | Generating stress/1 (en-US-BlueNeural) to stress_1_en-US-BlueNeural.wav
2025-08-11 01:26:03,657 | INFO | Generating stress/2 (en-US-AvaMultilingualNeural) to stress_2_en-US-AvaMultilingualNeural.wav
2025-08-11 01:26:04,131 | INFO | Generating stress/2 (en-US-AndrewMultilingualNeural) to stress_2_en-US-AndrewMultilingualNeural.wav
2025-08-11 01:26:05,017 | INFO | Generating stress/2 (en-US-EmmaMultilingualNeural) to stress_2_en-US-EmmaMultilingualNeural.wav
2025-08-11 01:26:05,905 | INFO | Generating stress/2 (en-US-AlloyTurboMultilingualNeural) to stress_2_en-US-AlloyTurboMultilingualNeural.wav
2025-08-11 01:26:06,808 | INFO | Generating stress/2 (en-US-EchoTurboMultilingualNeural) to stress_2_en-US-EchoTurboMultilingualNeural.wav
2025-08-11 01:26:07,785 | INFO | Generating stress/2 (en-US-FableTurboMultilingualNeural) to stress_2_en-US-FableTurboMultilingualNeural.wav
2025-08-11 01:26:08,626 | INFO | Generating stress/2 (en-US-OnyxTurboMultilingualNeural) to stress_2_en-US-OnyxTurboMultilingualNeural.wav
2025-08-11 01:26:09,382 | INFO | Generating stress/2 (en-US-NovaTurboMultilingualNeural) to stress_2_en-US-NovaTurboMultilingualNeural.wav
2025-08-11 01:26:10,210 | INFO | Generating stress/2 (en-US-ShimmerTurboMultilingualNeural) to stress_2_en-US-ShimmerTurboMultilingualNeural.wav
2025-08-11 01:26:11,125 | INFO | Generating stress/2 (en-US-BrianMultilingualNeural) to stress_2_en-US-BrianMultilingualNeural.wav
2025-08-11 01:26:11,513 | INFO | Generating stress/2 (en-US-AvaNeural) to stress_2_en-US-AvaNeural.wav
2025-08-11 01:26:11,957 | INFO | Generating stress/2 (en-US-AndrewNeural) to stress_2_en-US-AndrewNeural.wav
2025-08-11 01:26:12,775 | INFO | Generating stress/2 (en-US-EmmaNeural) to stress_2_en-US-EmmaNeural.wav
2025-08-11 01:26:13,555 | INFO | Generating stress/2 (en-US-BrianNeural) to stress_2_en-US-BrianNeural.wav
2025-08-11 01:26:13,915 | INFO | Generating stress/2 (en-US-JennyNeural) to stress_2_en-US-JennyNeural.wav
2025-08-11 01:26:14,028 | INFO | Generating stress/2 (en-US-GuyNeural) to stress_2_en-US-GuyNeural.wav
2025-08-11 01:26:14,195 | INFO | Generating stress/2 (en-US-AriaNeural) to stress_2_en-US-AriaNeural.wav
2025-08-11 01:26:14,318 | INFO | Generating stress/2 (en-US-DavisNeural) to stress_2_en-US-DavisNeural.wav
2025-08-11 01:26:14,521 | INFO | Generating stress/2 (en-US-JaneNeural) to stress_2_en-US-JaneNeural.wav
2025-08-11 01:26:14,790 | INFO | Generating stress/2 (en-US-JasonNeural) to stress_2_en-US-JasonNeural.wav
2025-08-11 01:26:15,132 | INFO | Generating stress/2 (en-US-KaiNeural) to stress_2_en-US-KaiNeural.wav
2025-08-11 01:26:15,628 | INFO | Generating stress/2 (en-US-LunaNeural) to stress_2_en-US-LunaNeural.wav
2025-08-11 01:26:16,134 | INFO | Generating stress/2 (en-US-SaraNeural) to stress_2_en-US-SaraNeural.wav
2025-08-11 01:26:16,443 | INFO | Generating stress/2 (en-US-TonyNeural) to stress_2_en-US-TonyNeural.wav
2025-08-11 01:26:16,646 | INFO | Generating stress/2 (en-US-NancyNeural) to stress_2_en-US-NancyNeural.wav
2025-08-11 01:26:16,871 | INFO | Generating stress/2 (en-US-CoraMultilingualNeural) to stress_2_en-US-CoraMultilingualNeural.wav
2025-08-11 01:26:17,794 | INFO | Generating stress/2 (en-US-ChristopherMultilingualNeural) to stress_2_en-US-ChristopherMultilingualNeural.wav
2025-08-11 01:26:18,757 | INFO | Generating stress/2 (en-US-BrandonMultilingualNeural) to stress_2_en-US-BrandonMultilingualNeural.wav
2025-08-11 01:26:19,784 | INFO | Generating stress/2 (en-US-AmberNeural) to stress_2_en-US-AmberNeural.wav
2025-08-11 01:26:19,970 | INFO | Generating stress/2 (en-US-AnaNeural) to stress_2_en-US-AnaNeural.wav
2025-08-11 01:26:20,176 | INFO | Generating stress/2 (en-US-AshleyNeural) to stress_2_en-US-AshleyNeural.wav
2025-08-11 01:26:20,363 | INFO | Generating stress/2 (en-US-BrandonNeural) to stress_2_en-US-BrandonNeural.wav
2025-08-11 01:26:20,541 | INFO | Generating stress/2 (en-US-ChristopherNeural) to stress_2_en-US-ChristopherNeural.wav
2025-08-11 01:26:20,709 | INFO | Generating stress/2 (en-US-CoraNeural) to stress_2_en-US-CoraNeural.wav
2025-08-11 01:26:20,890 | INFO | Generating stress/2 (en-US-ElizabethNeural) to stress_2_en-US-ElizabethNeural.wav
2025-08-11 01:26:21,074 | INFO | Generating stress/2 (en-US-EricNeural) to stress_2_en-US-EricNeural.wav
2025-08-11 01:26:21,243 | INFO | Generating stress/2 (en-US-JacobNeural) to stress_2_en-US-JacobNeural.wav
2025-08-11 01:26:21,402 | INFO | Generating stress/2 (en-US-JennyMultilingualNeural) to stress_2_en-US-JennyMultilingualNeural.wav
2025-08-11 01:26:21,755 | INFO | Generating stress/2 (en-US-MichelleNeural) to stress_2_en-US-MichelleNeural.wav
2025-08-11 01:26:21,932 | INFO | Generating stress/2 (en-US-MonicaNeural) to stress_2_en-US-MonicaNeural.wav
2025-08-11 01:26:22,101 | INFO | Generating stress/2 (en-US-RogerNeural) to stress_2_en-US-RogerNeural.wav
2025-08-11 01:26:22,420 | INFO | Generating stress/2 (en-US-RyanMultilingualNeural) to stress_2_en-US-RyanMultilingualNeural.wav
2025-08-11 01:26:22,775 | INFO | Generating stress/2 (en-US-SteffanMultilingualNeural) to stress_2_en-US-SteffanMultilingualNeural.wav
2025-08-11 01:26:23,688 | INFO | Generating stress/2 (en-US-SteffanNeural) to stress_2_en-US-SteffanNeural.wav
2025-08-11 01:26:24,040 | INFO | Generating stress/2 (en-US-AdamMultilingualNeural) to stress_2_en-US-AdamMultilingualNeural.wav
2025-08-11 01:26:24,990 | INFO | Generating stress/2 (en-US-AIGenerate1Neural) to stress_2_en-US-AIGenerate1Neural.wav
2025-08-11 01:26:25,390 | INFO | Generating stress/2 (en-US-AIGenerate2Neural) to stress_2_en-US-AIGenerate2Neural.wav
2025-08-11 01:26:25,772 | INFO | Generating stress/2 (en-US-AmandaMultilingualNeural) to stress_2_en-US-AmandaMultilingualNeural.wav
2025-08-11 01:26:26,583 | INFO | Generating stress/2 (en-US-AshTurboMultilingualNeural) to stress_2_en-US-AshTurboMultilingualNeural.wav
2025-08-11 01:26:27,709 | INFO | Generating stress/2 (en-US-BlueNeural) to stress_2_en-US-BlueNeural.wav
2025-08-11 01:26:27,953 | INFO | Generating stress/3 (en-US-AvaMultilingualNeural) to stress_3_en-US-AvaMultilingualNeural.wav
2025-08-11 01:26:28,379 | INFO | Generating stress/3 (en-US-AndrewMultilingualNeural) to stress_3_en-US-AndrewMultilingualNeural.wav
2025-08-11 01:26:29,145 | INFO | Generating stress/3 (en-US-EmmaMultilingualNeural) to stress_3_en-US-EmmaMultilingualNeural.wav
2025-08-11 01:26:29,991 | INFO | Generating stress/3 (en-US-AlloyTurboMultilingualNeural) to stress_3_en-US-AlloyTurboMultilingualNeural.wav
2025-08-11 01:26:30,736 | INFO | Generating stress/3 (en-US-EchoTurboMultilingualNeural) to stress_3_en-US-EchoTurboMultilingualNeural.wav
2025-08-11 01:26:31,536 | INFO | Generating stress/3 (en-US-FableTurboMultilingualNeural) to stress_3_en-US-FableTurboMultilingualNeural.wav
2025-08-11 01:26:32,208 | INFO | Generating stress/3 (en-US-OnyxTurboMultilingualNeural) to stress_3_en-US-OnyxTurboMultilingualNeural.wav
2025-08-11 01:26:33,035 | INFO | Generating stress/3 (en-US-NovaTurboMultilingualNeural) to stress_3_en-US-NovaTurboMultilingualNeural.wav
2025-08-11 01:26:33,839 | INFO | Generating stress/3 (en-US-ShimmerTurboMultilingualNeural) to stress_3_en-US-ShimmerTurboMultilingualNeural.wav
2025-08-11 01:26:34,720 | INFO | Generating stress/3 (en-US-BrianMultilingualNeural) to stress_3_en-US-BrianMultilingualNeural.wav
2025-08-11 01:26:35,145 | INFO | Generating stress/3 (en-US-AvaNeural) to stress_3_en-US-AvaNeural.wav
2025-08-11 01:26:35,598 | INFO | Generating stress/3 (en-US-AndrewNeural) to stress_3_en-US-AndrewNeural.wav
2025-08-11 01:26:36,456 | INFO | Generating stress/3 (en-US-EmmaNeural) to stress_3_en-US-EmmaNeural.wav
2025-08-11 01:26:37,333 | INFO | Generating stress/3 (en-US-BrianNeural) to stress_3_en-US-BrianNeural.wav
2025-08-11 01:26:37,714 | INFO | Generating stress/3 (en-US-JennyNeural) to stress_3_en-US-JennyNeural.wav
2025-08-11 01:26:37,837 | INFO | Generating stress/3 (en-US-GuyNeural) to stress_3_en-US-GuyNeural.wav
2025-08-11 01:26:37,996 | INFO | Generating stress/3 (en-US-AriaNeural) to stress_3_en-US-AriaNeural.wav
2025-08-11 01:26:38,110 | INFO | Generating stress/3 (en-US-DavisNeural) to stress_3_en-US-DavisNeural.wav
2025-08-11 01:26:38,307 | INFO | Generating stress/3 (en-US-JaneNeural) to stress_3_en-US-JaneNeural.wav
2025-08-11 01:26:38,560 | INFO | Generating stress/3 (en-US-JasonNeural) to stress_3_en-US-JasonNeural.wav
2025-08-11 01:26:38,776 | INFO | Generating stress/3 (en-US-KaiNeural) to stress_3_en-US-KaiNeural.wav
2025-08-11 01:26:39,221 | INFO | Generating stress/3 (en-US-LunaNeural) to stress_3_en-US-LunaNeural.wav
2025-08-11 01:26:39,685 | INFO | Generating stress/3 (en-US-SaraNeural) to stress_3_en-US-SaraNeural.wav
2025-08-11 01:26:39,965 | INFO | Generating stress/3 (en-US-TonyNeural) to stress_3_en-US-TonyNeural.wav
2025-08-11 01:26:40,162 | INFO | Generating stress/3 (en-US-NancyNeural) to stress_3_en-US-NancyNeural.wav
2025-08-11 01:26:40,415 | INFO | Generating stress/3 (en-US-CoraMultilingualNeural) to stress_3_en-US-CoraMultilingualNeural.wav
2025-08-11 01:26:41,365 | INFO | Generating stress/3 (en-US-ChristopherMultilingualNeural) to stress_3_en-US-ChristopherMultilingualNeural.wav
2025-08-11 01:26:42,223 | INFO | Generating stress/3 (en-US-BrandonMultilingualNeural) to stress_3_en-US-BrandonMultilingualNeural.wav
2025-08-11 01:26:43,098 | INFO | Generating stress/3 (en-US-AmberNeural) to stress_3_en-US-AmberNeural.wav
2025-08-11 01:26:43,314 | INFO | Generating stress/3 (en-US-AnaNeural) to stress_3_en-US-AnaNeural.wav
2025-08-11 01:26:43,460 | INFO | Generating stress/3 (en-US-AshleyNeural) to stress_3_en-US-AshleyNeural.wav
2025-08-11 01:26:43,628 | INFO | Generating stress/3 (en-US-BrandonNeural) to stress_3_en-US-BrandonNeural.wav
2025-08-11 01:26:43,769 | INFO | Generating stress/3 (en-US-ChristopherNeural) to stress_3_en-US-ChristopherNeural.wav
2025-08-11 01:26:43,921 | INFO | Generating stress/3 (en-US-CoraNeural) to stress_3_en-US-CoraNeural.wav
2025-08-11 01:26:44,063 | INFO | Generating stress/3 (en-US-ElizabethNeural) to stress_3_en-US-ElizabethNeural.wav
2025-08-11 01:26:44,213 | INFO | Generating stress/3 (en-US-EricNeural) to stress_3_en-US-EricNeural.wav
2025-08-11 01:26:44,355 | INFO | Generating stress/3 (en-US-JacobNeural) to stress_3_en-US-JacobNeural.wav
2025-08-11 01:26:44,514 | INFO | Generating stress/3 (en-US-JennyMultilingualNeural) to stress_3_en-US-JennyMultilingualNeural.wav
2025-08-11 01:26:44,838 | INFO | Generating stress/3 (en-US-MichelleNeural) to stress_3_en-US-MichelleNeural.wav
2025-08-11 01:26:44,988 | INFO | Generating stress/3 (en-US-MonicaNeural) to stress_3_en-US-MonicaNeural.wav
2025-08-11 01:26:45,147 | INFO | Generating stress/3 (en-US-RogerNeural) to stress_3_en-US-RogerNeural.wav
2025-08-11 01:26:45,528 | INFO | Generating stress/3 (en-US-RyanMultilingualNeural) to stress_3_en-US-RyanMultilingualNeural.wav
2025-08-11 01:26:45,871 | INFO | Generating stress/3 (en-US-SteffanMultilingualNeural) to stress_3_en-US-SteffanMultilingualNeural.wav
2025-08-11 01:26:46,860 | INFO | Generating stress/3 (en-US-SteffanNeural) to stress_3_en-US-SteffanNeural.wav
2025-08-11 01:26:47,177 | INFO | Generating stress/3 (en-US-AdamMultilingualNeural) to stress_3_en-US-AdamMultilingualNeural.wav
2025-08-11 01:26:48,017 | INFO | Generating stress/3 (en-US-AIGenerate1Neural) to stress_3_en-US-AIGenerate1Neural.wav
2025-08-11 01:26:48,360 | INFO | Generating stress/3 (en-US-AIGenerate2Neural) to stress_3_en-US-AIGenerate2Neural.wav
2025-08-11 01:26:48,730 | INFO | Generating stress/3 (en-US-AmandaMultilingualNeural) to stress_3_en-US-AmandaMultilingualNeural.wav
2025-08-11 01:26:49,623 | INFO | Generating stress/3 (en-US-AshTurboMultilingualNeural) to stress_3_en-US-AshTurboMultilingualNeural.wav
2025-08-11 01:26:50,552 | INFO | Generating stress/3 (en-US-BlueNeural) to stress_3_en-US-BlueNeural.wav
2025-08-11 01:26:50,777 | INFO | Generating stress/4 (en-US-AvaMultilingualNeural) to stress_4_en-US-AvaMultilingualNeural.wav
2025-08-11 01:26:51,139 | INFO | Generating stress/4 (en-US-AndrewMultilingualNeural) to stress_4_en-US-AndrewMultilingualNeural.wav
2025-08-11 01:26:51,944 | INFO | Generating stress/4 (en-US-EmmaMultilingualNeural) to stress_4_en-US-EmmaMultilingualNeural.wav
2025-08-11 01:26:52,744 | INFO | Generating stress/4 (en-US-AlloyTurboMultilingualNeural) to stress_4_en-US-AlloyTurboMultilingualNeural.wav
2025-08-11 01:26:53,533 | INFO | Generating stress/4 (en-US-EchoTurboMultilingualNeural) to stress_4_en-US-EchoTurboMultilingualNeural.wav
2025-08-11 01:26:54,424 | INFO | Generating stress/4 (en-US-FableTurboMultilingualNeural) to stress_4_en-US-FableTurboMultilingualNeural.wav
2025-08-11 01:26:55,176 | INFO | Generating stress/4 (en-US-OnyxTurboMultilingualNeural) to stress_4_en-US-OnyxTurboMultilingualNeural.wav
2025-08-11 01:26:56,039 | INFO | Generating stress/4 (en-US-NovaTurboMultilingualNeural) to stress_4_en-US-NovaTurboMultilingualNeural.wav
2025-08-11 01:26:56,911 | INFO | Generating stress/4 (en-US-ShimmerTurboMultilingualNeural) to stress_4_en-US-ShimmerTurboMultilingualNeural.wav
2025-08-11 01:26:57,822 | INFO | Generating stress/4 (en-US-BrianMultilingualNeural) to stress_4_en-US-BrianMultilingualNeural.wav
2025-08-11 01:26:58,221 | INFO | Generating stress/4 (en-US-AvaNeural) to stress_4_en-US-AvaNeural.wav
2025-08-11 01:26:58,592 | INFO | Generating stress/4 (en-US-AndrewNeural) to stress_4_en-US-AndrewNeural.wav
2025-08-11 01:26:59,410 | INFO | Generating stress/4 (en-US-EmmaNeural) to stress_4_en-US-EmmaNeural.wav
2025-08-11 01:27:00,305 | INFO | Generating stress/4 (en-US-BrianNeural) to stress_4_en-US-BrianNeural.wav
2025-08-11 01:27:00,676 | INFO | Generating stress/4 (en-US-JennyNeural) to stress_4_en-US-JennyNeural.wav
2025-08-11 01:27:00,821 | INFO | Generating stress/4 (en-US-GuyNeural) to stress_4_en-US-GuyNeural.wav
2025-08-11 01:27:01,051 | INFO | Generating stress/4 (en-US-AriaNeural) to stress_4_en-US-AriaNeural.wav
2025-08-11 01:27:01,201 | INFO | Generating stress/4 (en-US-DavisNeural) to stress_4_en-US-DavisNeural.wav
2025-08-11 01:27:01,408 | INFO | Generating stress/4 (en-US-JaneNeural) to stress_4_en-US-JaneNeural.wav
2025-08-11 01:27:01,672 | INFO | Generating stress/4 (en-US-JasonNeural) to stress_4_en-US-JasonNeural.wav
2025-08-11 01:27:01,888 | INFO | Generating stress/4 (en-US-KaiNeural) to stress_4_en-US-KaiNeural.wav
2025-08-11 01:27:02,317 | INFO | Generating stress/4 (en-US-LunaNeural) to stress_4_en-US-LunaNeural.wav
2025-08-11 01:27:02,776 | INFO | Generating stress/4 (en-US-SaraNeural) to stress_4_en-US-SaraNeural.wav
2025-08-11 01:27:03,028 | INFO | Generating stress/4 (en-US-TonyNeural) to stress_4_en-US-TonyNeural.wav
2025-08-11 01:27:03,270 | INFO | Generating stress/4 (en-US-NancyNeural) to stress_4_en-US-NancyNeural.wav
2025-08-11 01:27:03,477 | INFO | Generating stress/4 (en-US-CoraMultilingualNeural) to stress_4_en-US-CoraMultilingualNeural.wav
2025-08-11 01:27:04,393 | INFO | Generating stress/4 (en-US-ChristopherMultilingualNeural) to stress_4_en-US-ChristopherMultilingualNeural.wav
2025-08-11 01:27:05,201 | INFO | Generating stress/4 (en-US-BrandonMultilingualNeural) to stress_4_en-US-BrandonMultilingualNeural.wav
2025-08-11 01:27:06,095 | INFO | Generating stress/4 (en-US-AmberNeural) to stress_4_en-US-AmberNeural.wav
2025-08-11 01:27:06,273 | INFO | Generating stress/4 (en-US-AnaNeural) to stress_4_en-US-AnaNeural.wav
2025-08-11 01:27:06,470 | INFO | Generating stress/4 (en-US-AshleyNeural) to stress_4_en-US-AshleyNeural.wav
2025-08-11 01:27:06,648 | INFO | Generating stress/4 (en-US-BrandonNeural) to stress_4_en-US-BrandonNeural.wav
2025-08-11 01:27:06,807 | INFO | Generating stress/4 (en-US-ChristopherNeural) to stress_4_en-US-ChristopherNeural.wav
2025-08-11 01:27:06,975 | INFO | Generating stress/4 (en-US-CoraNeural) to stress_4_en-US-CoraNeural.wav
2025-08-11 01:27:07,143 | INFO | Generating stress/4 (en-US-ElizabethNeural) to stress_4_en-US-ElizabethNeural.wav
2025-08-11 01:27:07,303 | INFO | Generating stress/4 (en-US-EricNeural) to stress_4_en-US-EricNeural.wav
2025-08-11 01:27:07,472 | INFO | Generating stress/4 (en-US-JacobNeural) to stress_4_en-US-JacobNeural.wav
2025-08-11 01:27:07,623 | INFO | Generating stress/4 (en-US-JennyMultilingualNeural) to stress_4_en-US-JennyMultilingualNeural.wav
2025-08-11 01:27:07,985 | INFO | Generating stress/4 (en-US-MichelleNeural) to stress_4_en-US-MichelleNeural.wav
2025-08-11 01:27:08,145 | INFO | Generating stress/4 (en-US-MonicaNeural) to stress_4_en-US-MonicaNeural.wav
2025-08-11 01:27:08,304 | INFO | Generating stress/4 (en-US-RogerNeural) to stress_4_en-US-RogerNeural.wav
2025-08-11 01:27:08,613 | INFO | Generating stress/4 (en-US-RyanMultilingualNeural) to stress_4_en-US-RyanMultilingualNeural.wav
2025-08-11 01:27:08,902 | INFO | Generating stress/4 (en-US-SteffanMultilingualNeural) to stress_4_en-US-SteffanMultilingualNeural.wav
2025-08-11 01:27:10,094 | INFO | Generating stress/4 (en-US-SteffanNeural) to stress_4_en-US-SteffanNeural.wav
2025-08-11 01:27:10,586 | INFO | Generating stress/4 (en-US-AdamMultilingualNeural) to stress_4_en-US-AdamMultilingualNeural.wav
2025-08-11 01:27:11,426 | INFO | Generating stress/4 (en-US-AIGenerate1Neural) to stress_4_en-US-AIGenerate1Neural.wav
2025-08-11 01:27:11,771 | INFO | Generating stress/4 (en-US-AIGenerate2Neural) to stress_4_en-US-AIGenerate2Neural.wav
2025-08-11 01:27:12,107 | INFO | Generating stress/4 (en-US-AmandaMultilingualNeural) to stress_4_en-US-AmandaMultilingualNeural.wav
2025-08-11 01:27:13,028 | INFO | Generating stress/4 (en-US-AshTurboMultilingualNeural) to stress_4_en-US-AshTurboMultilingualNeural.wav
2025-08-11 01:27:14,060 | INFO | Generating stress/4 (en-US-BlueNeural) to stress_4_en-US-BlueNeural.wav
2025-08-11 01:27:14,302 | INFO | Generating stress/5 (en-US-AvaMultilingualNeural) to stress_5_en-US-AvaMultilingualNeural.wav
2025-08-11 01:27:14,763 | INFO | Generating stress/5 (en-US-AndrewMultilingualNeural) to stress_5_en-US-AndrewMultilingualNeural.wav
2025-08-11 01:27:15,538 | INFO | Generating stress/5 (en-US-EmmaMultilingualNeural) to stress_5_en-US-EmmaMultilingualNeural.wav
2025-08-11 01:27:16,294 | INFO | Generating stress/5 (en-US-AlloyTurboMultilingualNeural) to stress_5_en-US-AlloyTurboMultilingualNeural.wav
2025-08-11 01:27:17,095 | INFO | Generating stress/5 (en-US-EchoTurboMultilingualNeural) to stress_5_en-US-EchoTurboMultilingualNeural.wav
2025-08-11 01:27:17,827 | INFO | Generating stress/5 (en-US-FableTurboMultilingualNeural) to stress_5_en-US-FableTurboMultilingualNeural.wav
2025-08-11 01:27:18,575 | INFO | Generating stress/5 (en-US-OnyxTurboMultilingualNeural) to stress_5_en-US-OnyxTurboMultilingualNeural.wav
2025-08-11 01:27:19,378 | INFO | Generating stress/5 (en-US-NovaTurboMultilingualNeural) to stress_5_en-US-NovaTurboMultilingualNeural.wav
2025-08-11 01:27:20,067 | INFO | Generating stress/5 (en-US-ShimmerTurboMultilingualNeural) to stress_5_en-US-ShimmerTurboMultilingualNeural.wav
2025-08-11 01:27:20,801 | INFO | Generating stress/5 (en-US-BrianMultilingualNeural) to stress_5_en-US-BrianMultilingualNeural.wav
2025-08-11 01:27:21,198 | INFO | Generating stress/5 (en-US-AvaNeural) to stress_5_en-US-AvaNeural.wav
2025-08-11 01:27:21,659 | INFO | Generating stress/5 (en-US-AndrewNeural) to stress_5_en-US-AndrewNeural.wav
2025-08-11 01:27:22,477 | INFO | Generating stress/5 (en-US-EmmaNeural) to stress_5_en-US-EmmaNeural.wav
2025-08-11 01:27:23,186 | INFO | Generating stress/5 (en-US-BrianNeural) to stress_5_en-US-BrianNeural.wav
2025-08-11 01:27:23,539 | INFO | Generating stress/5 (en-US-JennyNeural) to stress_5_en-US-JennyNeural.wav
2025-08-11 01:27:23,680 | INFO | Generating stress/5 (en-US-GuyNeural) to stress_5_en-US-GuyNeural.wav
2025-08-11 01:27:23,839 | INFO | Generating stress/5 (en-US-AriaNeural) to stress_5_en-US-AriaNeural.wav
2025-08-11 01:27:23,971 | INFO | Generating stress/5 (en-US-DavisNeural) to stress_5_en-US-DavisNeural.wav
2025-08-11 01:27:24,185 | INFO | Generating stress/5 (en-US-JaneNeural) to stress_5_en-US-JaneNeural.wav
2025-08-11 01:27:24,400 | INFO | Generating stress/5 (en-US-JasonNeural) to stress_5_en-US-JasonNeural.wav
2025-08-11 01:27:24,596 | INFO | Generating stress/5 (en-US-KaiNeural) to stress_5_en-US-KaiNeural.wav
2025-08-11 01:27:25,078 | INFO | Generating stress/5 (en-US-LunaNeural) to stress_5_en-US-LunaNeural.wav
2025-08-11 01:27:25,458 | INFO | Generating stress/5 (en-US-SaraNeural) to stress_5_en-US-SaraNeural.wav
2025-08-11 01:27:25,701 | INFO | Generating stress/5 (en-US-TonyNeural) to stress_5_en-US-TonyNeural.wav
2025-08-11 01:27:25,953 | INFO | Generating stress/5 (en-US-NancyNeural) to stress_5_en-US-NancyNeural.wav
2025-08-11 01:27:26,142 | INFO | Generating stress/5 (en-US-CoraMultilingualNeural) to stress_5_en-US-CoraMultilingualNeural.wav
2025-08-11 01:27:27,023 | INFO | Generating stress/5 (en-US-ChristopherMultilingualNeural) to stress_5_en-US-ChristopherMultilingualNeural.wav
2025-08-11 01:27:27,900 | INFO | Generating stress/5 (en-US-BrandonMultilingualNeural) to stress_5_en-US-BrandonMultilingualNeural.wav
2025-08-11 01:27:28,860 | INFO | Generating stress/5 (en-US-AmberNeural) to stress_5_en-US-AmberNeural.wav
2025-08-11 01:27:29,029 | INFO | Generating stress/5 (en-US-AnaNeural) to stress_5_en-US-AnaNeural.wav
2025-08-11 01:27:29,263 | INFO | Generating stress/5 (en-US-AshleyNeural) to stress_5_en-US-AshleyNeural.wav
2025-08-11 01:27:29,444 | INFO | Generating stress/5 (en-US-BrandonNeural) to stress_5_en-US-BrandonNeural.wav
2025-08-11 01:27:29,595 | INFO | Generating stress/5 (en-US-ChristopherNeural) to stress_5_en-US-ChristopherNeural.wav
2025-08-11 01:27:29,771 | INFO | Generating stress/5 (en-US-CoraNeural) to stress_5_en-US-CoraNeural.wav
2025-08-11 01:27:29,928 | INFO | Generating stress/5 (en-US-ElizabethNeural) to stress_5_en-US-ElizabethNeural.wav
2025-08-11 01:27:30,096 | INFO | Generating stress/5 (en-US-EricNeural) to stress_5_en-US-EricNeural.wav
2025-08-11 01:27:30,257 | INFO | Generating stress/5 (en-US-JacobNeural) to stress_5_en-US-JacobNeural.wav
2025-08-11 01:27:30,425 | INFO | Generating stress/5 (en-US-JennyMultilingualNeural) to stress_5_en-US-JennyMultilingualNeural.wav
2025-08-11 01:27:30,748 | INFO | Generating stress/5 (en-US-MichelleNeural) to stress_5_en-US-MichelleNeural.wav
2025-08-11 01:27:30,991 | INFO | Generating stress/5 (en-US-MonicaNeural) to stress_5_en-US-MonicaNeural.wav
2025-08-11 01:27:31,159 | INFO | Generating stress/5 (en-US-RogerNeural) to stress_5_en-US-RogerNeural.wav
2025-08-11 01:27:31,520 | INFO | Generating stress/5 (en-US-RyanMultilingualNeural) to stress_5_en-US-RyanMultilingualNeural.wav
2025-08-11 01:27:31,825 | INFO | Generating stress/5 (en-US-SteffanMultilingualNeural) to stress_5_en-US-SteffanMultilingualNeural.wav
2025-08-11 01:27:32,655 | INFO | Generating stress/5 (en-US-SteffanNeural) to stress_5_en-US-SteffanNeural.wav
2025-08-11 01:27:32,960 | INFO | Generating stress/5 (en-US-AdamMultilingualNeural) to stress_5_en-US-AdamMultilingualNeural.wav
2025-08-11 01:27:33,724 | INFO | Generating stress/5 (en-US-AIGenerate1Neural) to stress_5_en-US-AIGenerate1Neural.wav
2025-08-11 01:27:34,091 | INFO | Generating stress/5 (en-US-AIGenerate2Neural) to stress_5_en-US-AIGenerate2Neural.wav
2025-08-11 01:27:34,510 | INFO | Generating stress/5 (en-US-AmandaMultilingualNeural) to stress_5_en-US-AmandaMultilingualNeural.wav
2025-08-11 01:27:35,363 | INFO | Generating stress/5 (en-US-AshTurboMultilingualNeural) to stress_5_en-US-AshTurboMultilingualNeural.wav
2025-08-11 01:27:36,213 | INFO | Generating stress/5 (en-US-BlueNeural) to stress_5_en-US-BlueNeural.wav
2025-08-11 01:27:36,436 | INFO | Generating stress/6 (en-US-AvaMultilingualNeural) to stress_6_en-US-AvaMultilingualNeural.wav
2025-08-11 01:27:36,905 | INFO | Generating stress/6 (en-US-AndrewMultilingualNeural) to stress_6_en-US-AndrewMultilingualNeural.wav
2025-08-11 01:27:37,867 | INFO | Generating stress/6 (en-US-EmmaMultilingualNeural) to stress_6_en-US-EmmaMultilingualNeural.wav
2025-08-11 01:27:38,804 | INFO | Generating stress/6 (en-US-AlloyTurboMultilingualNeural) to stress_6_en-US-AlloyTurboMultilingualNeural.wav
2025-08-11 01:27:39,594 | INFO | Generating stress/6 (en-US-EchoTurboMultilingualNeural) to stress_6_en-US-EchoTurboMultilingualNeural.wav
2025-08-11 01:27:40,445 | INFO | Generating stress/6 (en-US-FableTurboMultilingualNeural) to stress_6_en-US-FableTurboMultilingualNeural.wav
2025-08-11 01:27:41,249 | INFO | Generating stress/6 (en-US-OnyxTurboMultilingualNeural) to stress_6_en-US-OnyxTurboMultilingualNeural.wav
2025-08-11 01:27:42,024 | INFO | Generating stress/6 (en-US-NovaTurboMultilingualNeural) to stress_6_en-US-NovaTurboMultilingualNeural.wav
2025-08-11 01:27:42,855 | INFO | Generating stress/6 (en-US-ShimmerTurboMultilingualNeural) to stress_6_en-US-ShimmerTurboMultilingualNeural.wav
2025-08-11 01:27:43,717 | INFO | Generating stress/6 (en-US-BrianMultilingualNeural) to stress_6_en-US-BrianMultilingualNeural.wav
2025-08-11 01:27:44,024 | INFO | Generating stress/6 (en-US-AvaNeural) to stress_6_en-US-AvaNeural.wav
2025-08-11 01:27:44,416 | INFO | Generating stress/6 (en-US-AndrewNeural) to stress_6_en-US-AndrewNeural.wav
2025-08-11 01:27:45,325 | INFO | Generating stress/6 (en-US-EmmaNeural) to stress_6_en-US-EmmaNeural.wav
2025-08-11 01:27:46,196 | INFO | Generating stress/6 (en-US-BrianNeural) to stress_6_en-US-BrianNeural.wav
2025-08-11 01:27:46,605 | INFO | Generating stress/6 (en-US-JennyNeural) to stress_6_en-US-JennyNeural.wav
2025-08-11 01:27:46,793 | INFO | Generating stress/6 (en-US-GuyNeural) to stress_6_en-US-GuyNeural.wav
2025-08-11 01:27:46,962 | INFO | Generating stress/6 (en-US-AriaNeural) to stress_6_en-US-AriaNeural.wav
2025-08-11 01:27:47,094 | INFO | Generating stress/6 (en-US-DavisNeural) to stress_6_en-US-DavisNeural.wav
2025-08-11 01:27:47,331 | INFO | Generating stress/6 (en-US-JaneNeural) to stress_6_en-US-JaneNeural.wav
2025-08-11 01:27:47,587 | INFO | Generating stress/6 (en-US-JasonNeural) to stress_6_en-US-JasonNeural.wav
2025-08-11 01:27:47,907 | INFO | Generating stress/6 (en-US-KaiNeural) to stress_6_en-US-KaiNeural.wav
2025-08-11 01:27:48,417 | INFO | Generating stress/6 (en-US-LunaNeural) to stress_6_en-US-LunaNeural.wav
2025-08-11 01:27:49,056 | INFO | Generating stress/6 (en-US-SaraNeural) to stress_6_en-US-SaraNeural.wav
2025-08-11 01:27:49,602 | INFO | Generating stress/6 (en-US-TonyNeural) to stress_6_en-US-TonyNeural.wav
2025-08-11 01:27:49,974 | INFO | Generating stress/6 (en-US-NancyNeural) to stress_6_en-US-NancyNeural.wav
2025-08-11 01:27:50,245 | INFO | Generating stress/6 (en-US-CoraMultilingualNeural) to stress_6_en-US-CoraMultilingualNeural.wav
2025-08-11 01:27:51,211 | INFO | Generating stress/6 (en-US-ChristopherMultilingualNeural) to stress_6_en-US-ChristopherMultilingualNeural.wav
2025-08-11 01:27:52,169 | INFO | Generating stress/6 (en-US-BrandonMultilingualNeural) to stress_6_en-US-BrandonMultilingualNeural.wav
2025-08-11 01:27:53,154 | INFO | Generating stress/6 (en-US-AmberNeural) to stress_6_en-US-AmberNeural.wav
2025-08-11 01:27:53,340 | INFO | Generating stress/6 (en-US-AnaNeural) to stress_6_en-US-AnaNeural.wav
2025-08-11 01:27:53,545 | INFO | Generating stress/6 (en-US-AshleyNeural) to stress_6_en-US-AshleyNeural.wav
2025-08-11 01:27:53,723 | INFO | Generating stress/6 (en-US-BrandonNeural) to stress_6_en-US-BrandonNeural.wav
2025-08-11 01:27:53,882 | INFO | Generating stress/6 (en-US-ChristopherNeural) to stress_6_en-US-ChristopherNeural.wav
2025-08-11 01:27:54,051 | INFO | Generating stress/6 (en-US-CoraNeural) to stress_6_en-US-CoraNeural.wav
2025-08-11 01:27:54,213 | INFO | Generating stress/6 (en-US-ElizabethNeural) to stress_6_en-US-ElizabethNeural.wav
2025-08-11 01:27:54,361 | INFO | Generating stress/6 (en-US-EricNeural) to stress_6_en-US-EricNeural.wav
2025-08-11 01:27:54,510 | INFO | Generating stress/6 (en-US-JacobNeural) to stress_6_en-US-JacobNeural.wav
2025-08-11 01:27:54,659 | INFO | Generating stress/6 (en-US-JennyMultilingualNeural) to stress_6_en-US-JennyMultilingualNeural.wav
2025-08-11 01:27:55,001 | INFO | Generating stress/6 (en-US-MichelleNeural) to stress_6_en-US-MichelleNeural.wav
2025-08-11 01:27:55,160 | INFO | Generating stress/6 (en-US-MonicaNeural) to stress_6_en-US-MonicaNeural.wav
2025-08-11 01:27:55,320 | INFO | Generating stress/6 (en-US-RogerNeural) to stress_6_en-US-RogerNeural.wav
2025-08-11 01:27:55,617 | INFO | Generating stress/6 (en-US-RyanMultilingualNeural) to stress_6_en-US-RyanMultilingualNeural.wav
2025-08-11 01:27:55,988 | INFO | Generating stress/6 (en-US-SteffanMultilingualNeural) to stress_6_en-US-SteffanMultilingualNeural.wav
2025-08-11 01:27:56,865 | INFO | Generating stress/6 (en-US-SteffanNeural) to stress_6_en-US-SteffanNeural.wav
2025-08-11 01:27:57,205 | INFO | Generating stress/6 (en-US-AdamMultilingualNeural) to stress_6_en-US-AdamMultilingualNeural.wav
2025-08-11 01:27:58,045 | INFO | Generating stress/6 (en-US-AIGenerate1Neural) to stress_6_en-US-AIGenerate1Neural.wav
2025-08-11 01:27:58,416 | INFO | Generating stress/6 (en-US-AIGenerate2Neural) to stress_6_en-US-AIGenerate2Neural.wav
2025-08-11 01:27:58,788 | INFO | Generating stress/6 (en-US-AmandaMultilingualNeural) to stress_6_en-US-AmandaMultilingualNeural.wav
2025-08-11 01:27:59,749 | INFO | Generating stress/6 (en-US-AshTurboMultilingualNeural) to stress_6_en-US-AshTurboMultilingualNeural.wav
2025-08-11 01:28:00,722 | INFO | Generating stress/6 (en-US-BlueNeural) to stress_6_en-US-BlueNeural.wav
2025-08-11 01:28:00,965 | INFO | Generating stress/7 (en-US-AvaMultilingualNeural) to stress_7_en-US-AvaMultilingualNeural.wav
2025-08-11 01:28:01,410 | INFO | Generating stress/7 (en-US-AndrewMultilingualNeural) to stress_7_en-US-AndrewMultilingualNeural.wav
2025-08-11 01:28:02,288 | INFO | Generating stress/7 (en-US-EmmaMultilingualNeural) to stress_7_en-US-EmmaMultilingualNeural.wav
2025-08-11 01:28:03,055 | INFO | Generating stress/7 (en-US-AlloyTurboMultilingualNeural) to stress_7_en-US-AlloyTurboMultilingualNeural.wav
2025-08-11 01:28:03,911 | INFO | Generating stress/7 (en-US-EchoTurboMultilingualNeural) to stress_7_en-US-EchoTurboMultilingualNeural.wav
2025-08-11 01:28:04,626 | INFO | Generating stress/7 (en-US-FableTurboMultilingualNeural) to stress_7_en-US-FableTurboMultilingualNeural.wav
2025-08-11 01:28:05,406 | INFO | Generating stress/7 (en-US-OnyxTurboMultilingualNeural) to stress_7_en-US-OnyxTurboMultilingualNeural.wav
2025-08-11 01:28:06,218 | INFO | Generating stress/7 (en-US-NovaTurboMultilingualNeural) to stress_7_en-US-NovaTurboMultilingualNeural.wav
2025-08-11 01:28:06,982 | INFO | Generating stress/7 (en-US-ShimmerTurboMultilingualNeural) to stress_7_en-US-ShimmerTurboMultilingualNeural.wav
2025-08-11 01:28:07,775 | INFO | Generating stress/7 (en-US-BrianMultilingualNeural) to stress_7_en-US-BrianMultilingualNeural.wav
2025-08-11 01:28:08,164 | INFO | Generating stress/7 (en-US-AvaNeural) to stress_7_en-US-AvaNeural.wav
2025-08-11 01:28:08,498 | INFO | Generating stress/7 (en-US-AndrewNeural) to stress_7_en-US-AndrewNeural.wav
2025-08-11 01:28:09,345 | INFO | Generating stress/7 (en-US-EmmaNeural) to stress_7_en-US-EmmaNeural.wav
2025-08-11 01:28:10,633 | INFO | Generating stress/7 (en-US-BrianNeural) to stress_7_en-US-BrianNeural.wav
2025-08-11 01:28:10,992 | INFO | Generating stress/7 (en-US-JennyNeural) to stress_7_en-US-JennyNeural.wav
2025-08-11 01:28:11,115 | INFO | Generating stress/7 (en-US-GuyNeural) to stress_7_en-US-GuyNeural.wav
2025-08-11 01:28:11,275 | INFO | Generating stress/7 (en-US-AriaNeural) to stress_7_en-US-AriaNeural.wav
2025-08-11 01:28:11,398 | INFO | Generating stress/7 (en-US-DavisNeural) to stress_7_en-US-DavisNeural.wav
2025-08-11 01:28:11,604 | INFO | Generating stress/7 (en-US-JaneNeural) to stress_7_en-US-JaneNeural.wav
2025-08-11 01:28:11,829 | INFO | Generating stress/7 (en-US-JasonNeural) to stress_7_en-US-JasonNeural.wav
2025-08-11 01:28:12,063 | INFO | Generating stress/7 (en-US-KaiNeural) to stress_7_en-US-KaiNeural.wav
2025-08-11 01:28:12,507 | INFO | Generating stress/7 (en-US-LunaNeural) to stress_7_en-US-LunaNeural.wav
2025-08-11 01:28:12,961 | INFO | Generating stress/7 (en-US-SaraNeural) to stress_7_en-US-SaraNeural.wav
2025-08-11 01:28:13,239 | INFO | Generating stress/7 (en-US-TonyNeural) to stress_7_en-US-TonyNeural.wav
2025-08-11 01:28:13,472 | INFO | Generating stress/7 (en-US-NancyNeural) to stress_7_en-US-NancyNeural.wav
2025-08-11 01:28:13,714 | INFO | Generating stress/7 (en-US-CoraMultilingualNeural) to stress_7_en-US-CoraMultilingualNeural.wav
2025-08-11 01:28:14,589 | INFO | Generating stress/7 (en-US-ChristopherMultilingualNeural) to stress_7_en-US-ChristopherMultilingualNeural.wav
2025-08-11 01:28:15,439 | INFO | Traceback (most recent call last):
  File "/wekafs/ict/pangj/data/speech_tts/hallucinated_sample_generation/generation/tts_generation.py", line 594, in <module>
    last_minute_requests, start_minute = generate_samples_ssml(t, args.output, completed, last_minute_requests, start_minute, args.n)
  File "/wekafs/ict/pangj/data/speech_tts/hallucinated_sample_generation/generation/tts_generation.py", line 462, in generate_samples_ssml
    success = query_azure(ssml=ssml, output_path=output_path)
  File "/wekafs/ict/pangj/data/speech_tts/hallucinated_sample_generation/generation/tts_generation.py", line 141, in query_azure
    result = azure_synthesizer.speak_ssml_async(ssml).get()
  File "/wekafs/ict/pangj/miniconda3/envs/slm/lib/python3.10/site-packages/azure/cognitiveservices/speech/speech.py", line 612, in get
    result_handle = self.__get_function(self._handle)
  File "/wekafs/ict/pangj/miniconda3/envs/slm/lib/python3.10/site-packages/azure/cognitiveservices/speech/speech.py", line 2533, in resolve_future
    _call_hr_fn(fn=_sdk_lib.synthesizer_speak_async_wait_for, *[handle, max_uint32, ctypes.byref(result_handle)])
  File "/wekafs/ict/pangj/miniconda3/envs/slm/lib/python3.10/site-packages/azure/cognitiveservices/speech/interop.py", line 61, in _call_hr_fn
    hr = fn(*args) if len(args) > 0 else fn()
KeyboardInterrupt
